INFO - 2022-11-28 17:33:00,441 - train_model.py - Loading data from file ../../data/processed/train_50.p...
INFO - 2022-11-28 17:33:22,303 - train_model.py - Loading data from file ../../data/processed/dev_50.p...
INFO - 2022-11-28 17:33:26,782 - train_model.py - Loading data from file ../../data/processed/test_50.p...
INFO - 2022-11-28 17:33:32,024 - utils.py - loading Word2Vec object from ../features/saved_embedding_models/code_embeddings_200.model
INFO - 2022-11-28 17:33:32,176 - utils.py - loading wv recursively from ../features/saved_embedding_models/code_embeddings_200.model.wv.* with mmap=None
INFO - 2022-11-28 17:33:32,176 - utils.py - setting ignored attribute vectors_norm to None
INFO - 2022-11-28 17:33:32,176 - utils.py - loading vocabulary recursively from ../features/saved_embedding_models/code_embeddings_200.model.vocabulary.* with mmap=None
INFO - 2022-11-28 17:33:32,176 - utils.py - loading trainables recursively from ../features/saved_embedding_models/code_embeddings_200.model.trainables.* with mmap=None
INFO - 2022-11-28 17:33:32,176 - utils.py - setting ignored attribute cum_table to None
INFO - 2022-11-28 17:33:32,176 - utils.py - loaded ../features/saved_embedding_models/code_embeddings_200.model
INFO - 2022-11-28 17:33:32,184 - utils.py - loading Word2Vec object from ../features/saved_embedding_models/code_embeddings_400.model
INFO - 2022-11-28 17:33:32,439 - utils.py - loading wv recursively from ../features/saved_embedding_models/code_embeddings_400.model.wv.* with mmap=None
INFO - 2022-11-28 17:33:32,439 - utils.py - setting ignored attribute vectors_norm to None
INFO - 2022-11-28 17:33:32,439 - utils.py - loading vocabulary recursively from ../features/saved_embedding_models/code_embeddings_400.model.vocabulary.* with mmap=None
INFO - 2022-11-28 17:33:32,439 - utils.py - loading trainables recursively from ../features/saved_embedding_models/code_embeddings_400.model.trainables.* with mmap=None
INFO - 2022-11-28 17:33:32,439 - utils.py - setting ignored attribute cum_table to None
INFO - 2022-11-28 17:33:32,439 - utils.py - loaded ../features/saved_embedding_models/code_embeddings_400.model
Using label embeddings to initialize the context matrices
Using label embeddings to initialize the projection matrix
INFO - 2022-11-28 17:33:42,029 - train_model.py - Epoch: [0][0/253]	Time 9.553 (9.553)	Data 0.091 (0.091)	Loss 0.8302 (0.8302)
INFO - 2022-11-28 17:35:16,549 - train_model.py - Epoch: [0][10/253]	Time 9.460 (9.461)	Data 0.100 (0.091)	Loss 0.4343 (0.4781)
INFO - 2022-11-28 17:36:51,015 - train_model.py - Epoch: [0][20/253]	Time 9.514 (9.454)	Data 0.083 (0.089)	Loss 0.3316 (0.4155)
INFO - 2022-11-28 17:38:26,769 - train_model.py - Epoch: [0][30/253]	Time 9.620 (9.493)	Data 0.098 (0.090)	Loss 0.3423 (0.3911)
INFO - 2022-11-28 17:40:02,169 - train_model.py - Epoch: [0][40/253]	Time 9.528 (9.505)	Data 0.102 (0.091)	Loss 0.3242 (0.3740)
INFO - 2022-11-28 17:41:37,541 - train_model.py - Epoch: [0][50/253]	Time 9.516 (9.511)	Data 0.081 (0.091)	Loss 0.2694 (0.3638)
INFO - 2022-11-28 17:43:12,217 - train_model.py - Epoch: [0][60/253]	Time 9.492 (9.504)	Data 0.093 (0.091)	Loss 0.2778 (0.3569)
INFO - 2022-11-28 17:44:46,249 - train_model.py - Epoch: [0][70/253]	Time 9.424 (9.490)	Data 0.090 (0.090)	Loss 0.2719 (0.3495)
INFO - 2022-11-28 17:46:20,823 - train_model.py - Epoch: [0][80/253]	Time 9.458 (9.486)	Data 0.083 (0.090)	Loss 0.2716 (0.3430)
INFO - 2022-11-28 17:47:56,251 - train_model.py - Epoch: [0][90/253]	Time 9.616 (9.492)	Data 0.096 (0.090)	Loss 0.2910 (0.3363)
INFO - 2022-11-28 17:49:31,630 - train_model.py - Epoch: [0][100/253]	Time 9.613 (9.497)	Data 0.097 (0.090)	Loss 0.2761 (0.3312)
INFO - 2022-11-28 17:51:06,929 - train_model.py - Epoch: [0][110/253]	Time 9.501 (9.500)	Data 0.093 (0.090)	Loss 0.2874 (0.3271)
INFO - 2022-11-28 17:52:42,610 - train_model.py - Epoch: [0][120/253]	Time 9.614 (9.505)	Data 0.092 (0.090)	Loss 0.2641 (0.3245)
INFO - 2022-11-28 17:54:17,745 - train_model.py - Epoch: [0][130/253]	Time 9.500 (9.506)	Data 0.085 (0.089)	Loss 0.2899 (0.3212)
INFO - 2022-11-28 17:55:53,129 - train_model.py - Epoch: [0][140/253]	Time 9.604 (9.508)	Data 0.095 (0.089)	Loss 0.2707 (0.3173)
INFO - 2022-11-28 17:57:29,134 - train_model.py - Epoch: [0][150/253]	Time 9.585 (9.514)	Data 0.093 (0.089)	Loss 0.2638 (0.3153)
INFO - 2022-11-28 17:59:04,525 - train_model.py - Epoch: [0][160/253]	Time 9.585 (9.516)	Data 0.092 (0.089)	Loss 0.2484 (0.3117)
INFO - 2022-11-28 18:00:40,423 - train_model.py - Epoch: [0][170/253]	Time 9.539 (9.520)	Data 0.093 (0.089)	Loss 0.2630 (0.3088)
INFO - 2022-11-28 18:02:16,201 - train_model.py - Epoch: [0][180/253]	Time 9.548 (9.523)	Data 0.092 (0.089)	Loss 0.2567 (0.3068)
INFO - 2022-11-28 18:03:51,858 - train_model.py - Epoch: [0][190/253]	Time 9.573 (9.526)	Data 0.101 (0.090)	Loss 0.2647 (0.3051)
INFO - 2022-11-28 18:05:27,097 - train_model.py - Epoch: [0][200/253]	Time 9.528 (9.525)	Data 0.095 (0.090)	Loss 0.3096 (0.3034)
INFO - 2022-11-28 18:07:02,053 - train_model.py - Epoch: [0][210/253]	Time 9.632 (9.524)	Data 0.095 (0.090)	Loss 0.2401 (0.3012)
INFO - 2022-11-28 18:08:38,130 - train_model.py - Epoch: [0][220/253]	Time 9.589 (9.528)	Data 0.088 (0.090)	Loss 0.2375 (0.2995)
INFO - 2022-11-28 18:10:14,329 - train_model.py - Epoch: [0][230/253]	Time 9.800 (9.532)	Data 0.092 (0.090)	Loss 0.2769 (0.2981)
INFO - 2022-11-28 18:11:49,623 - train_model.py - Epoch: [0][240/253]	Time 9.682 (9.532)	Data 0.089 (0.090)	Loss 0.2507 (0.2966)
INFO - 2022-11-28 18:13:25,245 - train_model.py - Epoch: [0][250/253]	Time 9.612 (9.533)	Data 0.086 (0.090)	Loss 0.2791 (0.2953)
Test: [0/50]	Time 0.597 (0.597)	Loss 0.2449 (0.2449)
Test: [10/50]	Time 1.157 (0.957)	Loss 0.2223 (0.2371)
Test: [20/50]	Time 1.463 (1.132)	Loss 0.2392 (0.2434)
Test: [30/50]	Time 1.779 (1.291)	Loss 0.2749 (0.2510)
Test: [40/50]	Time 2.272 (1.469)	Loss 0.3280 (0.2614)
INFO - 2022-11-28 18:15:06,049 - train_model.py - Epoch: [1][0/253]	Time 8.573 (8.573)	Data 0.084 (0.084)	Loss 0.2389 (0.2389)
INFO - 2022-11-28 18:16:40,533 - train_model.py - Epoch: [1][10/253]	Time 9.517 (9.369)	Data 0.089 (0.088)	Loss 0.2662 (0.2509)
INFO - 2022-11-28 18:18:15,108 - train_model.py - Epoch: [1][20/253]	Time 9.462 (9.411)	Data 0.086 (0.090)	Loss 0.2397 (0.2547)
INFO - 2022-11-28 18:19:50,169 - train_model.py - Epoch: [1][30/253]	Time 9.510 (9.442)	Data 0.090 (0.090)	Loss 0.2682 (0.2492)
INFO - 2022-11-28 18:21:25,001 - train_model.py - Epoch: [1][40/253]	Time 9.436 (9.452)	Data 0.089 (0.091)	Loss 0.2590 (0.2486)
INFO - 2022-11-28 18:22:59,705 - train_model.py - Epoch: [1][50/253]	Time 9.475 (9.455)	Data 0.097 (0.091)	Loss 0.2069 (0.2478)
INFO - 2022-11-28 18:24:34,423 - train_model.py - Epoch: [1][60/253]	Time 9.515 (9.458)	Data 0.084 (0.091)	Loss 0.2665 (0.2470)
INFO - 2022-11-28 18:26:09,677 - train_model.py - Epoch: [1][70/253]	Time 9.538 (9.468)	Data 0.102 (0.091)	Loss 0.2485 (0.2453)
INFO - 2022-11-28 18:27:43,533 - train_model.py - Epoch: [1][80/253]	Time 9.536 (9.457)	Data 0.097 (0.091)	Loss 0.2424 (0.2455)
INFO - 2022-11-28 18:29:18,369 - train_model.py - Epoch: [1][90/253]	Time 9.488 (9.460)	Data 0.090 (0.090)	Loss 0.2653 (0.2456)
INFO - 2022-11-28 18:30:53,033 - train_model.py - Epoch: [1][100/253]	Time 9.446 (9.461)	Data 0.098 (0.090)	Loss 0.2417 (0.2446)
INFO - 2022-11-28 18:32:28,088 - train_model.py - Epoch: [1][110/253]	Time 9.492 (9.465)	Data 0.087 (0.090)	Loss 0.2767 (0.2430)
INFO - 2022-11-28 18:34:02,769 - train_model.py - Epoch: [1][120/253]	Time 9.494 (9.465)	Data 0.083 (0.090)	Loss 0.2129 (0.2417)
INFO - 2022-11-28 18:35:37,509 - train_model.py - Epoch: [1][130/253]	Time 9.496 (9.466)	Data 0.079 (0.090)	Loss 0.2334 (0.2421)
INFO - 2022-11-28 18:37:12,053 - train_model.py - Epoch: [1][140/253]	Time 9.456 (9.465)	Data 0.084 (0.090)	Loss 0.2429 (0.2411)
INFO - 2022-11-28 18:38:46,615 - train_model.py - Epoch: [1][150/253]	Time 9.458 (9.464)	Data 0.085 (0.090)	Loss 0.2151 (0.2410)
INFO - 2022-11-28 18:40:21,589 - train_model.py - Epoch: [1][160/253]	Time 9.554 (9.467)	Data 0.089 (0.090)	Loss 0.2454 (0.2410)
INFO - 2022-11-28 18:41:56,801 - train_model.py - Epoch: [1][170/253]	Time 9.524 (9.470)	Data 0.084 (0.090)	Loss 0.1932 (0.2409)
INFO - 2022-11-28 18:43:31,533 - train_model.py - Epoch: [1][180/253]	Time 9.424 (9.470)	Data 0.098 (0.090)	Loss 0.2496 (0.2410)
INFO - 2022-11-28 18:45:05,309 - train_model.py - Epoch: [1][190/253]	Time 9.710 (9.465)	Data 0.095 (0.090)	Loss 0.2311 (0.2401)
INFO - 2022-11-28 18:46:39,789 - train_model.py - Epoch: [1][200/253]	Time 9.549 (9.464)	Data 0.089 (0.089)	Loss 0.2130 (0.2390)
INFO - 2022-11-28 18:48:14,509 - train_model.py - Epoch: [1][210/253]	Time 9.426 (9.465)	Data 0.098 (0.090)	Loss 0.2428 (0.2383)
INFO - 2022-11-28 18:49:49,277 - train_model.py - Epoch: [1][220/253]	Time 9.404 (9.465)	Data 0.092 (0.090)	Loss 0.2362 (0.2380)
INFO - 2022-11-28 18:51:23,871 - train_model.py - Epoch: [1][230/253]	Time 9.446 (9.465)	Data 0.096 (0.090)	Loss 0.1855 (0.2373)
INFO - 2022-11-28 18:52:58,643 - train_model.py - Epoch: [1][240/253]	Time 9.506 (9.465)	Data 0.097 (0.090)	Loss 0.2691 (0.2366)
INFO - 2022-11-28 18:54:32,985 - train_model.py - Epoch: [1][250/253]	Time 9.532 (9.464)	Data 0.096 (0.090)	Loss 0.2251 (0.2362)
Test: [0/50]	Time 0.600 (0.600)	Loss 0.2033 (0.2033)
Test: [10/50]	Time 1.151 (0.956)	Loss 0.1805 (0.1908)
Test: [20/50]	Time 1.452 (1.130)	Loss 0.1944 (0.1968)
Test: [30/50]	Time 1.784 (1.290)	Loss 0.2220 (0.2052)
Test: [40/50]	Time 2.255 (1.465)	Loss 0.2654 (0.2137)
INFO - 2022-11-28 18:56:13,891 - train_model.py - Epoch: [2][0/253]	Time 8.413 (8.413)	Data 0.100 (0.100)	Loss 0.2257 (0.2257)
INFO - 2022-11-28 18:57:48,005 - train_model.py - Epoch: [2][10/253]	Time 9.328 (9.321)	Data 0.091 (0.091)	Loss 0.2121 (0.2131)
INFO - 2022-11-28 18:59:23,363 - train_model.py - Epoch: [2][20/253]	Time 9.523 (9.423)	Data 0.092 (0.091)	Loss 0.2188 (0.2134)
INFO - 2022-11-28 19:00:58,439 - train_model.py - Epoch: [2][30/253]	Time 9.447 (9.450)	Data 0.088 (0.091)	Loss 0.2330 (0.2146)
INFO - 2022-11-28 19:02:33,449 - train_model.py - Epoch: [2][40/253]	Time 9.540 (9.463)	Data 0.092 (0.092)	Loss 0.2702 (0.2151)
INFO - 2022-11-28 19:04:08,313 - train_model.py - Epoch: [2][50/253]	Time 9.484 (9.467)	Data 0.089 (0.091)	Loss 0.2415 (0.2144)
INFO - 2022-11-28 19:05:42,768 - train_model.py - Epoch: [2][60/253]	Time 9.371 (9.464)	Data 0.081 (0.091)	Loss 0.2111 (0.2162)
INFO - 2022-11-28 19:07:17,373 - train_model.py - Epoch: [2][70/253]	Time 9.492 (9.463)	Data 0.089 (0.090)	Loss 0.2289 (0.2165)
INFO - 2022-11-28 19:08:51,808 - train_model.py - Epoch: [2][80/253]	Time 9.449 (9.461)	Data 0.090 (0.090)	Loss 0.2350 (0.2182)
INFO - 2022-11-28 19:10:26,399 - train_model.py - Epoch: [2][90/253]	Time 9.493 (9.461)	Data 0.090 (0.091)	Loss 0.1970 (0.2174)
INFO - 2022-11-28 19:12:01,270 - train_model.py - Epoch: [2][100/253]	Time 9.461 (9.463)	Data 0.090 (0.090)	Loss 0.2016 (0.2155)
INFO - 2022-11-28 19:13:36,097 - train_model.py - Epoch: [2][110/253]	Time 9.495 (9.465)	Data 0.087 (0.090)	Loss 0.2067 (0.2150)
INFO - 2022-11-28 19:15:10,661 - train_model.py - Epoch: [2][120/253]	Time 9.458 (9.464)	Data 0.094 (0.090)	Loss 0.2153 (0.2144)
INFO - 2022-11-28 19:16:45,533 - train_model.py - Epoch: [2][130/253]	Time 9.500 (9.466)	Data 0.103 (0.090)	Loss 0.2464 (0.2142)
INFO - 2022-11-28 19:18:20,158 - train_model.py - Epoch: [2][140/253]	Time 9.433 (9.466)	Data 0.086 (0.090)	Loss 0.2365 (0.2141)
INFO - 2022-11-28 19:19:54,689 - train_model.py - Epoch: [2][150/253]	Time 9.485 (9.465)	Data 0.087 (0.090)	Loss 0.2146 (0.2145)
INFO - 2022-11-28 19:21:29,485 - train_model.py - Epoch: [2][160/253]	Time 9.517 (9.466)	Data 0.095 (0.090)	Loss 0.2627 (0.2146)
INFO - 2022-11-28 19:23:03,729 - train_model.py - Epoch: [2][170/253]	Time 9.484 (9.463)	Data 0.085 (0.090)	Loss 0.1728 (0.2143)
INFO - 2022-11-28 19:24:38,437 - train_model.py - Epoch: [2][180/253]	Time 9.472 (9.464)	Data 0.076 (0.090)	Loss 0.1895 (0.2136)
INFO - 2022-11-28 19:26:12,321 - train_model.py - Epoch: [2][190/253]	Time 9.421 (9.460)	Data 0.096 (0.090)	Loss 0.2076 (0.2130)
INFO - 2022-11-28 19:27:46,533 - train_model.py - Epoch: [2][200/253]	Time 9.394 (9.458)	Data 0.096 (0.090)	Loss 0.2234 (0.2122)
INFO - 2022-11-28 19:29:20,535 - train_model.py - Epoch: [2][210/253]	Time 9.478 (9.455)	Data 0.090 (0.090)	Loss 0.2091 (0.2120)
INFO - 2022-11-28 19:30:55,111 - train_model.py - Epoch: [2][220/253]	Time 9.433 (9.455)	Data 0.092 (0.090)	Loss 0.2241 (0.2119)
INFO - 2022-11-28 19:32:29,446 - train_model.py - Epoch: [2][230/253]	Time 9.406 (9.454)	Data 0.095 (0.090)	Loss 0.2155 (0.2116)
INFO - 2022-11-28 19:34:03,551 - train_model.py - Epoch: [2][240/253]	Time 9.417 (9.453)	Data 0.093 (0.090)	Loss 0.2316 (0.2114)
INFO - 2022-11-28 19:35:37,790 - train_model.py - Epoch: [2][250/253]	Time 9.405 (9.451)	Data 0.096 (0.090)	Loss 0.2214 (0.2116)
Test: [0/50]	Time 0.593 (0.593)	Loss 0.2084 (0.2084)
Test: [10/50]	Time 1.145 (0.946)	Loss 0.1659 (0.1820)
Test: [20/50]	Time 1.450 (1.123)	Loss 0.1716 (0.1841)
Test: [30/50]	Time 1.775 (1.283)	Loss 0.2088 (0.1903)
Test: [40/50]	Time 2.246 (1.460)	Loss 0.2441 (0.1982)
INFO - 2022-11-28 19:37:17,292 - train_model.py - Epoch: [3][0/253]	Time 8.329 (8.329)	Data 0.086 (0.086)	Loss 0.1941 (0.1941)
INFO - 2022-11-28 19:38:50,381 - train_model.py - Epoch: [3][10/253]	Time 9.450 (9.220)	Data 0.090 (0.090)	Loss 0.2049 (0.1991)
INFO - 2022-11-28 19:40:24,321 - train_model.py - Epoch: [3][20/253]	Time 9.428 (9.303)	Data 0.087 (0.090)	Loss 0.2016 (0.1948)
INFO - 2022-11-28 19:41:58,073 - train_model.py - Epoch: [3][30/253]	Time 9.266 (9.326)	Data 0.093 (0.091)	Loss 0.2089 (0.1979)
INFO - 2022-11-28 19:43:32,445 - train_model.py - Epoch: [3][40/253]	Time 9.439 (9.353)	Data 0.089 (0.090)	Loss 0.2178 (0.1982)
INFO - 2022-11-28 19:45:06,458 - train_model.py - Epoch: [3][50/253]	Time 9.418 (9.363)	Data 0.088 (0.090)	Loss 0.1976 (0.1980)
INFO - 2022-11-28 19:46:40,975 - train_model.py - Epoch: [3][60/253]	Time 9.472 (9.377)	Data 0.084 (0.090)	Loss 0.1886 (0.1972)
INFO - 2022-11-28 19:48:15,393 - train_model.py - Epoch: [3][70/253]	Time 9.364 (9.386)	Data 0.106 (0.090)	Loss 0.1862 (0.1968)
INFO - 2022-11-28 19:49:49,397 - train_model.py - Epoch: [3][80/253]	Time 9.397 (9.388)	Data 0.094 (0.090)	Loss 0.2069 (0.1971)
INFO - 2022-11-28 19:51:23,005 - train_model.py - Epoch: [3][90/253]	Time 9.617 (9.385)	Data 0.084 (0.090)	Loss 0.2000 (0.1977)
INFO - 2022-11-28 19:52:57,370 - train_model.py - Epoch: [3][100/253]	Time 9.405 (9.390)	Data 0.093 (0.090)	Loss 0.2339 (0.1973)
INFO - 2022-11-28 19:54:31,618 - train_model.py - Epoch: [3][110/253]	Time 9.481 (9.393)	Data 0.085 (0.090)	Loss 0.1675 (0.1985)
INFO - 2022-11-28 19:56:05,533 - train_model.py - Epoch: [3][120/253]	Time 9.404 (9.393)	Data 0.095 (0.090)	Loss 0.1893 (0.1990)
INFO - 2022-11-28 19:57:39,613 - train_model.py - Epoch: [3][130/253]	Time 9.428 (9.394)	Data 0.089 (0.090)	Loss 0.1855 (0.1988)
INFO - 2022-11-28 19:59:13,781 - train_model.py - Epoch: [3][140/253]	Time 9.463 (9.396)	Data 0.097 (0.090)	Loss 0.2424 (0.1992)
INFO - 2022-11-28 20:00:47,953 - train_model.py - Epoch: [3][150/253]	Time 9.382 (9.397)	Data 0.091 (0.090)	Loss 0.2166 (0.1999)
INFO - 2022-11-28 20:02:22,025 - train_model.py - Epoch: [3][160/253]	Time 9.383 (9.398)	Data 0.088 (0.090)	Loss 0.2018 (0.1989)
INFO - 2022-11-28 20:03:56,105 - train_model.py - Epoch: [3][170/253]	Time 9.464 (9.398)	Data 0.093 (0.090)	Loss 0.2232 (0.1992)
INFO - 2022-11-28 20:05:30,536 - train_model.py - Epoch: [3][180/253]	Time 9.447 (9.401)	Data 0.083 (0.090)	Loss 0.1818 (0.1984)
INFO - 2022-11-28 20:07:04,777 - train_model.py - Epoch: [3][190/253]	Time 9.406 (9.402)	Data 0.096 (0.090)	Loss 0.2042 (0.1984)
INFO - 2022-11-28 20:08:38,910 - train_model.py - Epoch: [3][200/253]	Time 9.377 (9.403)	Data 0.086 (0.090)	Loss 0.1636 (0.1989)
INFO - 2022-11-28 20:10:12,565 - train_model.py - Epoch: [3][210/253]	Time 9.348 (9.401)	Data 0.095 (0.090)	Loss 0.1644 (0.1992)
INFO - 2022-11-28 20:11:46,153 - train_model.py - Epoch: [3][220/253]	Time 9.333 (9.399)	Data 0.091 (0.090)	Loss 0.2295 (0.1993)
INFO - 2022-11-28 20:13:20,421 - train_model.py - Epoch: [3][230/253]	Time 9.480 (9.400)	Data 0.093 (0.090)	Loss 0.2060 (0.1995)
INFO - 2022-11-28 20:14:54,625 - train_model.py - Epoch: [3][240/253]	Time 9.431 (9.401)	Data 0.093 (0.090)	Loss 0.1954 (0.1990)
INFO - 2022-11-28 20:16:28,189 - train_model.py - Epoch: [3][250/253]	Time 9.356 (9.399)	Data 0.082 (0.090)	Loss 0.1827 (0.1989)
Test: [0/50]	Time 0.619 (0.619)	Loss 0.2041 (0.2041)
Test: [10/50]	Time 1.145 (0.946)	Loss 0.1535 (0.1881)
Test: [20/50]	Time 1.448 (1.122)	Loss 0.1786 (0.1908)
Test: [30/50]	Time 1.780 (1.283)	Loss 0.2089 (0.1948)
Test: [40/50]	Time 2.258 (1.460)	Loss 0.2290 (0.2021)
INFO - 2022-11-28 20:18:08,357 - train_model.py - Epoch: [4][0/253]	Time 8.365 (8.365)	Data 0.089 (0.089)	Loss 0.2094 (0.2094)
INFO - 2022-11-28 20:19:40,549 - train_model.py - Epoch: [4][10/253]	Time 9.489 (9.142)	Data 0.094 (0.089)	Loss 0.1694 (0.1985)
INFO - 2022-11-28 20:21:15,945 - train_model.py - Epoch: [4][20/253]	Time 9.524 (9.331)	Data 0.103 (0.092)	Loss 0.1939 (0.2004)
INFO - 2022-11-28 20:22:50,829 - train_model.py - Epoch: [4][30/253]	Time 9.404 (9.382)	Data 0.088 (0.091)	Loss 0.1661 (0.1946)
INFO - 2022-11-28 20:24:25,037 - train_model.py - Epoch: [4][40/253]	Time 9.420 (9.391)	Data 0.091 (0.090)	Loss 0.1856 (0.1941)
INFO - 2022-11-28 20:25:59,345 - train_model.py - Epoch: [4][50/253]	Time 9.456 (9.399)	Data 0.101 (0.090)	Loss 0.1973 (0.1935)
INFO - 2022-11-28 20:27:33,589 - train_model.py - Epoch: [4][60/253]	Time 9.400 (9.403)	Data 0.084 (0.090)	Loss 0.1695 (0.1914)
INFO - 2022-11-28 20:29:08,174 - train_model.py - Epoch: [4][70/253]	Time 9.437 (9.411)	Data 0.086 (0.090)	Loss 0.1795 (0.1896)
INFO - 2022-11-28 20:30:42,405 - train_model.py - Epoch: [4][80/253]	Time 9.392 (9.413)	Data 0.077 (0.091)	Loss 0.1944 (0.1910)
INFO - 2022-11-28 20:32:16,529 - train_model.py - Epoch: [4][90/253]	Time 9.360 (9.412)	Data 0.087 (0.090)	Loss 0.1765 (0.1897)
INFO - 2022-11-28 20:33:50,253 - train_model.py - Epoch: [4][100/253]	Time 9.383 (9.409)	Data 0.098 (0.090)	Loss 0.1909 (0.1889)
INFO - 2022-11-28 20:35:24,060 - train_model.py - Epoch: [4][110/253]	Time 9.336 (9.406)	Data 0.082 (0.090)	Loss 0.1807 (0.1891)
INFO - 2022-11-28 20:36:58,189 - train_model.py - Epoch: [4][120/253]	Time 9.399 (9.407)	Data 0.083 (0.090)	Loss 0.1774 (0.1899)
INFO - 2022-11-28 20:38:31,893 - train_model.py - Epoch: [4][130/253]	Time 9.360 (9.404)	Data 0.088 (0.089)	Loss 0.1376 (0.1895)
INFO - 2022-11-28 20:40:05,829 - train_model.py - Epoch: [4][140/253]	Time 9.376 (9.403)	Data 0.085 (0.089)	Loss 0.1844 (0.1890)
INFO - 2022-11-28 20:41:39,534 - train_model.py - Epoch: [4][150/253]	Time 9.488 (9.401)	Data 0.092 (0.089)	Loss 0.1601 (0.1887)
INFO - 2022-11-28 20:43:14,057 - train_model.py - Epoch: [4][160/253]	Time 9.528 (9.404)	Data 0.094 (0.090)	Loss 0.1902 (0.1890)
INFO - 2022-11-28 20:44:48,195 - train_model.py - Epoch: [4][170/253]	Time 9.335 (9.405)	Data 0.087 (0.090)	Loss 0.1919 (0.1890)
INFO - 2022-11-28 20:46:22,017 - train_model.py - Epoch: [4][180/253]	Time 9.388 (9.403)	Data 0.089 (0.090)	Loss 0.1713 (0.1890)
INFO - 2022-11-28 20:47:55,957 - train_model.py - Epoch: [4][190/253]	Time 9.370 (9.403)	Data 0.087 (0.090)	Loss 0.2018 (0.1887)
INFO - 2022-11-28 20:49:29,924 - train_model.py - Epoch: [4][200/253]	Time 9.479 (9.403)	Data 0.085 (0.090)	Loss 0.1463 (0.1890)
INFO - 2022-11-28 20:51:03,657 - train_model.py - Epoch: [4][210/253]	Time 9.373 (9.401)	Data 0.084 (0.089)	Loss 0.2060 (0.1891)
INFO - 2022-11-28 20:52:37,759 - train_model.py - Epoch: [4][220/253]	Time 9.413 (9.402)	Data 0.085 (0.090)	Loss 0.1786 (0.1891)
INFO - 2022-11-28 20:54:11,691 - train_model.py - Epoch: [4][230/253]	Time 9.426 (9.401)	Data 0.100 (0.090)	Loss 0.2323 (0.1892)
INFO - 2022-11-28 20:55:45,165 - train_model.py - Epoch: [4][240/253]	Time 9.440 (9.399)	Data 0.088 (0.090)	Loss 0.1913 (0.1896)
INFO - 2022-11-28 20:57:18,673 - train_model.py - Epoch: [4][250/253]	Time 9.391 (9.397)	Data 0.089 (0.090)	Loss 0.2007 (0.1898)
Test: [0/50]	Time 0.628 (0.628)	Loss 0.2342 (0.2342)
Test: [10/50]	Time 1.149 (0.954)	Loss 0.1581 (0.1878)
Test: [20/50]	Time 1.452 (1.128)	Loss 0.1671 (0.1879)
Test: [30/50]	Time 1.772 (1.286)	Loss 0.1882 (0.1918)
Test: [40/50]	Time 2.251 (1.462)	Loss 0.2346 (0.1984)
INFO - 2022-11-28 20:58:58,393 - train_model.py - Epoch: [5][0/253]	Time 8.354 (8.354)	Data 0.090 (0.090)	Loss 0.1604 (0.1604)
INFO - 2022-11-28 21:00:31,453 - train_model.py - Epoch: [5][10/253]	Time 9.297 (9.220)	Data 0.093 (0.088)	Loss 0.1782 (0.1865)
INFO - 2022-11-28 21:02:06,091 - train_model.py - Epoch: [5][20/253]	Time 9.467 (9.336)	Data 0.085 (0.087)	Loss 0.1576 (0.1801)
INFO - 2022-11-28 21:03:40,578 - train_model.py - Epoch: [5][30/253]	Time 9.596 (9.372)	Data 0.092 (0.088)	Loss 0.2213 (0.1812)
INFO - 2022-11-28 21:05:14,921 - train_model.py - Epoch: [5][40/253]	Time 9.488 (9.387)	Data 0.089 (0.088)	Loss 0.1809 (0.1828)
INFO - 2022-11-28 21:06:49,549 - train_model.py - Epoch: [5][50/253]	Time 9.430 (9.402)	Data 0.081 (0.089)	Loss 0.1453 (0.1819)
INFO - 2022-11-28 21:08:24,057 - train_model.py - Epoch: [5][60/253]	Time 9.420 (9.410)	Data 0.088 (0.089)	Loss 0.1558 (0.1806)
INFO - 2022-11-28 21:09:58,408 - train_model.py - Epoch: [5][70/253]	Time 9.400 (9.414)	Data 0.095 (0.089)	Loss 0.2334 (0.1808)
INFO - 2022-11-28 21:11:32,513 - train_model.py - Epoch: [5][80/253]	Time 9.397 (9.413)	Data 0.084 (0.089)	Loss 0.1935 (0.1806)
INFO - 2022-11-28 21:13:07,017 - train_model.py - Epoch: [5][90/253]	Time 9.436 (9.417)	Data 0.083 (0.088)	Loss 0.1636 (0.1794)
INFO - 2022-11-28 21:14:40,669 - train_model.py - Epoch: [5][100/253]	Time 9.572 (9.412)	Data 0.094 (0.088)	Loss 0.1933 (0.1794)
INFO - 2022-11-28 21:16:14,729 - train_model.py - Epoch: [5][110/253]	Time 9.420 (9.412)	Data 0.096 (0.089)	Loss 0.1955 (0.1797)
INFO - 2022-11-28 21:17:48,909 - train_model.py - Epoch: [5][120/253]	Time 9.466 (9.412)	Data 0.086 (0.089)	Loss 0.1813 (0.1805)
INFO - 2022-11-28 21:19:22,933 - train_model.py - Epoch: [5][130/253]	Time 9.484 (9.411)	Data 0.086 (0.089)	Loss 0.1784 (0.1805)
INFO - 2022-11-28 21:20:57,257 - train_model.py - Epoch: [5][140/253]	Time 9.450 (9.413)	Data 0.098 (0.089)	Loss 0.1833 (0.1813)
INFO - 2022-11-28 21:22:31,569 - train_model.py - Epoch: [5][150/253]	Time 9.452 (9.414)	Data 0.089 (0.089)	Loss 0.1784 (0.1810)
INFO - 2022-11-28 21:24:05,529 - train_model.py - Epoch: [5][160/253]	Time 9.384 (9.413)	Data 0.099 (0.089)	Loss 0.1862 (0.1807)
INFO - 2022-11-28 21:25:38,441 - train_model.py - Epoch: [5][170/253]	Time 9.479 (9.406)	Data 0.103 (0.089)	Loss 0.1748 (0.1802)
INFO - 2022-11-28 21:27:12,561 - train_model.py - Epoch: [5][180/253]	Time 9.356 (9.406)	Data 0.096 (0.090)	Loss 0.1725 (0.1809)
INFO - 2022-11-28 21:28:46,346 - train_model.py - Epoch: [5][190/253]	Time 9.414 (9.405)	Data 0.089 (0.090)	Loss 0.1995 (0.1808)
INFO - 2022-11-28 21:30:20,241 - train_model.py - Epoch: [5][200/253]	Time 9.365 (9.404)	Data 0.090 (0.090)	Loss 0.2118 (0.1815)
INFO - 2022-11-28 21:31:54,161 - train_model.py - Epoch: [5][210/253]	Time 9.504 (9.403)	Data 0.101 (0.090)	Loss 0.2092 (0.1817)
INFO - 2022-11-28 21:33:27,329 - train_model.py - Epoch: [5][220/253]	Time 9.096 (9.400)	Data 0.085 (0.090)	Loss 0.1737 (0.1812)
INFO - 2022-11-28 21:35:01,130 - train_model.py - Epoch: [5][230/253]	Time 9.569 (9.399)	Data 0.087 (0.090)	Loss 0.1938 (0.1812)
INFO - 2022-11-28 21:36:35,389 - train_model.py - Epoch: [5][240/253]	Time 9.420 (9.400)	Data 0.090 (0.090)	Loss 0.1812 (0.1811)
INFO - 2022-11-28 21:38:09,301 - train_model.py - Epoch: [5][250/253]	Time 9.422 (9.399)	Data 0.084 (0.090)	Loss 0.2022 (0.1812)
Test: [0/50]	Time 0.639 (0.639)	Loss 0.2185 (0.2185)
Test: [10/50]	Time 1.181 (0.966)	Loss 0.1387 (0.1797)
Test: [20/50]	Time 1.458 (1.138)	Loss 0.1628 (0.1801)
Test: [30/50]	Time 1.806 (1.298)	Loss 0.1888 (0.1841)
Test: [40/50]	Time 2.252 (1.472)	Loss 0.2253 (0.1919)
INFO - 2022-11-28 21:39:49,656 - train_model.py - Epoch: [6][0/253]	Time 8.337 (8.337)	Data 0.090 (0.090)	Loss 0.1523 (0.1523)
INFO - 2022-11-28 21:41:23,354 - train_model.py - Epoch: [6][10/253]	Time 9.328 (9.276)	Data 0.093 (0.092)	Loss 0.1855 (0.1723)
INFO - 2022-11-28 21:42:58,023 - train_model.py - Epoch: [6][20/253]	Time 9.435 (9.367)	Data 0.088 (0.092)	Loss 0.1752 (0.1744)
INFO - 2022-11-28 21:44:32,424 - train_model.py - Epoch: [6][30/253]	Time 9.418 (9.390)	Data 0.080 (0.091)	Loss 0.1829 (0.1767)
INFO - 2022-11-28 21:46:06,649 - train_model.py - Epoch: [6][40/253]	Time 9.476 (9.398)	Data 0.095 (0.092)	Loss 0.1814 (0.1734)
INFO - 2022-11-28 21:47:41,119 - train_model.py - Epoch: [6][50/253]	Time 9.421 (9.408)	Data 0.075 (0.091)	Loss 0.1689 (0.1722)
INFO - 2022-11-28 21:49:15,749 - train_model.py - Epoch: [6][60/253]	Time 9.476 (9.417)	Data 0.088 (0.091)	Loss 0.1350 (0.1710)
INFO - 2022-11-28 21:50:50,248 - train_model.py - Epoch: [6][70/253]	Time 9.421 (9.422)	Data 0.081 (0.090)	Loss 0.1920 (0.1709)
INFO - 2022-11-28 21:52:24,901 - train_model.py - Epoch: [6][80/253]	Time 9.443 (9.427)	Data 0.096 (0.090)	Loss 0.1900 (0.1715)
INFO - 2022-11-28 21:53:58,957 - train_model.py - Epoch: [6][90/253]	Time 9.316 (9.425)	Data 0.092 (0.090)	Loss 0.1616 (0.1713)
INFO - 2022-11-28 21:55:33,125 - train_model.py - Epoch: [6][100/253]	Time 9.392 (9.424)	Data 0.083 (0.090)	Loss 0.1420 (0.1704)
INFO - 2022-11-28 21:57:07,206 - train_model.py - Epoch: [6][110/253]	Time 9.374 (9.422)	Data 0.093 (0.090)	Loss 0.2055 (0.1698)
INFO - 2022-11-28 21:58:41,781 - train_model.py - Epoch: [6][120/253]	Time 9.420 (9.425)	Data 0.102 (0.090)	Loss 0.2118 (0.1712)
INFO - 2022-11-28 22:00:15,321 - train_model.py - Epoch: [6][130/253]	Time 9.344 (9.420)	Data 0.083 (0.090)	Loss 0.1925 (0.1717)
INFO - 2022-11-28 22:01:49,247 - train_model.py - Epoch: [6][140/253]	Time 9.549 (9.418)	Data 0.088 (0.090)	Loss 0.1627 (0.1715)
INFO - 2022-11-28 22:03:22,701 - train_model.py - Epoch: [6][150/253]	Time 9.453 (9.413)	Data 0.090 (0.090)	Loss 0.1496 (0.1718)
INFO - 2022-11-28 22:04:56,397 - train_model.py - Epoch: [6][160/253]	Time 9.351 (9.410)	Data 0.093 (0.090)	Loss 0.1852 (0.1720)
INFO - 2022-11-28 22:06:29,825 - train_model.py - Epoch: [6][170/253]	Time 9.338 (9.406)	Data 0.088 (0.090)	Loss 0.1655 (0.1722)
INFO - 2022-11-28 22:08:03,505 - train_model.py - Epoch: [6][180/253]	Time 9.461 (9.404)	Data 0.099 (0.090)	Loss 0.1898 (0.1723)
INFO - 2022-11-28 22:09:37,546 - train_model.py - Epoch: [6][190/253]	Time 9.442 (9.404)	Data 0.090 (0.090)	Loss 0.1670 (0.1724)
INFO - 2022-11-28 22:11:11,250 - train_model.py - Epoch: [6][200/253]	Time 9.393 (9.403)	Data 0.096 (0.090)	Loss 0.1916 (0.1727)
INFO - 2022-11-28 22:12:44,666 - train_model.py - Epoch: [6][210/253]	Time 9.285 (9.400)	Data 0.088 (0.090)	Loss 0.1998 (0.1731)
INFO - 2022-11-28 22:14:17,821 - train_model.py - Epoch: [6][220/253]	Time 9.392 (9.396)	Data 0.085 (0.090)	Loss 0.1763 (0.1736)
INFO - 2022-11-28 22:15:50,877 - train_model.py - Epoch: [6][230/253]	Time 9.424 (9.392)	Data 0.096 (0.090)	Loss 0.1624 (0.1740)
INFO - 2022-11-28 22:17:25,085 - train_model.py - Epoch: [6][240/253]	Time 9.418 (9.393)	Data 0.085 (0.090)	Loss 0.1612 (0.1740)
INFO - 2022-11-28 22:18:58,893 - train_model.py - Epoch: [6][250/253]	Time 9.324 (9.393)	Data 0.076 (0.090)	Loss 0.1558 (0.1744)
Test: [0/50]	Time 0.594 (0.594)	Loss 0.2068 (0.2068)
Test: [10/50]	Time 1.143 (0.944)	Loss 0.1505 (0.1728)
Test: [20/50]	Time 1.449 (1.122)	Loss 0.1461 (0.1733)
Test: [30/50]	Time 1.771 (1.281)	Loss 0.1874 (0.1797)
Test: [40/50]	Time 2.252 (1.458)	Loss 0.2286 (0.1880)
INFO - 2022-11-28 22:20:37,977 - train_model.py - Epoch: [7][0/253]	Time 8.414 (8.414)	Data 0.097 (0.097)	Loss 0.1602 (0.1602)
INFO - 2022-11-28 22:22:11,145 - train_model.py - Epoch: [7][10/253]	Time 9.385 (9.235)	Data 0.094 (0.089)	Loss 0.1749 (0.1692)
INFO - 2022-11-28 22:23:44,977 - train_model.py - Epoch: [7][20/253]	Time 9.496 (9.305)	Data 0.088 (0.088)	Loss 0.1634 (0.1679)
INFO - 2022-11-28 22:25:19,041 - train_model.py - Epoch: [7][30/253]	Time 9.432 (9.338)	Data 0.099 (0.089)	Loss 0.1840 (0.1667)
INFO - 2022-11-28 22:26:53,429 - train_model.py - Epoch: [7][40/253]	Time 9.444 (9.363)	Data 0.089 (0.089)	Loss 0.1693 (0.1661)
INFO - 2022-11-28 22:28:27,573 - train_model.py - Epoch: [7][50/253]	Time 9.424 (9.373)	Data 0.088 (0.089)	Loss 0.1364 (0.1634)
INFO - 2022-11-28 22:30:01,173 - train_model.py - Epoch: [7][60/253]	Time 9.420 (9.371)	Data 0.088 (0.089)	Loss 0.1547 (0.1644)
INFO - 2022-11-28 22:31:35,222 - train_model.py - Epoch: [7][70/253]	Time 9.332 (9.375)	Data 0.087 (0.090)	Loss 0.1584 (0.1636)
INFO - 2022-11-28 22:33:09,193 - train_model.py - Epoch: [7][80/253]	Time 9.418 (9.378)	Data 0.078 (0.090)	Loss 0.1208 (0.1641)
INFO - 2022-11-28 22:34:43,177 - train_model.py - Epoch: [7][90/253]	Time 9.427 (9.380)	Data 0.099 (0.090)	Loss 0.1751 (0.1638)
INFO - 2022-11-28 22:36:17,053 - train_model.py - Epoch: [7][100/253]	Time 9.400 (9.381)	Data 0.083 (0.090)	Loss 0.1208 (0.1639)
INFO - 2022-11-28 22:37:51,285 - train_model.py - Epoch: [7][110/253]	Time 9.414 (9.385)	Data 0.095 (0.090)	Loss 0.1812 (0.1644)
INFO - 2022-11-28 22:39:25,843 - train_model.py - Epoch: [7][120/253]	Time 9.534 (9.391)	Data 0.095 (0.090)	Loss 0.1612 (0.1651)
INFO - 2022-11-28 22:40:59,045 - train_model.py - Epoch: [7][130/253]	Time 9.436 (9.385)	Data 0.094 (0.090)	Loss 0.1491 (0.1651)
INFO - 2022-11-28 22:42:32,779 - train_model.py - Epoch: [7][140/253]	Time 9.348 (9.385)	Data 0.085 (0.090)	Loss 0.1766 (0.1655)
INFO - 2022-11-28 22:44:06,416 - train_model.py - Epoch: [7][150/253]	Time 9.356 (9.383)	Data 0.085 (0.090)	Loss 0.1745 (0.1662)
INFO - 2022-11-28 22:45:39,918 - train_model.py - Epoch: [7][160/253]	Time 9.360 (9.381)	Data 0.093 (0.090)	Loss 0.1839 (0.1673)
INFO - 2022-11-28 22:47:13,539 - train_model.py - Epoch: [7][170/253]	Time 9.290 (9.380)	Data 0.082 (0.090)	Loss 0.1458 (0.1677)
INFO - 2022-11-28 22:48:46,585 - train_model.py - Epoch: [7][180/253]	Time 9.362 (9.376)	Data 0.083 (0.090)	Loss 0.1640 (0.1679)
INFO - 2022-11-28 22:50:19,893 - train_model.py - Epoch: [7][190/253]	Time 9.301 (9.373)	Data 0.084 (0.090)	Loss 0.1572 (0.1679)
INFO - 2022-11-28 22:51:53,372 - train_model.py - Epoch: [7][200/253]	Time 9.457 (9.372)	Data 0.092 (0.090)	Loss 0.2042 (0.1679)
INFO - 2022-11-28 22:53:27,033 - train_model.py - Epoch: [7][210/253]	Time 9.345 (9.372)	Data 0.083 (0.090)	Loss 0.1600 (0.1679)
INFO - 2022-11-28 22:55:00,829 - train_model.py - Epoch: [7][220/253]	Time 9.408 (9.372)	Data 0.099 (0.090)	Loss 0.1835 (0.1680)
INFO - 2022-11-28 22:56:34,789 - train_model.py - Epoch: [7][230/253]	Time 9.392 (9.373)	Data 0.085 (0.090)	Loss 0.1565 (0.1678)
INFO - 2022-11-28 22:58:08,917 - train_model.py - Epoch: [7][240/253]	Time 9.421 (9.375)	Data 0.091 (0.090)	Loss 0.1753 (0.1678)
INFO - 2022-11-28 22:59:42,757 - train_model.py - Epoch: [7][250/253]	Time 9.332 (9.375)	Data 0.095 (0.090)	Loss 0.1670 (0.1681)
Test: [0/50]	Time 0.585 (0.585)	Loss 0.1995 (0.1995)
Test: [10/50]	Time 10.828 (4.576)	Loss 0.1492 (0.1779)
Test: [20/50]	Time 11.859 (7.573)	Loss 0.1475 (0.1781)
Test: [30/50]	Time 12.738 (8.881)	Loss 0.2051 (0.1837)
Test: [40/50]	Time 12.680 (9.935)	Loss 0.2377 (0.1919)
INFO - 2022-11-28 23:14:27,609 - train_model.py - Epoch: [8][0/253]	Time 59.132 (59.132)	Data 0.089 (0.089)	Loss 0.1348 (0.1348)
INFO - 2022-11-28 23:25:34,097 - train_model.py - Epoch: [8][10/253]	Time 57.257 (65.965)	Data 0.097 (0.099)	Loss 0.1765 (0.1508)
INFO - 2022-11-28 23:48:06,539 - train_model.py - Epoch: [8][20/253]	Time 92.785 (98.955)	Data 0.097 (0.101)	Loss 0.2060 (0.1575)
INFO - 2022-11-29 00:06:09,572 - train_model.py - Epoch: [8][30/253]	Time 49.611 (101.971)	Data 0.100 (0.100)	Loss 0.1370 (0.1577)
INFO - 2022-11-29 00:17:51,232 - train_model.py - Epoch: [8][40/253]	Time 66.263 (94.214)	Data 0.104 (0.099)	Loss 0.1707 (0.1570)
INFO - 2022-11-29 00:27:42,096 - train_model.py - Epoch: [8][50/253]	Time 59.861 (87.326)	Data 0.102 (0.099)	Loss 0.1742 (0.1571)
INFO - 2022-11-29 00:40:55,848 - train_model.py - Epoch: [8][60/253]	Time 57.712 (86.022)	Data 0.093 (0.099)	Loss 0.1714 (0.1562)
INFO - 2022-11-29 00:57:23,689 - train_model.py - Epoch: [8][70/253]	Time 165.887 (87.820)	Data 0.100 (0.099)	Loss 0.1580 (0.1583)
INFO - 2022-11-29 01:18:24,629 - train_model.py - Epoch: [8][80/253]	Time 16.956 (92.545)	Data 0.097 (0.099)	Loss 0.1792 (0.1589)
INFO - 2022-11-29 01:22:20,733 - train_model.py - Epoch: [8][90/253]	Time 47.116 (84.970)	Data 0.102 (0.098)	Loss 0.1394 (0.1587)
INFO - 2022-11-29 01:30:58,921 - train_model.py - Epoch: [8][100/253]	Time 127.148 (81.688)	Data 0.081 (0.098)	Loss 0.1268 (0.1575)
INFO - 2022-11-29 01:36:39,652 - train_model.py - Epoch: [8][110/253]	Time 14.117 (77.398)	Data 0.086 (0.097)	Loss 0.1652 (0.1576)
INFO - 2022-11-29 01:39:44,059 - train_model.py - Epoch: [8][120/253]	Time 12.143 (72.525)	Data 0.090 (0.097)	Loss 0.1538 (0.1583)
INFO - 2022-11-29 01:41:59,953 - train_model.py - Epoch: [8][130/253]	Time 11.527 (68.027)	Data 0.084 (0.096)	Loss 0.1571 (0.1578)
INFO - 2022-11-29 01:43:47,580 - train_model.py - Epoch: [8][140/253]	Time 11.039 (63.965)	Data 0.097 (0.096)	Loss 0.1592 (0.1577)
INFO - 2022-11-29 01:45:42,787 - train_model.py - Epoch: [8][150/253]	Time 12.346 (60.492)	Data 0.085 (0.096)	Loss 0.1503 (0.1577)
INFO - 2022-11-29 01:47:45,780 - train_model.py - Epoch: [8][160/253]	Time 11.611 (57.499)	Data 0.091 (0.095)	Loss 0.1465 (0.1570)
INFO - 2022-11-29 01:50:00,132 - train_model.py - Epoch: [8][170/253]	Time 15.808 (54.922)	Data 0.093 (0.095)	Loss 0.1404 (0.1570)
INFO - 2022-11-29 01:51:53,985 - train_model.py - Epoch: [8][180/253]	Time 11.972 (52.517)	Data 0.088 (0.095)	Loss 0.1823 (0.1574)
INFO - 2022-11-29 01:54:05,689 - train_model.py - Epoch: [8][190/253]	Time 11.551 (50.457)	Data 0.091 (0.095)	Loss 0.1704 (0.1576)
INFO - 2022-11-29 01:56:12,265 - train_model.py - Epoch: [8][200/253]	Time 15.049 (48.576)	Data 0.097 (0.095)	Loss 0.1870 (0.1581)
INFO - 2022-11-29 01:58:24,829 - train_model.py - Epoch: [8][210/253]	Time 13.876 (46.902)	Data 0.092 (0.095)	Loss 0.1589 (0.1585)
INFO - 2022-11-29 02:00:34,055 - train_model.py - Epoch: [8][220/253]	Time 11.062 (45.365)	Data 0.092 (0.095)	Loss 0.1191 (0.1587)
INFO - 2022-11-29 02:02:31,374 - train_model.py - Epoch: [8][230/253]	Time 12.589 (43.909)	Data 0.103 (0.095)	Loss 0.1799 (0.1591)
INFO - 2022-11-29 02:04:35,097 - train_model.py - Epoch: [8][240/253]	Time 11.468 (42.600)	Data 0.103 (0.095)	Loss 0.1939 (0.1596)
INFO - 2022-11-29 02:06:46,040 - train_model.py - Epoch: [8][250/253]	Time 15.972 (41.425)	Data 0.106 (0.095)	Loss 0.2007 (0.1597)
Test: [0/50]	Time 0.724 (0.724)	Loss 0.2084 (0.2084)
Test: [10/50]	Time 1.436 (1.161)	Loss 0.1517 (0.1851)
Test: [20/50]	Time 1.754 (1.385)	Loss 0.1521 (0.1838)
Test: [30/50]	Time 2.151 (1.588)	Loss 0.1887 (0.1888)
Test: [40/50]	Time 3.107 (1.836)	Loss 0.2303 (0.1966)
INFO - 2022-11-29 02:08:58,285 - train_model.py - Epoch: [9][0/253]	Time 12.399 (12.399)	Data 0.111 (0.111)	Loss 0.1261 (0.1261)
INFO - 2022-11-29 02:11:07,153 - train_model.py - Epoch: [9][10/253]	Time 12.702 (12.843)	Data 0.096 (0.094)	Loss 0.1476 (0.1386)
INFO - 2022-11-29 02:14:21,929 - train_model.py - Epoch: [9][20/253]	Time 11.414 (16.002)	Data 0.094 (0.095)	Loss 0.1808 (0.1415)
INFO - 2022-11-29 02:16:21,029 - train_model.py - Epoch: [9][30/253]	Time 12.388 (14.682)	Data 0.106 (0.095)	Loss 0.2238 (0.1484)
INFO - 2022-11-29 02:18:22,584 - train_model.py - Epoch: [9][40/253]	Time 12.543 (14.066)	Data 0.089 (0.095)	Loss 0.1647 (0.1504)
INFO - 2022-11-29 02:20:28,951 - train_model.py - Epoch: [9][50/253]	Time 12.742 (13.786)	Data 0.095 (0.095)	Loss 0.1643 (0.1498)
INFO - 2022-11-29 02:22:48,709 - train_model.py - Epoch: [9][60/253]	Time 13.778 (13.817)	Data 0.086 (0.094)	Loss 0.1216 (0.1473)
INFO - 2022-11-29 02:25:28,313 - train_model.py - Epoch: [9][70/253]	Time 14.871 (14.119)	Data 0.081 (0.093)	Loss 0.1620 (0.1471)
INFO - 2022-11-29 02:28:06,796 - train_model.py - Epoch: [9][80/253]	Time 17.625 (14.332)	Data 0.093 (0.094)	Loss 0.1423 (0.1475)
INFO - 2022-11-29 02:30:28,109 - train_model.py - Epoch: [9][90/253]	Time 13.115 (14.310)	Data 0.085 (0.093)	Loss 0.1623 (0.1470)
INFO - 2022-11-29 02:37:28,227 - train_model.py - Epoch: [9][100/253]	Time 23.563 (17.053)	Data 0.097 (0.094)	Loss 0.1754 (0.1475)
INFO - 2022-11-29 02:43:21,021 - train_model.py - Epoch: [9][110/253]	Time 47.381 (18.695)	Data 0.087 (0.094)	Loss 0.1392 (0.1484)
INFO - 2022-11-29 02:47:26,093 - train_model.py - Epoch: [9][120/253]	Time 30.738 (19.175)	Data 0.099 (0.094)	Loss 0.1572 (0.1471)
INFO - 2022-11-29 02:52:43,425 - train_model.py - Epoch: [9][130/253]	Time 50.664 (20.134)	Data 0.105 (0.095)	Loss 0.1213 (0.1474)
INFO - 2022-11-29 03:00:09,785 - train_model.py - Epoch: [9][140/253]	Time 35.136 (21.872)	Data 0.090 (0.095)	Loss 0.1362 (0.1473)
INFO - 2022-11-29 03:07:54,093 - train_model.py - Epoch: [9][150/253]	Time 17.490 (23.498)	Data 0.114 (0.097)	Loss 0.1397 (0.1473)
INFO - 2022-11-29 03:10:40,970 - train_model.py - Epoch: [9][160/253]	Time 15.819 (23.075)	Data 0.140 (0.098)	Loss 0.1346 (0.1476)
INFO - 2022-11-29 03:13:29,346 - train_model.py - Epoch: [9][170/253]	Time 14.829 (22.710)	Data 0.120 (0.098)	Loss 0.1561 (0.1480)
INFO - 2022-11-29 03:15:46,540 - train_model.py - Epoch: [9][180/253]	Time 15.260 (22.214)	Data 0.114 (0.099)	Loss 0.1471 (0.1484)
INFO - 2022-11-29 03:18:25,741 - train_model.py - Epoch: [9][190/253]	Time 16.953 (21.884)	Data 0.103 (0.102)	Loss 0.1560 (0.1490)
INFO - 2022-11-29 03:23:05,493 - train_model.py - Epoch: [9][200/253]	Time 34.030 (22.187)	Data 0.130 (0.103)	Loss 0.1263 (0.1497)
INFO - 2022-11-29 03:25:46,543 - train_model.py - Epoch: [9][210/253]	Time 12.882 (21.899)	Data 0.145 (0.106)	Loss 0.1348 (0.1502)
INFO - 2022-11-29 03:28:51,604 - train_model.py - Epoch: [9][220/253]	Time 14.888 (21.745)	Data 0.141 (0.108)	Loss 0.1568 (0.1503)
INFO - 2022-11-29 03:32:39,923 - train_model.py - Epoch: [9][230/253]	Time 42.722 (21.792)	Data 0.116 (0.109)	Loss 0.1309 (0.1507)
INFO - 2022-11-29 03:35:55,521 - train_model.py - Epoch: [9][240/253]	Time 19.808 (21.700)	Data 0.153 (0.111)	Loss 0.1748 (0.1514)
INFO - 2022-11-29 03:39:43,865 - train_model.py - Epoch: [9][250/253]	Time 32.797 (21.745)	Data 0.174 (0.113)	Loss 0.1475 (0.1517)
Test: [0/50]	Time 1.713 (1.713)	Loss 0.2071 (0.2071)
Test: [10/50]	Time 4.980 (3.009)	Loss 0.1432 (0.1771)
Test: [20/50]	Time 4.648 (4.261)	Loss 0.1563 (0.1775)
Test: [30/50]	Time 5.069 (5.054)	Loss 0.2101 (0.1848)
Test: [40/50]	Time 2.703 (5.170)	Loss 0.2292 (0.1936)
INFO - 2022-11-29 03:44:44,072 - train_model.py - Epoch: [10][0/253]	Time 9.893 (9.893)	Data 0.120 (0.120)	Loss 0.1378 (0.1378)
INFO - 2022-11-29 03:46:36,389 - train_model.py - Epoch: [10][10/253]	Time 11.860 (11.110)	Data 0.146 (0.118)	Loss 0.1483 (0.1327)
INFO - 2022-11-29 03:48:40,071 - train_model.py - Epoch: [10][20/253]	Time 11.667 (11.709)	Data 0.142 (0.121)	Loss 0.1450 (0.1375)
INFO - 2022-11-29 03:50:36,353 - train_model.py - Epoch: [10][30/253]	Time 11.672 (11.683)	Data 0.172 (0.128)	Loss 0.1517 (0.1385)
INFO - 2022-11-29 03:52:32,321 - train_model.py - Epoch: [10][40/253]	Time 11.736 (11.662)	Data 0.147 (0.137)	Loss 0.1250 (0.1384)
INFO - 2022-11-29 03:54:31,177 - train_model.py - Epoch: [10][50/253]	Time 11.523 (11.706)	Data 0.225 (0.146)	Loss 0.1135 (0.1380)
INFO - 2022-11-29 03:56:29,763 - train_model.py - Epoch: [10][60/253]	Time 11.654 (11.731)	Data 0.175 (0.157)	Loss 0.1394 (0.1371)
INFO - 2022-11-29 03:58:29,101 - train_model.py - Epoch: [10][70/253]	Time 11.853 (11.759)	Data 0.228 (0.170)	Loss 0.1608 (0.1379)
INFO - 2022-11-29 04:00:27,221 - train_model.py - Epoch: [10][80/253]	Time 12.117 (11.766)	Data 0.259 (0.177)	Loss 0.1869 (0.1387)
INFO - 2022-11-29 04:02:24,116 - train_model.py - Epoch: [10][90/253]	Time 11.628 (11.758)	Data 0.355 (0.186)	Loss 0.1255 (0.1383)
INFO - 2022-11-29 04:04:20,473 - train_model.py - Epoch: [10][100/253]	Time 11.780 (11.745)	Data 0.209 (0.193)	Loss 0.1610 (0.1380)
INFO - 2022-11-29 04:06:18,445 - train_model.py - Epoch: [10][110/253]	Time 11.480 (11.750)	Data 0.189 (0.197)	Loss 0.1398 (0.1388)
INFO - 2022-11-29 04:08:24,066 - train_model.py - Epoch: [10][120/253]	Time 11.677 (11.817)	Data 0.345 (0.202)	Loss 0.1815 (0.1400)
INFO - 2022-11-29 04:10:23,111 - train_model.py - Epoch: [10][130/253]	Time 11.762 (11.824)	Data 0.215 (0.207)	Loss 0.1719 (0.1405)
INFO - 2022-11-29 04:12:21,925 - train_model.py - Epoch: [10][140/253]	Time 11.932 (11.828)	Data 0.241 (0.210)	Loss 0.1382 (0.1406)
INFO - 2022-11-29 04:14:19,353 - train_model.py - Epoch: [10][150/253]	Time 11.542 (11.822)	Data 0.344 (0.213)	Loss 0.1715 (0.1408)
INFO - 2022-11-29 04:16:16,689 - train_model.py - Epoch: [10][160/253]	Time 11.300 (11.817)	Data 0.205 (0.216)	Loss 0.1510 (0.1413)
INFO - 2022-11-29 04:18:16,069 - train_model.py - Epoch: [10][170/253]	Time 12.440 (11.824)	Data 0.243 (0.220)	Loss 0.1583 (0.1419)
INFO - 2022-11-29 04:20:13,219 - train_model.py - Epoch: [10][180/253]	Time 11.646 (11.818)	Data 0.280 (0.223)	Loss 0.1331 (0.1426)
INFO - 2022-11-29 04:22:10,050 - train_model.py - Epoch: [10][190/253]	Time 9.927 (11.811)	Data 0.373 (0.227)	Loss 0.1319 (0.1426)
INFO - 2022-11-29 04:25:01,814 - train_model.py - Epoch: [10][200/253]	Time 18.063 (12.078)	Data 0.247 (0.231)	Loss 0.1729 (0.1429)
INFO - 2022-11-29 04:30:32,648 - train_model.py - Epoch: [10][210/253]	Time 26.495 (13.073)	Data 0.349 (0.234)	Loss 0.1556 (0.1432)
INFO - 2022-11-29 04:34:51,577 - train_model.py - Epoch: [10][220/253]	Time 32.807 (13.653)	Data 0.232 (0.236)	Loss 0.1122 (0.1436)
INFO - 2022-11-29 04:49:23,705 - train_model.py - Epoch: [10][230/253]	Time 110.152 (16.838)	Data 0.188 (0.237)	Loss 0.1556 (0.1440)
INFO - 2022-11-29 05:03:42,597 - train_model.py - Epoch: [10][240/253]	Time 19.613 (19.703)	Data 0.249 (0.240)	Loss 0.1440 (0.1448)
INFO - 2022-11-29 05:21:18,773 - train_model.py - Epoch: [10][250/253]	Time 341.852 (23.126)	Data 0.297 (0.242)	Loss 0.1295 (0.1450)
Test: [0/50]	Time 33.919 (33.919)	Loss 0.2147 (0.2147)
Test: [10/50]	Time 51.688 (37.371)	Loss 0.1572 (0.1902)
Test: [20/50]	Time 52.968 (44.097)	Loss 0.1562 (0.1862)
Test: [30/50]	Time 57.124 (48.816)	Loss 0.2158 (0.1933)
Test: [40/50]	Time 76.188 (53.544)	Loss 0.2357 (0.2015)
INFO - 2022-11-29 06:22:48,621 - train_model.py - Epoch: [11][0/253]	Time 299.882 (299.882)	Data 0.102 (0.102)	Loss 0.1463 (0.1463)
INFO - 2022-11-29 07:18:05,844 - train_model.py - Epoch: [11][10/253]	Time 340.843 (328.828)	Data 0.109 (0.107)	Loss 0.1582 (0.1423)
INFO - 2022-11-29 08:04:10,795 - train_model.py - Epoch: [11][20/253]	Time 128.598 (303.907)	Data 0.129 (0.109)	Loss 0.1680 (0.1432)
INFO - 2022-11-29 08:20:48,835 - train_model.py - Epoch: [11][30/253]	Time 28.407 (238.068)	Data 0.121 (0.111)	Loss 0.1478 (0.1426)
