INFO - 2022-11-29 17:49:17,144 - train_model.py - Loading data from file ../../data/processed/train_50.p...
INFO - 2022-11-29 17:49:39,406 - train_model.py - Loading data from file ../../data/processed/dev_50.p...
INFO - 2022-11-29 17:49:43,455 - train_model.py - Loading data from file ../../data/processed/test_50.p...
INFO - 2022-11-29 17:49:48,687 - utils.py - loading Word2Vec object from ../features/saved_embedding_models/code_embeddings_200.model
INFO - 2022-11-29 17:49:48,823 - utils.py - loading wv recursively from ../features/saved_embedding_models/code_embeddings_200.model.wv.* with mmap=None
INFO - 2022-11-29 17:49:48,823 - utils.py - setting ignored attribute vectors_norm to None
INFO - 2022-11-29 17:49:48,823 - utils.py - loading vocabulary recursively from ../features/saved_embedding_models/code_embeddings_200.model.vocabulary.* with mmap=None
INFO - 2022-11-29 17:49:48,823 - utils.py - loading trainables recursively from ../features/saved_embedding_models/code_embeddings_200.model.trainables.* with mmap=None
INFO - 2022-11-29 17:49:48,823 - utils.py - setting ignored attribute cum_table to None
INFO - 2022-11-29 17:49:48,824 - utils.py - loaded ../features/saved_embedding_models/code_embeddings_200.model
INFO - 2022-11-29 17:49:48,832 - utils.py - loading Word2Vec object from ../features/saved_embedding_models/code_embeddings_400.model
INFO - 2022-11-29 17:49:49,073 - utils.py - loading wv recursively from ../features/saved_embedding_models/code_embeddings_400.model.wv.* with mmap=None
INFO - 2022-11-29 17:49:49,073 - utils.py - setting ignored attribute vectors_norm to None
INFO - 2022-11-29 17:49:49,073 - utils.py - loading vocabulary recursively from ../features/saved_embedding_models/code_embeddings_400.model.vocabulary.* with mmap=None
INFO - 2022-11-29 17:49:49,073 - utils.py - loading trainables recursively from ../features/saved_embedding_models/code_embeddings_400.model.trainables.* with mmap=None
INFO - 2022-11-29 17:49:49,073 - utils.py - setting ignored attribute cum_table to None
INFO - 2022-11-29 17:49:49,073 - utils.py - loaded ../features/saved_embedding_models/code_embeddings_400.model
Using label embeddings to initialize the context matrices
Using label embeddings to initialize the projection matrix
INFO - 2022-11-29 17:49:58,849 - train_model.py - Epoch: [0][0/253]	Time 9.736 (9.736)	Data 0.120 (0.120)	Loss 0.6849 (0.6849)
INFO - 2022-11-29 17:51:33,449 - train_model.py - Epoch: [0][10/253]	Time 9.408 (9.485)	Data 0.101 (0.095)	Loss 0.4368 (0.4841)
INFO - 2022-11-29 17:53:09,346 - train_model.py - Epoch: [0][20/253]	Time 9.586 (9.535)	Data 0.084 (0.092)	Loss 0.3243 (0.4216)
INFO - 2022-11-29 17:54:44,815 - train_model.py - Epoch: [0][30/253]	Time 9.633 (9.539)	Data 0.099 (0.092)	Loss 0.3534 (0.3986)
INFO - 2022-11-29 17:56:20,503 - train_model.py - Epoch: [0][40/253]	Time 9.597 (9.546)	Data 0.101 (0.092)	Loss 0.3532 (0.3820)
INFO - 2022-11-29 17:57:56,173 - train_model.py - Epoch: [0][50/253]	Time 9.572 (9.550)	Data 0.081 (0.092)	Loss 0.2895 (0.3690)
INFO - 2022-11-29 17:59:31,181 - train_model.py - Epoch: [0][60/253]	Time 9.467 (9.542)	Data 0.092 (0.092)	Loss 0.2839 (0.3618)
INFO - 2022-11-29 18:01:05,301 - train_model.py - Epoch: [0][70/253]	Time 9.552 (9.524)	Data 0.090 (0.091)	Loss 0.2722 (0.3540)
INFO - 2022-11-29 18:02:40,604 - train_model.py - Epoch: [0][80/253]	Time 9.495 (9.525)	Data 0.082 (0.091)	Loss 0.2855 (0.3479)
INFO - 2022-11-29 18:04:15,782 - train_model.py - Epoch: [0][90/253]	Time 9.549 (9.524)	Data 0.096 (0.091)	Loss 0.2855 (0.3409)
INFO - 2022-11-29 18:05:51,428 - train_model.py - Epoch: [0][100/253]	Time 9.523 (9.528)	Data 0.099 (0.090)	Loss 0.2760 (0.3354)
INFO - 2022-11-29 18:07:26,831 - train_model.py - Epoch: [0][110/253]	Time 9.576 (9.529)	Data 0.094 (0.090)	Loss 0.2835 (0.3309)
INFO - 2022-11-29 18:09:02,481 - train_model.py - Epoch: [0][120/253]	Time 9.655 (9.532)	Data 0.093 (0.090)	Loss 0.2696 (0.3280)
INFO - 2022-11-29 18:10:38,157 - train_model.py - Epoch: [0][130/253]	Time 9.576 (9.535)	Data 0.087 (0.090)	Loss 0.3035 (0.3244)
INFO - 2022-11-29 18:12:13,593 - train_model.py - Epoch: [0][140/253]	Time 9.522 (9.535)	Data 0.094 (0.090)	Loss 0.2687 (0.3207)
INFO - 2022-11-29 18:13:48,709 - train_model.py - Epoch: [0][150/253]	Time 9.508 (9.534)	Data 0.091 (0.090)	Loss 0.2533 (0.3185)
INFO - 2022-11-29 18:15:24,059 - train_model.py - Epoch: [0][160/253]	Time 9.554 (9.534)	Data 0.091 (0.090)	Loss 0.2515 (0.3145)
INFO - 2022-11-29 18:16:59,810 - train_model.py - Epoch: [0][170/253]	Time 9.581 (9.536)	Data 0.093 (0.090)	Loss 0.2653 (0.3116)
INFO - 2022-11-29 18:18:35,221 - train_model.py - Epoch: [0][180/253]	Time 9.540 (9.537)	Data 0.090 (0.090)	Loss 0.2544 (0.3097)
INFO - 2022-11-29 18:20:10,483 - train_model.py - Epoch: [0][190/253]	Time 9.551 (9.536)	Data 0.101 (0.090)	Loss 0.2705 (0.3079)
INFO - 2022-11-29 18:21:45,369 - train_model.py - Epoch: [0][200/253]	Time 9.540 (9.534)	Data 0.095 (0.090)	Loss 0.3220 (0.3063)
INFO - 2022-11-29 18:23:20,385 - train_model.py - Epoch: [0][210/253]	Time 9.609 (9.532)	Data 0.095 (0.090)	Loss 0.2324 (0.3037)
INFO - 2022-11-29 18:24:56,476 - train_model.py - Epoch: [0][220/253]	Time 9.583 (9.536)	Data 0.089 (0.090)	Loss 0.2472 (0.3024)
INFO - 2022-11-29 18:26:32,397 - train_model.py - Epoch: [0][230/253]	Time 9.600 (9.538)	Data 0.094 (0.090)	Loss 0.2834 (0.3012)
INFO - 2022-11-29 18:28:08,203 - train_model.py - Epoch: [0][240/253]	Time 9.597 (9.540)	Data 0.091 (0.090)	Loss 0.2570 (0.2998)
INFO - 2022-11-29 18:29:43,634 - train_model.py - Epoch: [0][250/253]	Time 9.586 (9.540)	Data 0.086 (0.090)	Loss 0.2929 (0.2986)
Test: [0/50]	Time 0.738 (0.738)	Loss 0.2454 (0.2454)
Test: [10/50]	Time 1.164 (0.970)	Loss 0.2320 (0.2427)
Test: [20/50]	Time 1.463 (1.142)	Loss 0.2541 (0.2490)
Test: [30/50]	Time 1.797 (1.303)	Loss 0.2758 (0.2561)
Test: [40/50]	Time 2.266 (1.479)	Loss 0.3307 (0.2658)
INFO - 2022-11-29 18:31:24,689 - train_model.py - Epoch: [1][0/253]	Time 8.562 (8.562)	Data 0.084 (0.084)	Loss 0.2258 (0.2258)
INFO - 2022-11-29 18:32:59,118 - train_model.py - Epoch: [1][10/253]	Time 9.522 (9.363)	Data 0.090 (0.089)	Loss 0.2678 (0.2624)
INFO - 2022-11-29 18:34:33,817 - train_model.py - Epoch: [1][20/253]	Time 9.517 (9.414)	Data 0.087 (0.091)	Loss 0.2464 (0.2634)
INFO - 2022-11-29 18:36:08,605 - train_model.py - Epoch: [1][30/253]	Time 9.462 (9.435)	Data 0.088 (0.091)	Loss 0.2869 (0.2567)
INFO - 2022-11-29 18:37:42,941 - train_model.py - Epoch: [1][40/253]	Time 9.436 (9.434)	Data 0.088 (0.091)	Loss 0.2509 (0.2553)
INFO - 2022-11-29 18:39:17,357 - train_model.py - Epoch: [1][50/253]	Time 9.452 (9.436)	Data 0.094 (0.091)	Loss 0.2125 (0.2521)
INFO - 2022-11-29 18:40:52,299 - train_model.py - Epoch: [1][60/253]	Time 9.500 (9.445)	Data 0.085 (0.091)	Loss 0.2656 (0.2508)
INFO - 2022-11-29 18:42:27,557 - train_model.py - Epoch: [1][70/253]	Time 9.476 (9.457)	Data 0.101 (0.091)	Loss 0.2437 (0.2484)
INFO - 2022-11-29 18:44:01,497 - train_model.py - Epoch: [1][80/253]	Time 9.492 (9.449)	Data 0.096 (0.091)	Loss 0.2661 (0.2492)
INFO - 2022-11-29 18:45:36,025 - train_model.py - Epoch: [1][90/253]	Time 9.444 (9.449)	Data 0.090 (0.091)	Loss 0.2692 (0.2490)
INFO - 2022-11-29 18:47:10,493 - train_model.py - Epoch: [1][100/253]	Time 9.444 (9.449)	Data 0.098 (0.091)	Loss 0.2434 (0.2479)
INFO - 2022-11-29 18:48:44,498 - train_model.py - Epoch: [1][110/253]	Time 9.393 (9.445)	Data 0.086 (0.090)	Loss 0.3134 (0.2471)
INFO - 2022-11-29 18:50:19,201 - train_model.py - Epoch: [1][120/253]	Time 9.472 (9.447)	Data 0.085 (0.090)	Loss 0.2356 (0.2465)
INFO - 2022-11-29 18:51:54,113 - train_model.py - Epoch: [1][130/253]	Time 9.628 (9.450)	Data 0.082 (0.090)	Loss 0.2307 (0.2471)
INFO - 2022-11-29 18:53:28,664 - train_model.py - Epoch: [1][140/253]	Time 9.412 (9.451)	Data 0.084 (0.090)	Loss 0.2495 (0.2465)
INFO - 2022-11-29 18:55:02,568 - train_model.py - Epoch: [1][150/253]	Time 9.455 (9.447)	Data 0.084 (0.090)	Loss 0.2258 (0.2464)
INFO - 2022-11-29 18:56:36,977 - train_model.py - Epoch: [1][160/253]	Time 9.520 (9.446)	Data 0.088 (0.090)	Loss 0.2521 (0.2466)
INFO - 2022-11-29 18:58:11,381 - train_model.py - Epoch: [1][170/253]	Time 9.405 (9.446)	Data 0.083 (0.090)	Loss 0.1991 (0.2467)
INFO - 2022-11-29 18:59:45,544 - train_model.py - Epoch: [1][180/253]	Time 9.444 (9.444)	Data 0.097 (0.090)	Loss 0.2690 (0.2468)
INFO - 2022-11-29 19:01:19,077 - train_model.py - Epoch: [1][190/253]	Time 9.601 (9.440)	Data 0.093 (0.090)	Loss 0.2423 (0.2462)
INFO - 2022-11-29 19:02:53,454 - train_model.py - Epoch: [1][200/253]	Time 9.317 (9.439)	Data 0.090 (0.090)	Loss 0.2293 (0.2453)
INFO - 2022-11-29 19:04:28,317 - train_model.py - Epoch: [1][210/253]	Time 9.476 (9.442)	Data 0.098 (0.090)	Loss 0.2469 (0.2447)
INFO - 2022-11-29 19:06:03,217 - train_model.py - Epoch: [1][220/253]	Time 9.428 (9.444)	Data 0.091 (0.090)	Loss 0.2392 (0.2445)
INFO - 2022-11-29 19:07:37,269 - train_model.py - Epoch: [1][230/253]	Time 9.423 (9.442)	Data 0.094 (0.090)	Loss 0.1913 (0.2441)
INFO - 2022-11-29 19:09:11,586 - train_model.py - Epoch: [1][240/253]	Time 9.409 (9.442)	Data 0.096 (0.090)	Loss 0.2797 (0.2438)
INFO - 2022-11-29 19:10:46,103 - train_model.py - Epoch: [1][250/253]	Time 9.459 (9.442)	Data 0.095 (0.090)	Loss 0.2283 (0.2436)
Test: [0/50]	Time 0.748 (0.748)	Loss 0.2014 (0.2014)
Test: [10/50]	Time 1.165 (0.970)	Loss 0.1798 (0.1939)
Test: [20/50]	Time 1.450 (1.137)	Loss 0.1900 (0.2004)
Test: [30/50]	Time 1.778 (1.293)	Loss 0.2244 (0.2076)
Test: [40/50]	Time 2.277 (1.476)	Loss 0.2806 (0.2176)
INFO - 2022-11-29 19:12:27,253 - train_model.py - Epoch: [2][0/253]	Time 8.449 (8.449)	Data 0.100 (0.100)	Loss 0.2236 (0.2236)
INFO - 2022-11-29 19:14:00,633 - train_model.py - Epoch: [2][10/253]	Time 9.436 (9.257)	Data 0.090 (0.090)	Loss 0.2257 (0.2225)
INFO - 2022-11-29 19:15:35,375 - train_model.py - Epoch: [2][20/253]	Time 9.475 (9.361)	Data 0.091 (0.090)	Loss 0.2244 (0.2234)
INFO - 2022-11-29 19:17:09,847 - train_model.py - Epoch: [2][30/253]	Time 9.486 (9.388)	Data 0.089 (0.090)	Loss 0.2484 (0.2237)
INFO - 2022-11-29 19:18:44,385 - train_model.py - Epoch: [2][40/253]	Time 9.451 (9.404)	Data 0.092 (0.091)	Loss 0.2665 (0.2240)
INFO - 2022-11-29 19:20:18,865 - train_model.py - Epoch: [2][50/253]	Time 9.437 (9.413)	Data 0.090 (0.090)	Loss 0.2449 (0.2244)
INFO - 2022-11-29 19:21:53,401 - train_model.py - Epoch: [2][60/253]	Time 9.456 (9.420)	Data 0.082 (0.090)	Loss 0.2033 (0.2263)
INFO - 2022-11-29 19:23:28,159 - train_model.py - Epoch: [2][70/253]	Time 9.498 (9.428)	Data 0.089 (0.090)	Loss 0.2212 (0.2264)
INFO - 2022-11-29 19:25:02,961 - train_model.py - Epoch: [2][80/253]	Time 9.556 (9.434)	Data 0.093 (0.090)	Loss 0.2455 (0.2279)
INFO - 2022-11-29 19:26:37,585 - train_model.py - Epoch: [2][90/253]	Time 9.444 (9.437)	Data 0.091 (0.091)	Loss 0.2077 (0.2270)
INFO - 2022-11-29 19:28:11,964 - train_model.py - Epoch: [2][100/253]	Time 9.444 (9.437)	Data 0.090 (0.090)	Loss 0.2246 (0.2259)
INFO - 2022-11-29 19:29:46,513 - train_model.py - Epoch: [2][110/253]	Time 9.468 (9.439)	Data 0.088 (0.090)	Loss 0.2180 (0.2257)
INFO - 2022-11-29 19:31:20,978 - train_model.py - Epoch: [2][120/253]	Time 9.395 (9.439)	Data 0.095 (0.090)	Loss 0.2186 (0.2251)
INFO - 2022-11-29 19:32:55,841 - train_model.py - Epoch: [2][130/253]	Time 9.486 (9.443)	Data 0.103 (0.090)	Loss 0.2588 (0.2244)
INFO - 2022-11-29 19:34:30,397 - train_model.py - Epoch: [2][140/253]	Time 9.388 (9.444)	Data 0.086 (0.090)	Loss 0.2311 (0.2239)
INFO - 2022-11-29 19:36:04,589 - train_model.py - Epoch: [2][150/253]	Time 9.472 (9.442)	Data 0.088 (0.090)	Loss 0.2139 (0.2240)
INFO - 2022-11-29 19:37:39,193 - train_model.py - Epoch: [2][160/253]	Time 9.464 (9.443)	Data 0.095 (0.090)	Loss 0.2543 (0.2236)
INFO - 2022-11-29 19:39:13,509 - train_model.py - Epoch: [2][170/253]	Time 9.388 (9.443)	Data 0.085 (0.090)	Loss 0.1833 (0.2232)
INFO - 2022-11-29 19:40:47,297 - train_model.py - Epoch: [2][180/253]	Time 9.351 (9.439)	Data 0.075 (0.090)	Loss 0.2101 (0.2225)
INFO - 2022-11-29 19:42:21,461 - train_model.py - Epoch: [2][190/253]	Time 9.456 (9.438)	Data 0.098 (0.090)	Loss 0.2044 (0.2218)
INFO - 2022-11-29 19:43:56,001 - train_model.py - Epoch: [2][200/253]	Time 9.444 (9.439)	Data 0.097 (0.090)	Loss 0.2309 (0.2210)
INFO - 2022-11-29 19:45:30,076 - train_model.py - Epoch: [2][210/253]	Time 9.428 (9.437)	Data 0.091 (0.090)	Loss 0.2239 (0.2206)
INFO - 2022-11-29 19:47:04,207 - train_model.py - Epoch: [2][220/253]	Time 9.421 (9.436)	Data 0.093 (0.090)	Loss 0.2221 (0.2203)
INFO - 2022-11-29 19:48:38,265 - train_model.py - Epoch: [2][230/253]	Time 9.420 (9.435)	Data 0.096 (0.090)	Loss 0.2129 (0.2199)
INFO - 2022-11-29 19:50:12,057 - train_model.py - Epoch: [2][240/253]	Time 9.400 (9.433)	Data 0.094 (0.090)	Loss 0.2188 (0.2197)
INFO - 2022-11-29 19:51:45,976 - train_model.py - Epoch: [2][250/253]	Time 9.377 (9.431)	Data 0.096 (0.090)	Loss 0.2120 (0.2196)
Test: [0/50]	Time 0.747 (0.747)	Loss 0.2073 (0.2073)
Test: [10/50]	Time 1.159 (0.974)	Loss 0.1517 (0.1829)
Test: [20/50]	Time 1.458 (1.141)	Loss 0.1782 (0.1860)
Test: [30/50]	Time 1.781 (1.298)	Loss 0.2093 (0.1910)
Test: [40/50]	Time 2.259 (1.474)	Loss 0.2442 (0.1997)
INFO - 2022-11-29 19:53:26,141 - train_model.py - Epoch: [3][0/253]	Time 8.364 (8.364)	Data 0.088 (0.088)	Loss 0.1960 (0.1960)
INFO - 2022-11-29 19:54:58,995 - train_model.py - Epoch: [3][10/253]	Time 9.319 (9.202)	Data 0.088 (0.090)	Loss 0.2222 (0.1990)
INFO - 2022-11-29 19:56:33,189 - train_model.py - Epoch: [3][20/253]	Time 9.480 (9.305)	Data 0.087 (0.089)	Loss 0.1938 (0.1947)
INFO - 2022-11-29 19:58:06,925 - train_model.py - Epoch: [3][30/253]	Time 9.400 (9.327)	Data 0.092 (0.090)	Loss 0.2151 (0.1992)
INFO - 2022-11-29 19:59:41,489 - train_model.py - Epoch: [3][40/253]	Time 9.472 (9.359)	Data 0.089 (0.090)	Loss 0.2240 (0.2012)
INFO - 2022-11-29 20:01:16,437 - train_model.py - Epoch: [3][50/253]	Time 9.494 (9.385)	Data 0.089 (0.090)	Loss 0.2155 (0.2017)
INFO - 2022-11-29 20:02:51,365 - train_model.py - Epoch: [3][60/253]	Time 9.455 (9.403)	Data 0.084 (0.090)	Loss 0.1934 (0.2004)
INFO - 2022-11-29 20:04:25,829 - train_model.py - Epoch: [3][70/253]	Time 9.460 (9.409)	Data 0.104 (0.090)	Loss 0.2045 (0.2007)
INFO - 2022-11-29 20:06:00,717 - train_model.py - Epoch: [3][80/253]	Time 9.508 (9.419)	Data 0.097 (0.090)	Loss 0.2330 (0.2012)
INFO - 2022-11-29 20:07:34,553 - train_model.py - Epoch: [3][90/253]	Time 9.616 (9.415)	Data 0.083 (0.090)	Loss 0.1820 (0.2015)
INFO - 2022-11-29 20:09:08,817 - train_model.py - Epoch: [3][100/253]	Time 9.388 (9.416)	Data 0.094 (0.090)	Loss 0.2297 (0.2009)
INFO - 2022-11-29 20:10:42,977 - train_model.py - Epoch: [3][110/253]	Time 9.401 (9.416)	Data 0.085 (0.090)	Loss 0.1613 (0.2018)
INFO - 2022-11-29 20:12:17,469 - train_model.py - Epoch: [3][120/253]	Time 9.420 (9.419)	Data 0.095 (0.090)	Loss 0.1981 (0.2022)
INFO - 2022-11-29 20:13:51,490 - train_model.py - Epoch: [3][130/253]	Time 9.393 (9.418)	Data 0.090 (0.090)	Loss 0.1927 (0.2021)
INFO - 2022-11-29 20:15:25,520 - train_model.py - Epoch: [3][140/253]	Time 9.435 (9.417)	Data 0.095 (0.090)	Loss 0.2442 (0.2027)
INFO - 2022-11-29 20:16:59,889 - train_model.py - Epoch: [3][150/253]	Time 9.424 (9.418)	Data 0.090 (0.090)	Loss 0.2320 (0.2031)
INFO - 2022-11-29 20:18:34,117 - train_model.py - Epoch: [3][160/253]	Time 9.425 (9.418)	Data 0.089 (0.090)	Loss 0.2077 (0.2022)
INFO - 2022-11-29 20:20:08,225 - train_model.py - Epoch: [3][170/253]	Time 9.440 (9.418)	Data 0.092 (0.090)	Loss 0.2521 (0.2024)
INFO - 2022-11-29 20:21:42,345 - train_model.py - Epoch: [3][180/253]	Time 9.406 (9.417)	Data 0.083 (0.090)	Loss 0.1807 (0.2017)
INFO - 2022-11-29 20:23:16,755 - train_model.py - Epoch: [3][190/253]	Time 9.442 (9.419)	Data 0.096 (0.090)	Loss 0.2116 (0.2016)
INFO - 2022-11-29 20:24:51,189 - train_model.py - Epoch: [3][200/253]	Time 9.456 (9.420)	Data 0.085 (0.090)	Loss 0.1671 (0.2019)
INFO - 2022-11-29 20:26:25,561 - train_model.py - Epoch: [3][210/253]	Time 9.412 (9.421)	Data 0.097 (0.090)	Loss 0.1634 (0.2019)
INFO - 2022-11-29 20:27:59,214 - train_model.py - Epoch: [3][220/253]	Time 9.324 (9.418)	Data 0.090 (0.090)	Loss 0.2027 (0.2018)
INFO - 2022-11-29 20:29:32,709 - train_model.py - Epoch: [3][230/253]	Time 9.380 (9.415)	Data 0.090 (0.090)	Loss 0.1915 (0.2018)
INFO - 2022-11-29 20:31:06,295 - train_model.py - Epoch: [3][240/253]	Time 9.418 (9.413)	Data 0.092 (0.090)	Loss 0.1904 (0.2014)
INFO - 2022-11-29 20:32:40,293 - train_model.py - Epoch: [3][250/253]	Time 9.412 (9.412)	Data 0.082 (0.090)	Loss 0.1756 (0.2012)
Test: [0/50]	Time 0.786 (0.786)	Loss 0.2009 (0.2009)
Test: [10/50]	Time 1.159 (0.975)	Loss 0.1539 (0.1797)
Test: [20/50]	Time 1.460 (1.143)	Loss 0.1731 (0.1832)
Test: [30/50]	Time 1.786 (1.300)	Loss 0.1982 (0.1885)
Test: [40/50]	Time 2.262 (1.474)	Loss 0.2272 (0.1964)
INFO - 2022-11-29 20:34:21,041 - train_model.py - Epoch: [4][0/253]	Time 8.327 (8.327)	Data 0.090 (0.090)	Loss 0.2044 (0.2044)
INFO - 2022-11-29 20:35:53,325 - train_model.py - Epoch: [4][10/253]	Time 9.515 (9.146)	Data 0.094 (0.089)	Loss 0.1635 (0.1934)
INFO - 2022-11-29 20:37:28,621 - train_model.py - Epoch: [4][20/253]	Time 9.528 (9.329)	Data 0.103 (0.092)	Loss 0.1849 (0.1960)
INFO - 2022-11-29 20:39:03,421 - train_model.py - Epoch: [4][30/253]	Time 9.444 (9.378)	Data 0.087 (0.091)	Loss 0.1765 (0.1931)
INFO - 2022-11-29 20:40:37,999 - train_model.py - Epoch: [4][40/253]	Time 9.434 (9.397)	Data 0.092 (0.091)	Loss 0.1846 (0.1935)
INFO - 2022-11-29 20:42:12,609 - train_model.py - Epoch: [4][50/253]	Time 9.464 (9.410)	Data 0.101 (0.091)	Loss 0.1981 (0.1936)
INFO - 2022-11-29 20:43:47,141 - train_model.py - Epoch: [4][60/253]	Time 9.411 (9.417)	Data 0.085 (0.091)	Loss 0.1747 (0.1922)
INFO - 2022-11-29 20:45:21,424 - train_model.py - Epoch: [4][70/253]	Time 9.463 (9.418)	Data 0.085 (0.091)	Loss 0.1678 (0.1903)
INFO - 2022-11-29 20:46:55,537 - train_model.py - Epoch: [4][80/253]	Time 9.388 (9.418)	Data 0.076 (0.091)	Loss 0.1892 (0.1921)
INFO - 2022-11-29 20:48:29,337 - train_model.py - Epoch: [4][90/253]	Time 9.385 (9.413)	Data 0.088 (0.091)	Loss 0.1874 (0.1910)
INFO - 2022-11-29 20:50:03,361 - train_model.py - Epoch: [4][100/253]	Time 9.429 (9.412)	Data 0.099 (0.091)	Loss 0.1953 (0.1900)
INFO - 2022-11-29 20:51:37,525 - train_model.py - Epoch: [4][110/253]	Time 9.453 (9.413)	Data 0.084 (0.090)	Loss 0.1644 (0.1897)
INFO - 2022-11-29 20:53:12,293 - train_model.py - Epoch: [4][120/253]	Time 9.476 (9.418)	Data 0.083 (0.090)	Loss 0.1754 (0.1906)
INFO - 2022-11-29 20:54:46,345 - train_model.py - Epoch: [4][130/253]	Time 9.378 (9.417)	Data 0.089 (0.090)	Loss 0.1467 (0.1903)
INFO - 2022-11-29 20:56:20,792 - train_model.py - Epoch: [4][140/253]	Time 9.482 (9.419)	Data 0.086 (0.090)	Loss 0.1994 (0.1901)
INFO - 2022-11-29 20:57:54,694 - train_model.py - Epoch: [4][150/253]	Time 9.410 (9.417)	Data 0.091 (0.090)	Loss 0.1680 (0.1902)
INFO - 2022-11-29 20:59:28,744 - train_model.py - Epoch: [4][160/253]	Time 9.422 (9.416)	Data 0.094 (0.090)	Loss 0.1779 (0.1908)
INFO - 2022-11-29 21:01:02,450 - train_model.py - Epoch: [4][170/253]	Time 9.398 (9.414)	Data 0.087 (0.090)	Loss 0.1965 (0.1909)
INFO - 2022-11-29 21:02:36,714 - train_model.py - Epoch: [4][180/253]	Time 9.421 (9.414)	Data 0.089 (0.090)	Loss 0.1606 (0.1907)
INFO - 2022-11-29 21:04:10,841 - train_model.py - Epoch: [4][190/253]	Time 9.401 (9.414)	Data 0.088 (0.090)	Loss 0.1964 (0.1903)
INFO - 2022-11-29 21:05:44,902 - train_model.py - Epoch: [4][200/253]	Time 9.393 (9.414)	Data 0.086 (0.090)	Loss 0.1604 (0.1908)
INFO - 2022-11-29 21:07:18,873 - train_model.py - Epoch: [4][210/253]	Time 9.376 (9.413)	Data 0.085 (0.090)	Loss 0.2022 (0.1908)
INFO - 2022-11-29 21:08:52,829 - train_model.py - Epoch: [4][220/253]	Time 9.368 (9.412)	Data 0.085 (0.090)	Loss 0.1747 (0.1908)
INFO - 2022-11-29 21:10:26,678 - train_model.py - Epoch: [4][230/253]	Time 9.465 (9.411)	Data 0.101 (0.090)	Loss 0.2279 (0.1907)
INFO - 2022-11-29 21:12:00,649 - train_model.py - Epoch: [4][240/253]	Time 9.520 (9.411)	Data 0.089 (0.090)	Loss 0.1871 (0.1910)
INFO - 2022-11-29 21:13:35,053 - train_model.py - Epoch: [4][250/253]	Time 9.436 (9.412)	Data 0.091 (0.090)	Loss 0.2022 (0.1911)
Test: [0/50]	Time 0.745 (0.745)	Loss 0.1990 (0.1990)
Test: [10/50]	Time 1.153 (0.961)	Loss 0.1497 (0.1762)
Test: [20/50]	Time 1.453 (1.131)	Loss 0.1587 (0.1778)
Test: [30/50]	Time 1.766 (1.288)	Loss 0.1911 (0.1825)
Test: [40/50]	Time 2.238 (1.460)	Loss 0.2299 (0.1898)
INFO - 2022-11-29 21:15:14,369 - train_model.py - Epoch: [5][0/253]	Time 8.312 (8.312)	Data 0.090 (0.090)	Loss 0.1489 (0.1489)
INFO - 2022-11-29 21:16:47,909 - train_model.py - Epoch: [5][10/253]	Time 9.456 (9.259)	Data 0.094 (0.088)	Loss 0.1820 (0.1819)
INFO - 2022-11-29 21:18:21,827 - train_model.py - Epoch: [5][20/253]	Time 9.414 (9.322)	Data 0.085 (0.087)	Loss 0.1619 (0.1783)
INFO - 2022-11-29 21:19:56,039 - train_model.py - Epoch: [5][30/253]	Time 9.432 (9.354)	Data 0.091 (0.087)	Loss 0.2166 (0.1797)
INFO - 2022-11-29 21:21:30,186 - train_model.py - Epoch: [5][40/253]	Time 9.457 (9.369)	Data 0.087 (0.087)	Loss 0.1778 (0.1804)
INFO - 2022-11-29 21:23:04,854 - train_model.py - Epoch: [5][50/253]	Time 9.421 (9.388)	Data 0.081 (0.088)	Loss 0.1379 (0.1799)
INFO - 2022-11-29 21:24:39,214 - train_model.py - Epoch: [5][60/253]	Time 9.447 (9.396)	Data 0.088 (0.088)	Loss 0.1599 (0.1795)
INFO - 2022-11-29 21:26:13,553 - train_model.py - Epoch: [5][70/253]	Time 9.456 (9.401)	Data 0.095 (0.088)	Loss 0.2312 (0.1800)
INFO - 2022-11-29 21:27:48,105 - train_model.py - Epoch: [5][80/253]	Time 9.424 (9.408)	Data 0.086 (0.089)	Loss 0.1980 (0.1796)
INFO - 2022-11-29 21:29:22,265 - train_model.py - Epoch: [5][90/253]	Time 9.380 (9.409)	Data 0.083 (0.088)	Loss 0.1719 (0.1793)
INFO - 2022-11-29 21:30:55,993 - train_model.py - Epoch: [5][100/253]	Time 9.504 (9.405)	Data 0.095 (0.088)	Loss 0.1936 (0.1797)
INFO - 2022-11-29 21:32:30,573 - train_model.py - Epoch: [5][110/253]	Time 9.480 (9.410)	Data 0.097 (0.088)	Loss 0.1834 (0.1801)
INFO - 2022-11-29 21:34:05,101 - train_model.py - Epoch: [5][120/253]	Time 9.432 (9.414)	Data 0.088 (0.089)	Loss 0.1897 (0.1813)
INFO - 2022-11-29 21:35:39,333 - train_model.py - Epoch: [5][130/253]	Time 9.400 (9.414)	Data 0.084 (0.089)	Loss 0.1822 (0.1814)
INFO - 2022-11-29 21:37:13,361 - train_model.py - Epoch: [5][140/253]	Time 9.396 (9.414)	Data 0.096 (0.089)	Loss 0.1853 (0.1818)
INFO - 2022-11-29 21:38:47,283 - train_model.py - Epoch: [5][150/253]	Time 9.350 (9.412)	Data 0.089 (0.089)	Loss 0.1868 (0.1816)
INFO - 2022-11-29 21:40:21,351 - train_model.py - Epoch: [5][160/253]	Time 9.383 (9.412)	Data 0.098 (0.089)	Loss 0.1891 (0.1815)
INFO - 2022-11-29 21:41:54,254 - train_model.py - Epoch: [5][170/253]	Time 9.533 (9.405)	Data 0.103 (0.089)	Loss 0.1830 (0.1813)
INFO - 2022-11-29 21:43:27,863 - train_model.py - Epoch: [5][180/253]	Time 9.343 (9.402)	Data 0.095 (0.090)	Loss 0.1677 (0.1821)
INFO - 2022-11-29 21:45:01,874 - train_model.py - Epoch: [5][190/253]	Time 9.377 (9.402)	Data 0.088 (0.089)	Loss 0.2029 (0.1820)
INFO - 2022-11-29 21:46:35,323 - train_model.py - Epoch: [5][200/253]	Time 9.378 (9.399)	Data 0.089 (0.090)	Loss 0.2028 (0.1823)
INFO - 2022-11-29 21:48:09,037 - train_model.py - Epoch: [5][210/253]	Time 9.404 (9.398)	Data 0.099 (0.090)	Loss 0.2022 (0.1824)
INFO - 2022-11-29 21:49:42,451 - train_model.py - Epoch: [5][220/253]	Time 9.087 (9.395)	Data 0.085 (0.089)	Loss 0.1676 (0.1818)
INFO - 2022-11-29 21:51:16,041 - train_model.py - Epoch: [5][230/253]	Time 9.484 (9.394)	Data 0.085 (0.090)	Loss 0.1969 (0.1818)
INFO - 2022-11-29 21:52:49,849 - train_model.py - Epoch: [5][240/253]	Time 9.404 (9.393)	Data 0.091 (0.090)	Loss 0.1896 (0.1818)
INFO - 2022-11-29 21:54:23,789 - train_model.py - Epoch: [5][250/253]	Time 9.404 (9.393)	Data 0.084 (0.090)	Loss 0.1902 (0.1819)
Test: [0/50]	Time 0.749 (0.749)	Loss 0.2031 (0.2031)
Test: [10/50]	Time 1.152 (0.964)	Loss 0.1437 (0.1791)
Test: [20/50]	Time 1.450 (1.132)	Loss 0.1728 (0.1854)
Test: [30/50]	Time 1.776 (1.288)	Loss 0.1865 (0.1896)
Test: [40/50]	Time 2.242 (1.462)	Loss 0.2442 (0.1967)
INFO - 2022-11-29 21:56:03,349 - train_model.py - Epoch: [6][0/253]	Time 8.295 (8.295)	Data 0.089 (0.089)	Loss 0.1488 (0.1488)
INFO - 2022-11-29 21:57:36,214 - train_model.py - Epoch: [6][10/253]	Time 9.403 (9.196)	Data 0.091 (0.091)	Loss 0.1873 (0.1775)
INFO - 2022-11-29 21:59:10,253 - train_model.py - Epoch: [6][20/253]	Time 9.388 (9.295)	Data 0.085 (0.090)	Loss 0.1681 (0.1781)
INFO - 2022-11-29 22:00:44,554 - train_model.py - Epoch: [6][30/253]	Time 9.386 (9.339)	Data 0.079 (0.090)	Loss 0.1855 (0.1806)
INFO - 2022-11-29 22:02:18,688 - train_model.py - Epoch: [6][40/253]	Time 9.398 (9.357)	Data 0.096 (0.090)	Loss 0.1922 (0.1774)
INFO - 2022-11-29 22:03:53,065 - train_model.py - Epoch: [6][50/253]	Time 9.437 (9.373)	Data 0.075 (0.090)	Loss 0.1650 (0.1763)
INFO - 2022-11-29 22:05:27,673 - train_model.py - Epoch: [6][60/253]	Time 9.426 (9.387)	Data 0.088 (0.090)	Loss 0.1515 (0.1762)
INFO - 2022-11-29 22:07:02,065 - train_model.py - Epoch: [6][70/253]	Time 9.384 (9.395)	Data 0.080 (0.089)	Loss 0.1989 (0.1761)
INFO - 2022-11-29 22:08:36,053 - train_model.py - Epoch: [6][80/253]	Time 9.416 (9.395)	Data 0.095 (0.090)	Loss 0.1960 (0.1764)
INFO - 2022-11-29 22:10:10,437 - train_model.py - Epoch: [6][90/253]	Time 9.526 (9.400)	Data 0.092 (0.090)	Loss 0.1684 (0.1760)
INFO - 2022-11-29 22:11:45,237 - train_model.py - Epoch: [6][100/253]	Time 9.438 (9.408)	Data 0.085 (0.089)	Loss 0.1666 (0.1755)
INFO - 2022-11-29 22:13:19,602 - train_model.py - Epoch: [6][110/253]	Time 9.390 (9.410)	Data 0.093 (0.089)	Loss 0.2035 (0.1748)
INFO - 2022-11-29 22:14:53,573 - train_model.py - Epoch: [6][120/253]	Time 9.409 (9.409)	Data 0.102 (0.090)	Loss 0.2009 (0.1758)
INFO - 2022-11-29 22:16:27,567 - train_model.py - Epoch: [6][130/253]	Time 9.382 (9.409)	Data 0.083 (0.089)	Loss 0.1691 (0.1758)
INFO - 2022-11-29 22:18:01,620 - train_model.py - Epoch: [6][140/253]	Time 9.422 (9.408)	Data 0.090 (0.089)	Loss 0.1612 (0.1756)
INFO - 2022-11-29 22:19:36,033 - train_model.py - Epoch: [6][150/253]	Time 9.612 (9.410)	Data 0.091 (0.089)	Loss 0.1527 (0.1758)
INFO - 2022-11-29 22:21:10,509 - train_model.py - Epoch: [6][160/253]	Time 9.468 (9.413)	Data 0.093 (0.090)	Loss 0.1875 (0.1753)
INFO - 2022-11-29 22:22:44,681 - train_model.py - Epoch: [6][170/253]	Time 9.365 (9.413)	Data 0.090 (0.090)	Loss 0.1609 (0.1752)
INFO - 2022-11-29 22:24:18,782 - train_model.py - Epoch: [6][180/253]	Time 9.466 (9.413)	Data 0.098 (0.090)	Loss 0.1880 (0.1751)
INFO - 2022-11-29 22:25:53,221 - train_model.py - Epoch: [6][190/253]	Time 9.440 (9.414)	Data 0.089 (0.090)	Loss 0.1665 (0.1752)
INFO - 2022-11-29 22:27:27,393 - train_model.py - Epoch: [6][200/253]	Time 9.406 (9.415)	Data 0.098 (0.090)	Loss 0.1953 (0.1755)
INFO - 2022-11-29 22:29:01,457 - train_model.py - Epoch: [6][210/253]	Time 9.384 (9.414)	Data 0.088 (0.090)	Loss 0.2006 (0.1759)
INFO - 2022-11-29 22:30:35,320 - train_model.py - Epoch: [6][220/253]	Time 9.480 (9.413)	Data 0.086 (0.090)	Loss 0.1899 (0.1762)
INFO - 2022-11-29 22:32:09,366 - train_model.py - Epoch: [6][230/253]	Time 9.479 (9.413)	Data 0.097 (0.090)	Loss 0.1667 (0.1765)
INFO - 2022-11-29 22:33:43,481 - train_model.py - Epoch: [6][240/253]	Time 9.336 (9.413)	Data 0.084 (0.090)	Loss 0.1672 (0.1765)
INFO - 2022-11-29 22:35:17,168 - train_model.py - Epoch: [6][250/253]	Time 9.375 (9.411)	Data 0.074 (0.090)	Loss 0.1670 (0.1769)
Test: [0/50]	Time 0.759 (0.759)	Loss 0.1944 (0.1944)
Test: [10/50]	Time 1.156 (0.969)	Loss 0.1472 (0.1704)
Test: [20/50]	Time 1.459 (1.138)	Loss 0.1490 (0.1734)
Test: [30/50]	Time 1.782 (1.295)	Loss 0.1872 (0.1793)
Test: [40/50]	Time 2.256 (1.469)	Loss 0.2257 (0.1886)
INFO - 2022-11-29 22:36:56,613 - train_model.py - Epoch: [7][0/253]	Time 8.283 (8.283)	Data 0.096 (0.096)	Loss 0.1576 (0.1576)
INFO - 2022-11-29 22:38:28,913 - train_model.py - Epoch: [7][10/253]	Time 9.218 (9.144)	Data 0.094 (0.089)	Loss 0.1746 (0.1695)
INFO - 2022-11-29 22:40:03,673 - train_model.py - Epoch: [7][20/253]	Time 9.620 (9.302)	Data 0.089 (0.089)	Loss 0.1605 (0.1678)
INFO - 2022-11-29 22:41:38,517 - train_model.py - Epoch: [7][30/253]	Time 9.480 (9.361)	Data 0.100 (0.090)	Loss 0.1713 (0.1655)
INFO - 2022-11-29 22:43:13,273 - train_model.py - Epoch: [7][40/253]	Time 9.409 (9.389)	Data 0.088 (0.090)	Loss 0.1740 (0.1655)
INFO - 2022-11-29 22:44:47,441 - train_model.py - Epoch: [7][50/253]	Time 9.412 (9.394)	Data 0.087 (0.090)	Loss 0.1402 (0.1628)
INFO - 2022-11-29 22:46:21,241 - train_model.py - Epoch: [7][60/253]	Time 9.420 (9.392)	Data 0.088 (0.090)	Loss 0.1516 (0.1632)
INFO - 2022-11-29 22:47:55,649 - train_model.py - Epoch: [7][70/253]	Time 9.404 (9.399)	Data 0.087 (0.090)	Loss 0.1433 (0.1623)
INFO - 2022-11-29 22:49:29,910 - train_model.py - Epoch: [7][80/253]	Time 9.370 (9.402)	Data 0.078 (0.090)	Loss 0.1101 (0.1630)
INFO - 2022-11-29 22:51:04,821 - train_model.py - Epoch: [7][90/253]	Time 9.502 (9.412)	Data 0.102 (0.090)	Loss 0.1671 (0.1629)
INFO - 2022-11-29 22:52:39,121 - train_model.py - Epoch: [7][100/253]	Time 9.476 (9.414)	Data 0.082 (0.090)	Loss 0.1184 (0.1630)
INFO - 2022-11-29 22:54:13,741 - train_model.py - Epoch: [7][110/253]	Time 9.532 (9.418)	Data 0.096 (0.090)	Loss 0.1915 (0.1639)
INFO - 2022-11-29 22:55:48,347 - train_model.py - Epoch: [7][120/253]	Time 9.423 (9.422)	Data 0.095 (0.090)	Loss 0.1775 (0.1649)
INFO - 2022-11-29 22:57:22,057 - train_model.py - Epoch: [7][130/253]	Time 9.480 (9.418)	Data 0.094 (0.090)	Loss 0.1499 (0.1651)
INFO - 2022-11-29 22:58:56,345 - train_model.py - Epoch: [7][140/253]	Time 9.384 (9.419)	Data 0.087 (0.090)	Loss 0.1980 (0.1656)
INFO - 2022-11-29 23:03:36,921 - train_model.py - Epoch: [7][150/253]	Time 71.991 (10.653)	Data 0.096 (0.091)	Loss 0.1701 (0.1662)
INFO - 2022-11-29 23:19:03,361 - train_model.py - Epoch: [7][160/253]	Time 74.721 (15.746)	Data 0.100 (0.091)	Loss 0.1999 (0.1675)
INFO - 2022-11-29 23:32:14,357 - train_model.py - Epoch: [7][170/253]	Time 170.950 (19.450)	Data 0.091 (0.092)	Loss 0.1465 (0.1677)
INFO - 2022-11-29 23:56:49,677 - train_model.py - Epoch: [7][180/253]	Time 105.228 (26.527)	Data 0.100 (0.092)	Loss 0.1656 (0.1680)
INFO - 2022-11-30 00:13:03,685 - train_model.py - Epoch: [7][190/253]	Time 47.571 (30.237)	Data 0.089 (0.093)	Loss 0.1508 (0.1679)
INFO - 2022-11-30 00:25:26,048 - train_model.py - Epoch: [7][200/253]	Time 107.552 (32.426)	Data 0.099 (0.093)	Loss 0.1992 (0.1678)
INFO - 2022-11-30 00:35:12,648 - train_model.py - Epoch: [7][210/253]	Time 85.443 (33.670)	Data 0.092 (0.093)	Loss 0.1512 (0.1679)
INFO - 2022-11-30 00:48:55,639 - train_model.py - Epoch: [7][220/253]	Time 104.810 (35.870)	Data 0.109 (0.094)	Loss 0.1943 (0.1680)
INFO - 2022-11-30 01:04:32,568 - train_model.py - Epoch: [7][230/253]	Time 108.820 (38.373)	Data 0.097 (0.094)	Loss 0.1561 (0.1679)
INFO - 2022-11-30 01:23:38,113 - train_model.py - Epoch: [7][240/253]	Time 26.816 (41.534)	Data 0.101 (0.094)	Loss 0.1919 (0.1679)
INFO - 2022-11-30 01:27:22,153 - train_model.py - Epoch: [7][250/253]	Time 16.137 (40.772)	Data 0.098 (0.094)	Loss 0.1719 (0.1685)
Test: [0/50]	Time 0.988 (0.988)	Loss 0.2028 (0.2028)
Test: [10/50]	Time 2.138 (1.473)	Loss 0.1345 (0.1702)
Test: [20/50]	Time 2.813 (1.970)	Loss 0.1549 (0.1744)
Test: [30/50]	Time 37.366 (3.567)	Loss 0.1885 (0.1800)
Test: [40/50]	Time 32.667 (10.119)	Loss 0.2388 (0.1889)
INFO - 2022-11-30 01:37:46,589 - train_model.py - Epoch: [8][0/253]	Time 15.550 (15.550)	Data 0.087 (0.087)	Loss 0.1433 (0.1433)
INFO - 2022-11-30 01:41:51,837 - train_model.py - Epoch: [8][10/253]	Time 22.244 (23.709)	Data 0.097 (0.093)	Loss 0.1704 (0.1537)
INFO - 2022-11-30 01:44:32,353 - train_model.py - Epoch: [8][20/253]	Time 12.233 (20.063)	Data 0.096 (0.095)	Loss 0.2081 (0.1616)
INFO - 2022-11-30 01:46:42,997 - train_model.py - Epoch: [8][30/253]	Time 10.618 (17.805)	Data 0.092 (0.094)	Loss 0.1398 (0.1634)
INFO - 2022-11-30 01:48:29,950 - train_model.py - Epoch: [8][40/253]	Time 10.992 (16.071)	Data 0.095 (0.093)	Loss 0.1758 (0.1623)
INFO - 2022-11-30 01:50:27,938 - train_model.py - Epoch: [8][50/253]	Time 12.906 (15.233)	Data 0.095 (0.093)	Loss 0.1681 (0.1609)
INFO - 2022-11-30 01:52:27,756 - train_model.py - Epoch: [8][60/253]	Time 11.739 (14.700)	Data 0.093 (0.093)	Loss 0.1744 (0.1598)
INFO - 2022-11-30 01:54:40,071 - train_model.py - Epoch: [8][70/253]	Time 10.935 (14.493)	Data 0.095 (0.093)	Loss 0.1632 (0.1617)
INFO - 2022-11-30 01:56:34,737 - train_model.py - Epoch: [8][80/253]	Time 12.156 (14.120)	Data 0.088 (0.093)	Loss 0.1742 (0.1616)
INFO - 2022-11-30 01:58:44,597 - train_model.py - Epoch: [8][90/253]	Time 11.391 (13.995)	Data 0.103 (0.094)	Loss 0.1516 (0.1615)
INFO - 2022-11-30 02:01:12,905 - train_model.py - Epoch: [8][100/253]	Time 17.276 (14.078)	Data 0.084 (0.093)	Loss 0.1318 (0.1607)
INFO - 2022-11-30 02:03:22,200 - train_model.py - Epoch: [8][110/253]	Time 15.633 (13.974)	Data 0.098 (0.093)	Loss 0.1621 (0.1608)
INFO - 2022-11-30 02:05:24,573 - train_model.py - Epoch: [8][120/253]	Time 11.280 (13.831)	Data 0.090 (0.093)	Loss 0.1544 (0.1614)
INFO - 2022-11-30 02:07:22,101 - train_model.py - Epoch: [8][130/253]	Time 12.743 (13.672)	Data 0.082 (0.093)	Loss 0.1581 (0.1608)
INFO - 2022-11-30 02:09:21,946 - train_model.py - Epoch: [8][140/253]	Time 11.400 (13.553)	Data 0.097 (0.093)	Loss 0.1617 (0.1608)
INFO - 2022-11-30 02:11:32,863 - train_model.py - Epoch: [8][150/253]	Time 12.555 (13.522)	Data 0.089 (0.093)	Loss 0.1485 (0.1609)
INFO - 2022-11-30 02:13:35,529 - train_model.py - Epoch: [8][160/253]	Time 13.996 (13.444)	Data 0.094 (0.093)	Loss 0.1526 (0.1604)
INFO - 2022-11-30 02:15:45,173 - train_model.py - Epoch: [8][170/253]	Time 13.096 (13.416)	Data 0.089 (0.093)	Loss 0.1323 (0.1599)
INFO - 2022-11-30 02:18:56,027 - train_model.py - Epoch: [8][180/253]	Time 11.613 (13.729)	Data 0.090 (0.093)	Loss 0.1780 (0.1602)
INFO - 2022-11-30 02:20:53,917 - train_model.py - Epoch: [8][190/253]	Time 12.030 (13.628)	Data 0.091 (0.093)	Loss 0.1797 (0.1600)
INFO - 2022-11-30 02:22:53,782 - train_model.py - Epoch: [8][200/253]	Time 12.136 (13.546)	Data 0.096 (0.093)	Loss 0.1813 (0.1604)
INFO - 2022-11-30 02:24:59,580 - train_model.py - Epoch: [8][210/253]	Time 12.776 (13.500)	Data 0.101 (0.093)	Loss 0.1453 (0.1607)
INFO - 2022-11-30 02:27:15,788 - train_model.py - Epoch: [8][220/253]	Time 13.686 (13.506)	Data 0.083 (0.093)	Loss 0.1334 (0.1607)
INFO - 2022-11-30 02:29:51,910 - train_model.py - Epoch: [8][230/253]	Time 32.641 (13.597)	Data 0.112 (0.093)	Loss 0.1843 (0.1608)
INFO - 2022-11-30 02:32:29,427 - train_model.py - Epoch: [8][240/253]	Time 18.294 (13.686)	Data 0.102 (0.093)	Loss 0.2102 (0.1614)
INFO - 2022-11-30 02:34:50,965 - train_model.py - Epoch: [8][250/253]	Time 16.568 (13.705)	Data 0.105 (0.093)	Loss 0.1974 (0.1613)
Test: [0/50]	Time 1.074 (1.074)	Loss 0.2107 (0.2107)
Test: [10/50]	Time 2.219 (1.643)	Loss 0.1480 (0.1824)
Test: [20/50]	Time 1.878 (1.929)	Loss 0.1555 (0.1835)
Test: [30/50]	Time 3.256 (2.866)	Loss 0.1921 (0.1897)
Test: [40/50]	Time 14.126 (3.267)	Loss 0.2271 (0.1977)
INFO - 2022-11-30 02:41:51,197 - train_model.py - Epoch: [9][0/253]	Time 20.343 (20.343)	Data 0.111 (0.111)	Loss 0.1198 (0.1198)
INFO - 2022-11-30 02:47:11,066 - train_model.py - Epoch: [9][10/253]	Time 31.974 (30.928)	Data 0.102 (0.099)	Loss 0.1503 (0.1432)
INFO - 2022-11-30 02:51:34,704 - train_model.py - Epoch: [9][20/253]	Time 20.394 (28.755)	Data 0.096 (0.099)	Loss 0.1819 (0.1453)
INFO - 2022-11-30 02:56:27,901 - train_model.py - Epoch: [9][30/253]	Time 27.944 (28.937)	Data 0.108 (0.099)	Loss 0.2265 (0.1505)
INFO - 2022-11-30 03:04:08,480 - train_model.py - Epoch: [9][40/253]	Time 67.064 (33.113)	Data 0.109 (0.100)	Loss 0.1631 (0.1509)
INFO - 2022-11-30 03:12:03,829 - train_model.py - Epoch: [9][50/253]	Time 18.082 (35.941)	Data 0.115 (0.102)	Loss 0.1654 (0.1506)
INFO - 2022-11-30 03:14:49,460 - train_model.py - Epoch: [9][60/253]	Time 17.085 (32.764)	Data 0.114 (0.103)	Loss 0.1347 (0.1492)
INFO - 2022-11-30 03:17:40,081 - train_model.py - Epoch: [9][70/253]	Time 17.836 (30.552)	Data 0.109 (0.104)	Loss 0.1709 (0.1493)
INFO - 2022-11-30 03:19:55,505 - train_model.py - Epoch: [9][80/253]	Time 14.260 (28.452)	Data 0.107 (0.105)	Loss 0.1537 (0.1499)
INFO - 2022-11-30 03:22:31,958 - train_model.py - Epoch: [9][90/253]	Time 16.391 (27.045)	Data 0.103 (0.106)	Loss 0.1573 (0.1493)
INFO - 2022-11-30 03:26:50,163 - train_model.py - Epoch: [9][100/253]	Time 26.719 (26.924)	Data 0.129 (0.108)	Loss 0.1651 (0.1499)
INFO - 2022-11-30 03:29:57,441 - train_model.py - Epoch: [9][110/253]	Time 15.941 (26.185)	Data 0.123 (0.110)	Loss 0.1365 (0.1505)
INFO - 2022-11-30 03:32:54,365 - train_model.py - Epoch: [9][120/253]	Time 12.884 (25.484)	Data 0.160 (0.111)	Loss 0.1544 (0.1498)
INFO - 2022-11-30 03:35:56,369 - train_model.py - Epoch: [9][130/253]	Time 42.444 (24.928)	Data 0.141 (0.112)	Loss 0.1295 (0.1503)
INFO - 2022-11-30 03:39:52,629 - train_model.py - Epoch: [9][140/253]	Time 14.652 (24.835)	Data 0.153 (0.113)	Loss 0.1447 (0.1506)
INFO - 2022-11-30 03:43:26,365 - train_model.py - Epoch: [9][150/253]	Time 20.516 (24.606)	Data 0.117 (0.115)	Loss 0.1561 (0.1510)
INFO - 2022-11-30 03:48:50,805 - train_model.py - Epoch: [9][160/253]	Time 29.114 (25.093)	Data 0.127 (0.117)	Loss 0.1348 (0.1511)
INFO - 2022-11-30 03:50:45,844 - train_model.py - Epoch: [9][170/253]	Time 11.787 (24.298)	Data 0.213 (0.121)	Loss 0.1619 (0.1514)
INFO - 2022-11-30 03:52:49,957 - train_model.py - Epoch: [9][180/253]	Time 11.686 (23.641)	Data 0.218 (0.127)	Loss 0.1472 (0.1517)
INFO - 2022-11-30 03:54:47,488 - train_model.py - Epoch: [9][190/253]	Time 11.861 (23.019)	Data 0.302 (0.133)	Loss 0.1566 (0.1521)
INFO - 2022-11-30 03:56:46,454 - train_model.py - Epoch: [9][200/253]	Time 11.538 (22.466)	Data 0.286 (0.143)	Loss 0.1448 (0.1525)
INFO - 2022-11-30 03:58:42,215 - train_model.py - Epoch: [9][210/253]	Time 11.553 (21.950)	Data 0.323 (0.152)	Loss 0.1402 (0.1528)
INFO - 2022-11-30 04:00:42,957 - train_model.py - Epoch: [9][220/253]	Time 11.640 (21.503)	Data 0.331 (0.159)	Loss 0.1646 (0.1529)
INFO - 2022-11-30 04:02:42,572 - train_model.py - Epoch: [9][230/253]	Time 11.714 (21.090)	Data 0.374 (0.167)	Loss 0.1344 (0.1533)
INFO - 2022-11-30 04:04:40,532 - train_model.py - Epoch: [9][240/253]	Time 11.627 (20.704)	Data 0.448 (0.173)	Loss 0.1758 (0.1538)
INFO - 2022-11-30 04:06:39,381 - train_model.py - Epoch: [9][250/253]	Time 13.161 (20.353)	Data 0.325 (0.180)	Loss 0.1466 (0.1538)
Test: [0/50]	Time 0.905 (0.905)	Loss 0.2093 (0.2093)
Test: [10/50]	Time 1.388 (1.166)	Loss 0.1362 (0.1754)
Test: [20/50]	Time 1.971 (1.389)	Loss 0.1548 (0.1782)
Test: [30/50]	Time 2.171 (1.605)	Loss 0.1903 (0.1844)
Test: [40/50]	Time 2.939 (1.879)	Loss 0.2302 (0.1936)
