INFO - 2022-11-21 08:42:20,187 - train_model.py - Loading data from file ../../data/processed/train_50.p...
INFO - 2022-11-21 08:42:42,473 - train_model.py - Loading data from file ../../data/processed/dev_50.p...
INFO - 2022-11-21 08:42:47,088 - train_model.py - Loading data from file ../../data/processed/test_50.p...
INFO - 2022-11-21 08:42:52,524 - utils.py - loading Word2Vec object from ../features/saved_embedding_models/code_embeddings_200.model
INFO - 2022-11-21 08:42:52,665 - utils.py - loading wv recursively from ../features/saved_embedding_models/code_embeddings_200.model.wv.* with mmap=None
INFO - 2022-11-21 08:42:52,665 - utils.py - setting ignored attribute vectors_norm to None
INFO - 2022-11-21 08:42:52,665 - utils.py - loading vocabulary recursively from ../features/saved_embedding_models/code_embeddings_200.model.vocabulary.* with mmap=None
INFO - 2022-11-21 08:42:52,665 - utils.py - loading trainables recursively from ../features/saved_embedding_models/code_embeddings_200.model.trainables.* with mmap=None
INFO - 2022-11-21 08:42:52,665 - utils.py - setting ignored attribute cum_table to None
INFO - 2022-11-21 08:42:52,665 - utils.py - loaded ../features/saved_embedding_models/code_embeddings_200.model
INFO - 2022-11-21 08:42:52,674 - utils.py - loading Word2Vec object from ../features/saved_embedding_models/code_embeddings_400.model
INFO - 2022-11-21 08:42:52,922 - utils.py - loading wv recursively from ../features/saved_embedding_models/code_embeddings_400.model.wv.* with mmap=None
INFO - 2022-11-21 08:42:52,922 - utils.py - setting ignored attribute vectors_norm to None
INFO - 2022-11-21 08:42:52,922 - utils.py - loading vocabulary recursively from ../features/saved_embedding_models/code_embeddings_400.model.vocabulary.* with mmap=None
INFO - 2022-11-21 08:42:52,922 - utils.py - loading trainables recursively from ../features/saved_embedding_models/code_embeddings_400.model.trainables.* with mmap=None
INFO - 2022-11-21 08:42:52,922 - utils.py - setting ignored attribute cum_table to None
INFO - 2022-11-21 08:42:52,922 - utils.py - loaded ../features/saved_embedding_models/code_embeddings_400.model
Using label embeddings to initialize the context matrices
Using label embeddings to initialize the projection matrix
INFO - 2022-11-21 08:44:15,041 - train_model.py - Epoch: [0][0/253]	Time 82.077 (82.077)	Data 0.119 (0.119)	Loss 0.5483 (0.5483)
INFO - 2022-11-21 08:50:42,685 - train_model.py - Epoch: [0][10/253]	Time 29.348 (42.702)	Data 0.113 (0.104)	Loss 0.4071 (0.4319)
INFO - 2022-11-21 08:55:37,961 - train_model.py - Epoch: [0][20/253]	Time 27.992 (36.428)	Data 0.089 (0.101)	Loss 0.3381 (0.3922)
INFO - 2022-11-21 09:00:32,730 - train_model.py - Epoch: [0][30/253]	Time 28.675 (34.186)	Data 0.112 (0.102)	Loss 0.3429 (0.3749)
INFO - 2022-11-21 09:04:37,527 - train_model.py - Epoch: [0][40/253]	Time 22.358 (31.819)	Data 0.113 (0.102)	Loss 0.3370 (0.3619)
INFO - 2022-11-21 09:08:08,725 - train_model.py - Epoch: [0][50/253]	Time 19.392 (29.721)	Data 0.085 (0.101)	Loss 0.2796 (0.3524)
INFO - 2022-11-21 09:11:52,307 - train_model.py - Epoch: [0][60/253]	Time 24.306 (28.514)	Data 0.100 (0.101)	Loss 0.2811 (0.3467)
INFO - 2022-11-21 09:15:11,124 - train_model.py - Epoch: [0][70/253]	Time 24.163 (27.298)	Data 0.105 (0.100)	Loss 0.2832 (0.3408)
INFO - 2022-11-21 09:18:19,525 - train_model.py - Epoch: [0][80/253]	Time 13.449 (26.254)	Data 0.089 (0.100)	Loss 0.2666 (0.3350)
INFO - 2022-11-21 09:22:51,033 - train_model.py - Epoch: [0][90/253]	Time 54.356 (26.352)	Data 0.109 (0.099)	Loss 0.2996 (0.3297)
INFO - 2022-11-21 09:27:26,795 - train_model.py - Epoch: [0][100/253]	Time 15.543 (26.474)	Data 0.121 (0.100)	Loss 0.2830 (0.3258)
INFO - 2022-11-21 09:33:05,574 - train_model.py - Epoch: [0][110/253]	Time 13.392 (27.141)	Data 0.119 (0.100)	Loss 0.2919 (0.3222)
INFO - 2022-11-21 09:36:40,213 - train_model.py - Epoch: [0][120/253]	Time 11.329 (26.671)	Data 0.104 (0.101)	Loss 0.2709 (0.3200)
INFO - 2022-11-21 09:40:15,469 - train_model.py - Epoch: [0][130/253]	Time 23.763 (26.279)	Data 0.107 (0.101)	Loss 0.3079 (0.3175)
INFO - 2022-11-21 09:44:50,566 - train_model.py - Epoch: [0][140/253]	Time 25.709 (26.366)	Data 0.117 (0.102)	Loss 0.2725 (0.3148)
INFO - 2022-11-21 09:50:23,205 - train_model.py - Epoch: [0][150/253]	Time 24.613 (26.823)	Data 0.108 (0.104)	Loss 0.2546 (0.3129)
INFO - 2022-11-21 09:53:48,481 - train_model.py - Epoch: [0][160/253]	Time 13.749 (26.432)	Data 0.100 (0.105)	Loss 0.2502 (0.3100)
INFO - 2022-11-21 09:59:45,192 - train_model.py - Epoch: [0][170/253]	Time 17.991 (26.972)	Data 0.121 (0.106)	Loss 0.2715 (0.3075)
INFO - 2022-11-21 10:04:33,053 - train_model.py - Epoch: [0][180/253]	Time 19.446 (27.072)	Data 0.148 (0.108)	Loss 0.2710 (0.3060)
INFO - 2022-11-21 10:09:11,092 - train_model.py - Epoch: [0][190/253]	Time 48.203 (27.111)	Data 0.157 (0.110)	Loss 0.2667 (0.3045)
INFO - 2022-11-21 10:13:19,709 - train_model.py - Epoch: [0][200/253]	Time 14.988 (26.999)	Data 0.144 (0.112)	Loss 0.3046 (0.3030)
INFO - 2022-11-21 10:17:40,049 - train_model.py - Epoch: [0][210/253]	Time 28.381 (26.953)	Data 0.165 (0.114)	Loss 0.2617 (0.3013)
INFO - 2022-11-21 10:21:46,021 - train_model.py - Epoch: [0][220/253]	Time 22.120 (26.846)	Data 0.189 (0.116)	Loss 0.2449 (0.3003)
INFO - 2022-11-21 10:25:39,924 - train_model.py - Epoch: [0][230/253]	Time 10.887 (26.697)	Data 0.153 (0.119)	Loss 0.2798 (0.2992)
INFO - 2022-11-21 10:32:41,430 - train_model.py - Epoch: [0][240/253]	Time 36.151 (27.338)	Data 0.170 (0.121)	Loss 0.2585 (0.2981)
INFO - 2022-11-21 10:39:18,809 - train_model.py - Epoch: [0][250/253]	Time 41.650 (27.832)	Data 0.219 (0.124)	Loss 0.2961 (0.2973)
Test: [0/50]	Time 2.662 (2.662)	Loss 0.4370 (0.4370)
Test: [10/50]	Time 5.084 (4.065)	Loss 0.3058 (0.3553)
Test: [20/50]	Time 5.601 (4.713)	Loss 0.3055 (0.3355)
Test: [30/50]	Time 7.191 (5.353)	Loss 0.3004 (0.3245)
Test: [40/50]	Time 8.594 (6.031)	Loss 0.3398 (0.3231)
INFO - 2022-11-21 10:46:15,136 - train_model.py - Epoch: [1][0/253]	Time 36.734 (36.734)	Data 0.107 (0.107)	Loss 0.2301 (0.2301)
INFO - 2022-11-21 10:52:01,586 - train_model.py - Epoch: [1][10/253]	Time 36.289 (34.835)	Data 0.125 (0.125)	Loss 0.2854 (0.2714)
INFO - 2022-11-21 10:58:07,879 - train_model.py - Epoch: [1][20/253]	Time 34.618 (35.689)	Data 0.144 (0.128)	Loss 0.2423 (0.2690)
INFO - 2022-11-21 11:04:16,808 - train_model.py - Epoch: [1][30/253]	Time 36.932 (36.078)	Data 0.149 (0.132)	Loss 0.2694 (0.2693)
INFO - 2022-11-21 11:10:30,577 - train_model.py - Epoch: [1][40/253]	Time 35.664 (36.394)	Data 0.129 (0.136)	Loss 0.2858 (0.2667)
INFO - 2022-11-21 11:16:21,375 - train_model.py - Epoch: [1][50/253]	Time 33.810 (36.137)	Data 0.133 (0.139)	Loss 0.2428 (0.2644)
INFO - 2022-11-21 11:22:10,820 - train_model.py - Epoch: [1][60/253]	Time 39.420 (35.941)	Data 0.154 (0.141)	Loss 0.2925 (0.2643)
INFO - 2022-11-21 11:28:16,225 - train_model.py - Epoch: [1][70/253]	Time 39.736 (36.026)	Data 0.157 (0.144)	Loss 0.2211 (0.2632)
INFO - 2022-11-21 11:34:46,039 - train_model.py - Epoch: [1][80/253]	Time 37.412 (36.391)	Data 0.182 (0.146)	Loss 0.2562 (0.2618)
INFO - 2022-11-21 11:41:11,449 - train_model.py - Epoch: [1][90/253]	Time 36.500 (36.627)	Data 0.168 (0.148)	Loss 0.2668 (0.2614)
INFO - 2022-11-21 11:47:32,774 - train_model.py - Epoch: [1][100/253]	Time 38.190 (36.776)	Data 0.173 (0.150)	Loss 0.2754 (0.2622)
INFO - 2022-11-21 11:53:54,833 - train_model.py - Epoch: [1][110/253]	Time 37.308 (36.905)	Data 0.201 (0.160)	Loss 0.2786 (0.2624)
INFO - 2022-11-21 12:00:22,051 - train_model.py - Epoch: [1][120/253]	Time 38.842 (37.055)	Data 0.205 (0.162)	Loss 0.2341 (0.2616)
INFO - 2022-11-21 12:06:51,901 - train_model.py - Epoch: [1][130/253]	Time 38.830 (37.202)	Data 0.215 (0.165)	Loss 0.2603 (0.2605)
INFO - 2022-11-21 12:13:08,581 - train_model.py - Epoch: [1][140/253]	Time 38.264 (37.235)	Data 0.169 (0.169)	Loss 0.2523 (0.2590)
INFO - 2022-11-21 12:18:13,093 - train_model.py - Epoch: [1][150/253]	Time 15.728 (36.786)	Data 0.166 (0.175)	Loss 0.2185 (0.2574)
INFO - 2022-11-21 12:22:53,960 - train_model.py - Epoch: [1][160/253]	Time 16.816 (36.246)	Data 0.282 (0.177)	Loss 0.2649 (0.2570)
INFO - 2022-11-21 12:26:07,044 - train_model.py - Epoch: [1][170/253]	Time 18.729 (35.255)	Data 0.211 (0.180)	Loss 0.2511 (0.2566)
INFO - 2022-11-21 12:36:11,118 - train_model.py - Epoch: [1][180/253]	Time 97.762 (36.645)	Data 0.181 (0.183)	Loss 0.2212 (0.2552)
INFO - 2022-11-21 12:49:39,770 - train_model.py - Epoch: [1][190/253]	Time 80.866 (38.960)	Data 0.205 (0.184)	Loss 0.2164 (0.2538)
INFO - 2022-11-21 12:51:27,997 - train_model.py - Epoch: [1][200/253]	Time 9.876 (37.560)	Data 0.296 (0.186)	Loss 0.2540 (0.2535)
INFO - 2022-11-21 12:53:05,736 - train_model.py - Epoch: [1][210/253]	Time 9.830 (36.243)	Data 0.237 (0.188)	Loss 0.2711 (0.2530)
INFO - 2022-11-21 12:54:43,969 - train_model.py - Epoch: [1][220/253]	Time 9.860 (35.048)	Data 0.246 (0.189)	Loss 0.2477 (0.2527)
INFO - 2022-11-21 12:56:21,917 - train_model.py - Epoch: [1][230/253]	Time 9.676 (33.955)	Data 0.183 (0.190)	Loss 0.2462 (0.2522)
INFO - 2022-11-21 12:57:58,945 - train_model.py - Epoch: [1][240/253]	Time 9.724 (32.948)	Data 0.145 (0.190)	Loss 0.2200 (0.2516)
INFO - 2022-11-21 12:59:36,441 - train_model.py - Epoch: [1][250/253]	Time 9.792 (32.024)	Data 0.250 (0.192)	Loss 0.2499 (0.2507)
Test: [0/50]	Time 0.593 (0.593)	Loss 0.4058 (0.4058)
Test: [10/50]	Time 1.169 (0.962)	Loss 0.2658 (0.3159)
Test: [20/50]	Time 1.469 (1.148)	Loss 0.2507 (0.2930)
Test: [30/50]	Time 1.808 (1.307)	Loss 0.2588 (0.2812)
Test: [40/50]	Time 2.296 (1.494)	Loss 0.2879 (0.2772)
INFO - 2022-11-21 13:01:18,129 - train_model.py - Epoch: [2][0/253]	Time 8.393 (8.393)	Data 0.107 (0.107)	Loss 0.2409 (0.2409)
INFO - 2022-11-21 13:02:51,813 - train_model.py - Epoch: [2][10/253]	Time 9.624 (9.280)	Data 0.100 (0.100)	Loss 0.2386 (0.2331)
INFO - 2022-11-21 13:04:27,733 - train_model.py - Epoch: [2][20/253]	Time 9.588 (9.428)	Data 0.102 (0.097)	Loss 0.2562 (0.2356)
INFO - 2022-11-21 13:06:04,161 - train_model.py - Epoch: [2][30/253]	Time 9.628 (9.498)	Data 0.092 (0.100)	Loss 0.2706 (0.2381)
INFO - 2022-11-21 13:07:40,577 - train_model.py - Epoch: [2][40/253]	Time 9.660 (9.533)	Data 0.099 (0.101)	Loss 0.2394 (0.2375)
INFO - 2022-11-21 13:09:16,969 - train_model.py - Epoch: [2][50/253]	Time 9.584 (9.554)	Data 0.096 (0.100)	Loss 0.2582 (0.2343)
INFO - 2022-11-21 13:10:53,584 - train_model.py - Epoch: [2][60/253]	Time 9.660 (9.571)	Data 0.114 (0.100)	Loss 0.2316 (0.2325)
INFO - 2022-11-21 13:12:30,117 - train_model.py - Epoch: [2][70/253]	Time 9.593 (9.583)	Data 0.100 (0.100)	Loss 0.2164 (0.2314)
INFO - 2022-11-21 13:14:06,715 - train_model.py - Epoch: [2][80/253]	Time 9.746 (9.592)	Data 0.093 (0.101)	Loss 0.2594 (0.2327)
INFO - 2022-11-21 13:15:42,729 - train_model.py - Epoch: [2][90/253]	Time 8.936 (9.593)	Data 0.090 (0.100)	Loss 0.2189 (0.2331)
INFO - 2022-11-21 13:17:20,645 - train_model.py - Epoch: [2][100/253]	Time 9.699 (9.613)	Data 0.098 (0.100)	Loss 0.2522 (0.2322)
INFO - 2022-11-21 13:18:57,957 - train_model.py - Epoch: [2][110/253]	Time 9.739 (9.624)	Data 0.095 (0.100)	Loss 0.2543 (0.2322)
INFO - 2022-11-21 13:20:35,573 - train_model.py - Epoch: [2][120/253]	Time 9.683 (9.635)	Data 0.086 (0.102)	Loss 0.2033 (0.2314)
INFO - 2022-11-21 13:22:12,709 - train_model.py - Epoch: [2][130/253]	Time 9.676 (9.641)	Data 0.106 (0.102)	Loss 0.1931 (0.2313)
INFO - 2022-11-21 13:23:48,921 - train_model.py - Epoch: [2][140/253]	Time 9.824 (9.640)	Data 0.100 (0.102)	Loss 0.2196 (0.2308)
INFO - 2022-11-21 13:25:25,997 - train_model.py - Epoch: [2][150/253]	Time 9.684 (9.644)	Data 0.094 (0.101)	Loss 0.1997 (0.2303)
INFO - 2022-11-21 13:27:02,909 - train_model.py - Epoch: [2][160/253]	Time 9.668 (9.647)	Data 0.105 (0.102)	Loss 0.1958 (0.2292)
INFO - 2022-11-21 13:28:39,101 - train_model.py - Epoch: [2][170/253]	Time 9.647 (9.645)	Data 0.116 (0.101)	Loss 0.1989 (0.2290)
INFO - 2022-11-21 13:30:16,217 - train_model.py - Epoch: [2][180/253]	Time 9.717 (9.649)	Data 0.092 (0.101)	Loss 0.2479 (0.2292)
INFO - 2022-11-21 13:31:53,485 - train_model.py - Epoch: [2][190/253]	Time 9.796 (9.653)	Data 0.116 (0.101)	Loss 0.2281 (0.2290)
INFO - 2022-11-21 13:33:30,533 - train_model.py - Epoch: [2][200/253]	Time 9.720 (9.656)	Data 0.096 (0.101)	Loss 0.2370 (0.2282)
INFO - 2022-11-21 13:35:08,037 - train_model.py - Epoch: [2][210/253]	Time 9.724 (9.660)	Data 0.094 (0.101)	Loss 0.2070 (0.2275)
INFO - 2022-11-21 13:36:45,299 - train_model.py - Epoch: [2][220/253]	Time 9.714 (9.663)	Data 0.096 (0.100)	Loss 0.1906 (0.2268)
INFO - 2022-11-21 13:38:22,561 - train_model.py - Epoch: [2][230/253]	Time 9.530 (9.666)	Data 0.092 (0.100)	Loss 0.2350 (0.2266)
INFO - 2022-11-21 13:39:58,705 - train_model.py - Epoch: [2][240/253]	Time 9.612 (9.664)	Data 0.120 (0.100)	Loss 0.2399 (0.2270)
INFO - 2022-11-21 13:41:35,516 - train_model.py - Epoch: [2][250/253]	Time 9.652 (9.664)	Data 0.116 (0.100)	Loss 0.2313 (0.2265)
Test: [0/50]	Time 0.709 (0.709)	Loss 0.3775 (0.3775)
Test: [10/50]	Time 1.170 (0.974)	Loss 0.2287 (0.2876)
Test: [20/50]	Time 1.470 (1.148)	Loss 0.2280 (0.2665)
Test: [30/50]	Time 1.802 (1.307)	Loss 0.2333 (0.2563)
Test: [40/50]	Time 2.307 (1.487)	Loss 0.2561 (0.2539)
INFO - 2022-11-21 13:43:15,503 - train_model.py - Epoch: [3][0/253]	Time 8.434 (8.434)	Data 0.093 (0.093)	Loss 0.1955 (0.1955)
INFO - 2022-11-21 13:44:48,817 - train_model.py - Epoch: [3][10/253]	Time 9.679 (9.250)	Data 0.095 (0.093)	Loss 0.2165 (0.2153)
INFO - 2022-11-21 13:46:25,956 - train_model.py - Epoch: [3][20/253]	Time 9.724 (9.471)	Data 0.090 (0.092)	Loss 0.2083 (0.2116)
INFO - 2022-11-21 13:48:02,549 - train_model.py - Epoch: [3][30/253]	Time 9.632 (9.532)	Data 0.088 (0.092)	Loss 0.1964 (0.2154)
INFO - 2022-11-21 13:49:38,792 - train_model.py - Epoch: [3][40/253]	Time 9.655 (9.554)	Data 0.085 (0.091)	Loss 0.1947 (0.2109)
INFO - 2022-11-21 13:51:15,649 - train_model.py - Epoch: [3][50/253]	Time 9.664 (9.580)	Data 0.094 (0.091)	Loss 0.1921 (0.2101)
INFO - 2022-11-21 13:52:52,581 - train_model.py - Epoch: [3][60/253]	Time 9.684 (9.599)	Data 0.096 (0.091)	Loss 0.1949 (0.2106)
INFO - 2022-11-21 13:54:28,757 - train_model.py - Epoch: [3][70/253]	Time 9.604 (9.601)	Data 0.083 (0.091)	Loss 0.1803 (0.2098)
INFO - 2022-11-21 13:56:04,985 - train_model.py - Epoch: [3][80/253]	Time 9.643 (9.604)	Data 0.095 (0.091)	Loss 0.1836 (0.2111)
INFO - 2022-11-21 13:57:41,532 - train_model.py - Epoch: [3][90/253]	Time 9.691 (9.609)	Data 0.087 (0.090)	Loss 0.2315 (0.2122)
INFO - 2022-11-21 13:59:17,788 - train_model.py - Epoch: [3][100/253]	Time 9.619 (9.611)	Data 0.094 (0.091)	Loss 0.2360 (0.2135)
INFO - 2022-11-21 14:00:53,214 - train_model.py - Epoch: [3][110/253]	Time 9.594 (9.605)	Data 0.098 (0.091)	Loss 0.2294 (0.2135)
INFO - 2022-11-21 14:02:29,651 - train_model.py - Epoch: [3][120/253]	Time 9.603 (9.608)	Data 0.089 (0.091)	Loss 0.2170 (0.2139)
INFO - 2022-11-21 14:04:06,073 - train_model.py - Epoch: [3][130/253]	Time 9.654 (9.611)	Data 0.090 (0.091)	Loss 0.2317 (0.2147)
INFO - 2022-11-21 14:05:42,076 - train_model.py - Epoch: [3][140/253]	Time 9.560 (9.610)	Data 0.086 (0.091)	Loss 0.2114 (0.2153)
INFO - 2022-11-21 14:07:18,365 - train_model.py - Epoch: [3][150/253]	Time 9.636 (9.611)	Data 0.098 (0.091)	Loss 0.2350 (0.2157)
INFO - 2022-11-21 14:08:55,173 - train_model.py - Epoch: [3][160/253]	Time 9.640 (9.616)	Data 0.097 (0.091)	Loss 0.1989 (0.2154)
INFO - 2022-11-21 14:10:30,505 - train_model.py - Epoch: [3][170/253]	Time 9.384 (9.611)	Data 0.095 (0.091)	Loss 0.1984 (0.2145)
INFO - 2022-11-21 14:12:06,445 - train_model.py - Epoch: [3][180/253]	Time 9.564 (9.610)	Data 0.092 (0.091)	Loss 0.2071 (0.2147)
INFO - 2022-11-21 14:13:42,260 - train_model.py - Epoch: [3][190/253]	Time 9.504 (9.608)	Data 0.096 (0.091)	Loss 0.2109 (0.2145)
INFO - 2022-11-21 14:15:17,693 - train_model.py - Epoch: [3][200/253]	Time 9.452 (9.605)	Data 0.092 (0.091)	Loss 0.1985 (0.2145)
INFO - 2022-11-21 14:16:53,401 - train_model.py - Epoch: [3][210/253]	Time 9.556 (9.603)	Data 0.086 (0.091)	Loss 0.1685 (0.2144)
INFO - 2022-11-21 14:18:28,797 - train_model.py - Epoch: [3][220/253]	Time 9.560 (9.601)	Data 0.084 (0.091)	Loss 0.1975 (0.2143)
INFO - 2022-11-21 14:20:04,229 - train_model.py - Epoch: [3][230/253]	Time 9.435 (9.598)	Data 0.084 (0.091)	Loss 0.2098 (0.2139)
INFO - 2022-11-21 14:21:39,383 - train_model.py - Epoch: [3][240/253]	Time 9.447 (9.595)	Data 0.088 (0.091)	Loss 0.2086 (0.2139)
INFO - 2022-11-21 14:23:15,694 - train_model.py - Epoch: [3][250/253]	Time 9.565 (9.596)	Data 0.094 (0.091)	Loss 0.2123 (0.2139)
Test: [0/50]	Time 0.606 (0.606)	Loss 0.3664 (0.3664)
Test: [10/50]	Time 1.174 (0.967)	Loss 0.2158 (0.2742)
Test: [20/50]	Time 1.471 (1.144)	Loss 0.2108 (0.2545)
Test: [30/50]	Time 1.815 (1.306)	Loss 0.2170 (0.2437)
Test: [40/50]	Time 2.300 (1.484)	Loss 0.2468 (0.2421)
INFO - 2022-11-21 14:24:56,508 - train_model.py - Epoch: [4][0/253]	Time 8.436 (8.436)	Data 0.101 (0.101)	Loss 0.2273 (0.2273)
INFO - 2022-11-21 14:26:29,393 - train_model.py - Epoch: [4][10/253]	Time 9.612 (9.211)	Data 0.094 (0.092)	Loss 0.1967 (0.2168)
INFO - 2022-11-21 14:28:05,825 - train_model.py - Epoch: [4][20/253]	Time 9.644 (9.417)	Data 0.089 (0.092)	Loss 0.2246 (0.2173)
INFO - 2022-11-21 14:29:42,521 - train_model.py - Epoch: [4][30/253]	Time 9.648 (9.498)	Data 0.083 (0.091)	Loss 0.2335 (0.2162)
INFO - 2022-11-21 14:31:19,109 - train_model.py - Epoch: [4][40/253]	Time 9.646 (9.537)	Data 0.084 (0.091)	Loss 0.2214 (0.2138)
INFO - 2022-11-21 14:32:55,652 - train_model.py - Epoch: [4][50/253]	Time 9.630 (9.560)	Data 0.091 (0.091)	Loss 0.1762 (0.2124)
INFO - 2022-11-21 14:34:31,949 - train_model.py - Epoch: [4][60/253]	Time 9.668 (9.572)	Data 0.086 (0.091)	Loss 0.1933 (0.2102)
INFO - 2022-11-21 14:36:08,779 - train_model.py - Epoch: [4][70/253]	Time 9.703 (9.587)	Data 0.099 (0.091)	Loss 0.2016 (0.2102)
INFO - 2022-11-21 14:37:45,529 - train_model.py - Epoch: [4][80/253]	Time 9.621 (9.598)	Data 0.072 (0.091)	Loss 0.1760 (0.2111)
INFO - 2022-11-21 14:39:22,268 - train_model.py - Epoch: [4][90/253]	Time 9.729 (9.607)	Data 0.093 (0.091)	Loss 0.1770 (0.2097)
INFO - 2022-11-21 14:40:58,781 - train_model.py - Epoch: [4][100/253]	Time 9.625 (9.611)	Data 0.091 (0.091)	Loss 0.2176 (0.2098)
INFO - 2022-11-21 14:42:35,689 - train_model.py - Epoch: [4][110/253]	Time 9.659 (9.618)	Data 0.087 (0.091)	Loss 0.2198 (0.2087)
INFO - 2022-11-21 14:44:11,701 - train_model.py - Epoch: [4][120/253]	Time 9.618 (9.617)	Data 0.100 (0.091)	Loss 0.2056 (0.2081)
INFO - 2022-11-21 14:45:47,745 - train_model.py - Epoch: [4][130/253]	Time 9.608 (9.616)	Data 0.082 (0.091)	Loss 0.1787 (0.2081)
INFO - 2022-11-21 14:47:23,712 - train_model.py - Epoch: [4][140/253]	Time 9.640 (9.614)	Data 0.093 (0.091)	Loss 0.1964 (0.2078)
INFO - 2022-11-21 14:48:59,713 - train_model.py - Epoch: [4][150/253]	Time 9.574 (9.614)	Data 0.078 (0.091)	Loss 0.2053 (0.2076)
INFO - 2022-11-21 14:50:35,781 - train_model.py - Epoch: [4][160/253]	Time 9.587 (9.613)	Data 0.085 (0.090)	Loss 0.2118 (0.2079)
INFO - 2022-11-21 14:52:12,213 - train_model.py - Epoch: [4][170/253]	Time 9.676 (9.615)	Data 0.090 (0.090)	Loss 0.2005 (0.2067)
INFO - 2022-11-21 14:53:48,089 - train_model.py - Epoch: [4][180/253]	Time 9.583 (9.613)	Data 0.087 (0.090)	Loss 0.2370 (0.2068)
INFO - 2022-11-21 14:55:24,113 - train_model.py - Epoch: [4][190/253]	Time 9.568 (9.613)	Data 0.093 (0.090)	Loss 0.2269 (0.2073)
INFO - 2022-11-21 14:57:00,185 - train_model.py - Epoch: [4][200/253]	Time 9.573 (9.612)	Data 0.096 (0.090)	Loss 0.2167 (0.2073)
INFO - 2022-11-21 14:58:36,201 - train_model.py - Epoch: [4][210/253]	Time 9.639 (9.612)	Data 0.095 (0.090)	Loss 0.2199 (0.2074)
INFO - 2022-11-21 15:00:12,531 - train_model.py - Epoch: [4][220/253]	Time 9.712 (9.613)	Data 0.096 (0.090)	Loss 0.1774 (0.2072)
INFO - 2022-11-21 15:01:47,750 - train_model.py - Epoch: [4][230/253]	Time 9.798 (9.609)	Data 0.091 (0.090)	Loss 0.2030 (0.2072)
INFO - 2022-11-21 15:03:22,989 - train_model.py - Epoch: [4][240/253]	Time 9.628 (9.605)	Data 0.088 (0.090)	Loss 0.1921 (0.2074)
INFO - 2022-11-21 15:04:58,693 - train_model.py - Epoch: [4][250/253]	Time 9.555 (9.604)	Data 0.100 (0.090)	Loss 0.2281 (0.2070)
Test: [0/50]	Time 0.606 (0.606)	Loss 0.3835 (0.3835)
Test: [10/50]	Time 1.172 (0.963)	Loss 0.2448 (0.2958)
Test: [20/50]	Time 1.469 (1.143)	Loss 0.2290 (0.2741)
Test: [30/50]	Time 1.794 (1.303)	Loss 0.2402 (0.2631)
Test: [40/50]	Time 2.282 (1.481)	Loss 0.2612 (0.2597)
INFO - 2022-11-21 15:06:40,077 - train_model.py - Epoch: [5][0/253]	Time 8.431 (8.431)	Data 0.091 (0.091)	Loss 0.2062 (0.2062)
INFO - 2022-11-21 15:08:14,039 - train_model.py - Epoch: [5][10/253]	Time 9.668 (9.308)	Data 0.087 (0.092)	Loss 0.1847 (0.2186)
INFO - 2022-11-21 15:09:50,946 - train_model.py - Epoch: [5][20/253]	Time 9.657 (9.490)	Data 0.095 (0.092)	Loss 0.1762 (0.2113)
INFO - 2022-11-21 15:11:27,452 - train_model.py - Epoch: [5][30/253]	Time 9.680 (9.542)	Data 0.099 (0.092)	Loss 0.2339 (0.2120)
INFO - 2022-11-21 15:13:03,841 - train_model.py - Epoch: [5][40/253]	Time 9.620 (9.566)	Data 0.094 (0.092)	Loss 0.2021 (0.2096)
INFO - 2022-11-21 15:14:40,220 - train_model.py - Epoch: [5][50/253]	Time 9.639 (9.580)	Data 0.092 (0.091)	Loss 0.1782 (0.2085)
INFO - 2022-11-21 15:16:16,625 - train_model.py - Epoch: [5][60/253]	Time 9.600 (9.590)	Data 0.088 (0.091)	Loss 0.2230 (0.2082)
INFO - 2022-11-21 15:17:53,024 - train_model.py - Epoch: [5][70/253]	Time 9.657 (9.597)	Data 0.097 (0.091)	Loss 0.1956 (0.2093)
INFO - 2022-11-21 15:19:29,073 - train_model.py - Epoch: [5][80/253]	Time 9.740 (9.598)	Data 0.095 (0.091)	Loss 0.1956 (0.2084)
INFO - 2022-11-21 15:21:05,533 - train_model.py - Epoch: [5][90/253]	Time 9.648 (9.603)	Data 0.090 (0.091)	Loss 0.2158 (0.2077)
INFO - 2022-11-21 15:22:41,941 - train_model.py - Epoch: [5][100/253]	Time 9.652 (9.607)	Data 0.090 (0.091)	Loss 0.1962 (0.2068)
INFO - 2022-11-21 15:24:18,293 - train_model.py - Epoch: [5][110/253]	Time 9.640 (9.609)	Data 0.096 (0.091)	Loss 0.1908 (0.2068)
INFO - 2022-11-21 15:25:54,265 - train_model.py - Epoch: [5][120/253]	Time 9.704 (9.608)	Data 0.088 (0.091)	Loss 0.2133 (0.2068)
INFO - 2022-11-21 15:27:30,153 - train_model.py - Epoch: [5][130/253]	Time 9.552 (9.607)	Data 0.097 (0.091)	Loss 0.1813 (0.2064)
INFO - 2022-11-21 15:29:05,917 - train_model.py - Epoch: [5][140/253]	Time 9.545 (9.605)	Data 0.088 (0.091)	Loss 0.1954 (0.2057)
INFO - 2022-11-21 15:30:41,703 - train_model.py - Epoch: [5][150/253]	Time 9.590 (9.603)	Data 0.092 (0.091)	Loss 0.1712 (0.2053)
INFO - 2022-11-21 15:32:17,889 - train_model.py - Epoch: [5][160/253]	Time 9.624 (9.604)	Data 0.091 (0.091)	Loss 0.2025 (0.2051)
INFO - 2022-11-21 15:33:54,368 - train_model.py - Epoch: [5][170/253]	Time 9.588 (9.607)	Data 0.083 (0.091)	Loss 0.1560 (0.2051)
INFO - 2022-11-21 15:35:29,781 - train_model.py - Epoch: [5][180/253]	Time 9.608 (9.603)	Data 0.095 (0.090)	Loss 0.2081 (0.2049)
INFO - 2022-11-21 15:37:05,881 - train_model.py - Epoch: [5][190/253]	Time 9.581 (9.603)	Data 0.096 (0.090)	Loss 0.2160 (0.2049)
INFO - 2022-11-21 15:38:40,817 - train_model.py - Epoch: [5][200/253]	Time 9.592 (9.598)	Data 0.097 (0.091)	Loss 0.2390 (0.2055)
INFO - 2022-11-21 15:40:16,594 - train_model.py - Epoch: [5][210/253]	Time 9.549 (9.597)	Data 0.085 (0.091)	Loss 0.2020 (0.2055)
INFO - 2022-11-21 15:41:52,472 - train_model.py - Epoch: [5][220/253]	Time 9.703 (9.596)	Data 0.084 (0.091)	Loss 0.1968 (0.2049)
INFO - 2022-11-21 15:43:28,115 - train_model.py - Epoch: [5][230/253]	Time 9.582 (9.595)	Data 0.085 (0.091)	Loss 0.1981 (0.2047)
INFO - 2022-11-21 15:45:04,081 - train_model.py - Epoch: [5][240/253]	Time 9.596 (9.595)	Data 0.084 (0.091)	Loss 0.1665 (0.2045)
INFO - 2022-11-21 15:46:39,653 - train_model.py - Epoch: [5][250/253]	Time 9.595 (9.594)	Data 0.100 (0.091)	Loss 0.2032 (0.2042)
Test: [0/50]	Time 0.607 (0.607)	Loss 0.3616 (0.3616)
Test: [10/50]	Time 1.171 (0.968)	Loss 0.2124 (0.2642)
Test: [20/50]	Time 1.469 (1.145)	Loss 0.1991 (0.2445)
Test: [30/50]	Time 1.797 (1.304)	Loss 0.2138 (0.2354)
Test: [40/50]	Time 2.275 (1.480)	Loss 0.2542 (0.2353)
INFO - 2022-11-21 15:48:20,333 - train_model.py - Epoch: [6][0/253]	Time 8.407 (8.407)	Data 0.100 (0.100)	Loss 0.1916 (0.1916)
INFO - 2022-11-21 15:49:53,145 - train_model.py - Epoch: [6][10/253]	Time 9.588 (9.202)	Data 0.092 (0.092)	Loss 0.1708 (0.1992)
INFO - 2022-11-21 15:51:28,889 - train_model.py - Epoch: [6][20/253]	Time 9.560 (9.379)	Data 0.081 (0.090)	Loss 0.2229 (0.1992)
INFO - 2022-11-21 15:53:05,253 - train_model.py - Epoch: [6][30/253]	Time 9.728 (9.462)	Data 0.095 (0.091)	Loss 0.2036 (0.1953)
INFO - 2022-11-21 15:54:41,464 - train_model.py - Epoch: [6][40/253]	Time 9.586 (9.501)	Data 0.092 (0.091)	Loss 0.2144 (0.1979)
INFO - 2022-11-21 15:56:17,853 - train_model.py - Epoch: [6][50/253]	Time 9.680 (9.528)	Data 0.090 (0.091)	Loss 0.1652 (0.1986)
INFO - 2022-11-21 15:57:54,329 - train_model.py - Epoch: [6][60/253]	Time 9.623 (9.548)	Data 0.087 (0.090)	Loss 0.1583 (0.1961)
INFO - 2022-11-21 15:59:31,157 - train_model.py - Epoch: [6][70/253]	Time 9.656 (9.567)	Data 0.091 (0.090)	Loss 0.1750 (0.1956)
INFO - 2022-11-21 16:01:07,445 - train_model.py - Epoch: [6][80/253]	Time 9.620 (9.574)	Data 0.090 (0.090)	Loss 0.1963 (0.1961)
INFO - 2022-11-21 16:02:43,953 - train_model.py - Epoch: [6][90/253]	Time 9.648 (9.583)	Data 0.093 (0.090)	Loss 0.2051 (0.1963)
INFO - 2022-11-21 16:04:19,901 - train_model.py - Epoch: [6][100/253]	Time 9.600 (9.584)	Data 0.087 (0.090)	Loss 0.1705 (0.1963)
INFO - 2022-11-21 16:05:55,857 - train_model.py - Epoch: [6][110/253]	Time 9.660 (9.585)	Data 0.090 (0.090)	Loss 0.2177 (0.1968)
INFO - 2022-11-21 16:07:31,629 - train_model.py - Epoch: [6][120/253]	Time 9.650 (9.584)	Data 0.093 (0.090)	Loss 0.1517 (0.1963)
INFO - 2022-11-21 16:09:07,881 - train_model.py - Epoch: [6][130/253]	Time 9.578 (9.587)	Data 0.092 (0.090)	Loss 0.1649 (0.1965)
INFO - 2022-11-21 16:10:43,669 - train_model.py - Epoch: [6][140/253]	Time 9.512 (9.587)	Data 0.086 (0.090)	Loss 0.1717 (0.1967)
INFO - 2022-11-21 16:12:19,305 - train_model.py - Epoch: [6][150/253]	Time 9.525 (9.585)	Data 0.092 (0.090)	Loss 0.1727 (0.1968)
INFO - 2022-11-21 16:13:54,681 - train_model.py - Epoch: [6][160/253]	Time 9.528 (9.582)	Data 0.083 (0.090)	Loss 0.1635 (0.1966)
INFO - 2022-11-21 16:15:29,141 - train_model.py - Epoch: [6][170/253]	Time 9.560 (9.574)	Data 0.094 (0.090)	Loss 0.2059 (0.1969)
INFO - 2022-11-21 16:17:05,033 - train_model.py - Epoch: [6][180/253]	Time 9.626 (9.575)	Data 0.095 (0.090)	Loss 0.2308 (0.1976)
INFO - 2022-11-21 16:18:40,649 - train_model.py - Epoch: [6][190/253]	Time 9.612 (9.574)	Data 0.095 (0.090)	Loss 0.2309 (0.1977)
INFO - 2022-11-21 16:20:16,279 - train_model.py - Epoch: [6][200/253]	Time 9.523 (9.574)	Data 0.079 (0.090)	Loss 0.1677 (0.1974)
INFO - 2022-11-21 16:21:52,169 - train_model.py - Epoch: [6][210/253]	Time 9.743 (9.575)	Data 0.084 (0.090)	Loss 0.1818 (0.1975)
INFO - 2022-11-21 16:23:27,337 - train_model.py - Epoch: [6][220/253]	Time 9.600 (9.572)	Data 0.098 (0.090)	Loss 0.1845 (0.1977)
INFO - 2022-11-21 16:25:02,489 - train_model.py - Epoch: [6][230/253]	Time 9.648 (9.570)	Data 0.078 (0.090)	Loss 0.1987 (0.1975)
INFO - 2022-11-21 16:26:38,825 - train_model.py - Epoch: [6][240/253]	Time 9.660 (9.572)	Data 0.093 (0.090)	Loss 0.2082 (0.1980)
INFO - 2022-11-21 16:28:15,049 - train_model.py - Epoch: [6][250/253]	Time 9.618 (9.574)	Data 0.084 (0.090)	Loss 0.1922 (0.1980)
Test: [0/50]	Time 0.611 (0.611)	Loss 0.3663 (0.3663)
Test: [10/50]	Time 1.176 (0.972)	Loss 0.2135 (0.2688)
Test: [20/50]	Time 1.473 (1.149)	Loss 0.2048 (0.2488)
Test: [30/50]	Time 1.801 (1.309)	Loss 0.2100 (0.2374)
Test: [40/50]	Time 2.286 (1.488)	Loss 0.2384 (0.2350)
INFO - 2022-11-21 16:29:56,609 - train_model.py - Epoch: [7][0/253]	Time 8.465 (8.465)	Data 0.083 (0.083)	Loss 0.1577 (0.1577)
INFO - 2022-11-21 16:31:29,285 - train_model.py - Epoch: [7][10/253]	Time 9.688 (9.195)	Data 0.095 (0.089)	Loss 0.1962 (0.1839)
INFO - 2022-11-21 16:33:05,101 - train_model.py - Epoch: [7][20/253]	Time 9.525 (9.379)	Data 0.094 (0.090)	Loss 0.1989 (0.1875)
INFO - 2022-11-21 16:34:41,253 - train_model.py - Epoch: [7][30/253]	Time 9.528 (9.455)	Data 0.093 (0.091)	Loss 0.1529 (0.1861)
INFO - 2022-11-21 16:36:17,490 - train_model.py - Epoch: [7][40/253]	Time 9.597 (9.496)	Data 0.096 (0.090)	Loss 0.1898 (0.1865)
INFO - 2022-11-21 16:37:53,161 - train_model.py - Epoch: [7][50/253]	Time 9.699 (9.510)	Data 0.084 (0.090)	Loss 0.1866 (0.1881)
INFO - 2022-11-21 16:39:29,201 - train_model.py - Epoch: [7][60/253]	Time 9.596 (9.526)	Data 0.081 (0.091)	Loss 0.1684 (0.1891)
INFO - 2022-11-21 16:41:05,081 - train_model.py - Epoch: [7][70/253]	Time 9.523 (9.534)	Data 0.089 (0.090)	Loss 0.2106 (0.1899)
INFO - 2022-11-21 16:42:41,177 - train_model.py - Epoch: [7][80/253]	Time 9.528 (9.544)	Data 0.088 (0.090)	Loss 0.1908 (0.1901)
INFO - 2022-11-21 16:44:17,169 - train_model.py - Epoch: [7][90/253]	Time 9.670 (9.550)	Data 0.101 (0.091)	Loss 0.2369 (0.1912)
INFO - 2022-11-21 16:45:53,409 - train_model.py - Epoch: [7][100/253]	Time 9.653 (9.557)	Data 0.094 (0.091)	Loss 0.1993 (0.1918)
INFO - 2022-11-21 16:47:29,434 - train_model.py - Epoch: [7][110/253]	Time 9.630 (9.561)	Data 0.088 (0.091)	Loss 0.1911 (0.1923)
INFO - 2022-11-21 16:49:05,301 - train_model.py - Epoch: [7][120/253]	Time 9.611 (9.563)	Data 0.093 (0.091)	Loss 0.2142 (0.1925)
INFO - 2022-11-21 16:50:41,041 - train_model.py - Epoch: [7][130/253]	Time 9.539 (9.564)	Data 0.096 (0.091)	Loss 0.1631 (0.1922)
INFO - 2022-11-21 16:52:16,858 - train_model.py - Epoch: [7][140/253]	Time 9.661 (9.565)	Data 0.086 (0.091)	Loss 0.1999 (0.1928)
INFO - 2022-11-21 16:53:52,469 - train_model.py - Epoch: [7][150/253]	Time 9.532 (9.565)	Data 0.088 (0.090)	Loss 0.1911 (0.1916)
INFO - 2022-11-21 16:55:28,245 - train_model.py - Epoch: [7][160/253]	Time 9.583 (9.566)	Data 0.091 (0.090)	Loss 0.1813 (0.1914)
INFO - 2022-11-21 16:57:03,498 - train_model.py - Epoch: [7][170/253]	Time 9.565 (9.563)	Data 0.088 (0.091)	Loss 0.2037 (0.1920)
INFO - 2022-11-21 16:58:39,581 - train_model.py - Epoch: [7][180/253]	Time 9.620 (9.566)	Data 0.099 (0.091)	Loss 0.1720 (0.1917)
INFO - 2022-11-21 17:00:15,413 - train_model.py - Epoch: [7][190/253]	Time 9.552 (9.567)	Data 0.088 (0.091)	Loss 0.1804 (0.1924)
INFO - 2022-11-21 17:01:51,325 - train_model.py - Epoch: [7][200/253]	Time 9.777 (9.568)	Data 0.109 (0.091)	Loss 0.1911 (0.1929)
INFO - 2022-11-21 17:03:26,279 - train_model.py - Epoch: [7][210/253]	Time 9.728 (9.565)	Data 0.094 (0.091)	Loss 0.1995 (0.1926)
INFO - 2022-11-21 17:05:02,632 - train_model.py - Epoch: [7][220/253]	Time 9.603 (9.568)	Data 0.086 (0.091)	Loss 0.2085 (0.1928)
INFO - 2022-11-21 17:06:38,613 - train_model.py - Epoch: [7][230/253]	Time 9.622 (9.569)	Data 0.096 (0.091)	Loss 0.1811 (0.1927)
INFO - 2022-11-21 17:08:14,361 - train_model.py - Epoch: [7][240/253]	Time 9.581 (9.569)	Data 0.084 (0.091)	Loss 0.2045 (0.1931)
INFO - 2022-11-21 17:09:50,605 - train_model.py - Epoch: [7][250/253]	Time 9.633 (9.572)	Data 0.093 (0.091)	Loss 0.2306 (0.1932)
Test: [0/50]	Time 0.592 (0.592)	Loss 0.3816 (0.3816)
Test: [10/50]	Time 1.184 (0.959)	Loss 0.2318 (0.2872)
Test: [20/50]	Time 1.475 (1.144)	Loss 0.2161 (0.2633)
Test: [30/50]	Time 1.832 (1.310)	Loss 0.2226 (0.2509)
Test: [40/50]	Time 2.291 (1.491)	Loss 0.2299 (0.2452)
INFO - 2022-11-21 17:11:32,615 - train_model.py - Epoch: [8][0/253]	Time 8.458 (8.458)	Data 0.095 (0.095)	Loss 0.1946 (0.1946)
INFO - 2022-11-21 17:13:05,085 - train_model.py - Epoch: [8][10/253]	Time 9.037 (9.175)	Data 0.078 (0.087)	Loss 0.1815 (0.1895)
INFO - 2022-11-21 17:14:41,685 - train_model.py - Epoch: [8][20/253]	Time 9.619 (9.406)	Data 0.087 (0.089)	Loss 0.1839 (0.1865)
INFO - 2022-11-21 17:16:17,769 - train_model.py - Epoch: [8][30/253]	Time 9.727 (9.471)	Data 0.091 (0.089)	Loss 0.1688 (0.1850)
INFO - 2022-11-21 17:17:54,117 - train_model.py - Epoch: [8][40/253]	Time 9.577 (9.511)	Data 0.081 (0.090)	Loss 0.1923 (0.1883)
INFO - 2022-11-21 17:19:30,389 - train_model.py - Epoch: [8][50/253]	Time 9.615 (9.534)	Data 0.089 (0.090)	Loss 0.1649 (0.1887)
INFO - 2022-11-21 17:21:06,861 - train_model.py - Epoch: [8][60/253]	Time 9.680 (9.553)	Data 0.105 (0.091)	Loss 0.1915 (0.1890)
INFO - 2022-11-21 17:22:43,577 - train_model.py - Epoch: [8][70/253]	Time 9.680 (9.569)	Data 0.098 (0.091)	Loss 0.1701 (0.1882)
INFO - 2022-11-21 17:24:19,886 - train_model.py - Epoch: [8][80/253]	Time 9.593 (9.577)	Data 0.092 (0.091)	Loss 0.1630 (0.1885)
INFO - 2022-11-21 17:25:55,908 - train_model.py - Epoch: [8][90/253]	Time 9.624 (9.580)	Data 0.092 (0.091)	Loss 0.1933 (0.1877)
INFO - 2022-11-21 17:27:32,142 - train_model.py - Epoch: [8][100/253]	Time 9.623 (9.584)	Data 0.085 (0.091)	Loss 0.1796 (0.1882)
INFO - 2022-11-21 17:29:08,245 - train_model.py - Epoch: [8][110/253]	Time 9.630 (9.586)	Data 0.100 (0.091)	Loss 0.1860 (0.1880)
INFO - 2022-11-21 17:30:44,614 - train_model.py - Epoch: [8][120/253]	Time 9.642 (9.591)	Data 0.090 (0.091)	Loss 0.1896 (0.1879)
INFO - 2022-11-21 17:32:20,890 - train_model.py - Epoch: [8][130/253]	Time 9.581 (9.593)	Data 0.102 (0.091)	Loss 0.1658 (0.1875)
INFO - 2022-11-21 17:33:56,924 - train_model.py - Epoch: [8][140/253]	Time 9.689 (9.594)	Data 0.092 (0.091)	Loss 0.1655 (0.1872)
INFO - 2022-11-21 17:35:34,006 - train_model.py - Epoch: [8][150/253]	Time 9.729 (9.602)	Data 0.090 (0.091)	Loss 0.2253 (0.1873)
INFO - 2022-11-21 17:37:09,967 - train_model.py - Epoch: [8][160/253]	Time 9.692 (9.601)	Data 0.094 (0.091)	Loss 0.2043 (0.1876)
INFO - 2022-11-21 17:38:46,768 - train_model.py - Epoch: [8][170/253]	Time 9.764 (9.606)	Data 0.095 (0.091)	Loss 0.1966 (0.1869)
INFO - 2022-11-21 17:40:23,061 - train_model.py - Epoch: [8][180/253]	Time 9.627 (9.607)	Data 0.096 (0.091)	Loss 0.2171 (0.1876)
INFO - 2022-11-21 17:41:59,013 - train_model.py - Epoch: [8][190/253]	Time 9.712 (9.607)	Data 0.094 (0.091)	Loss 0.2028 (0.1875)
INFO - 2022-11-21 17:43:35,009 - train_model.py - Epoch: [8][200/253]	Time 9.557 (9.606)	Data 0.086 (0.091)	Loss 0.1993 (0.1871)
INFO - 2022-11-21 17:45:10,376 - train_model.py - Epoch: [8][210/253]	Time 9.582 (9.603)	Data 0.098 (0.091)	Loss 0.1968 (0.1874)
INFO - 2022-11-21 17:46:45,914 - train_model.py - Epoch: [8][220/253]	Time 9.477 (9.601)	Data 0.085 (0.091)	Loss 0.1880 (0.1874)
INFO - 2022-11-21 17:48:21,228 - train_model.py - Epoch: [8][230/253]	Time 9.488 (9.598)	Data 0.090 (0.090)	Loss 0.1739 (0.1875)
INFO - 2022-11-21 17:49:56,733 - train_model.py - Epoch: [8][240/253]	Time 9.499 (9.596)	Data 0.083 (0.091)	Loss 0.2027 (0.1881)
INFO - 2022-11-21 17:51:32,334 - train_model.py - Epoch: [8][250/253]	Time 9.680 (9.594)	Data 0.091 (0.091)	Loss 0.1762 (0.1884)
Test: [0/50]	Time 0.609 (0.609)	Loss 0.3523 (0.3523)
Test: [10/50]	Time 1.174 (0.981)	Loss 0.2044 (0.2559)
Test: [20/50]	Time 1.481 (1.153)	Loss 0.1943 (0.2349)
Test: [30/50]	Time 1.802 (1.314)	Loss 0.2040 (0.2253)
Test: [40/50]	Time 2.286 (1.489)	Loss 0.2364 (0.2239)
INFO - 2022-11-21 17:53:12,961 - train_model.py - Epoch: [9][0/253]	Time 8.409 (8.409)	Data 0.091 (0.091)	Loss 0.1918 (0.1918)
INFO - 2022-11-21 17:54:44,722 - train_model.py - Epoch: [9][10/253]	Time 9.337 (9.106)	Data 0.090 (0.089)	Loss 0.1865 (0.1864)
INFO - 2022-11-21 17:56:21,041 - train_model.py - Epoch: [9][20/253]	Time 9.637 (9.357)	Data 0.092 (0.090)	Loss 0.1894 (0.1792)
INFO - 2022-11-21 17:57:57,437 - train_model.py - Epoch: [9][30/253]	Time 9.593 (9.448)	Data 0.090 (0.092)	Loss 0.1547 (0.1787)
INFO - 2022-11-21 17:59:33,277 - train_model.py - Epoch: [9][40/253]	Time 9.176 (9.481)	Data 0.091 (0.091)	Loss 0.1808 (0.1785)
INFO - 2022-11-21 18:01:10,430 - train_model.py - Epoch: [9][50/253]	Time 9.661 (9.527)	Data 0.092 (0.091)	Loss 0.2172 (0.1800)
INFO - 2022-11-21 18:02:46,785 - train_model.py - Epoch: [9][60/253]	Time 9.560 (9.545)	Data 0.090 (0.092)	Loss 0.1872 (0.1806)
INFO - 2022-11-21 18:04:23,138 - train_model.py - Epoch: [9][70/253]	Time 9.620 (9.558)	Data 0.097 (0.092)	Loss 0.1561 (0.1825)
INFO - 2022-11-21 18:05:59,148 - train_model.py - Epoch: [9][80/253]	Time 9.628 (9.563)	Data 0.100 (0.091)	Loss 0.1639 (0.1814)
INFO - 2022-11-21 18:07:34,832 - train_model.py - Epoch: [9][90/253]	Time 9.548 (9.564)	Data 0.096 (0.091)	Loss 0.1789 (0.1811)
INFO - 2022-11-21 18:09:10,445 - train_model.py - Epoch: [9][100/253]	Time 9.577 (9.563)	Data 0.098 (0.091)	Loss 0.1610 (0.1810)
INFO - 2022-11-21 18:10:46,390 - train_model.py - Epoch: [9][110/253]	Time 9.609 (9.566)	Data 0.091 (0.091)	Loss 0.1443 (0.1808)
INFO - 2022-11-21 18:12:22,469 - train_model.py - Epoch: [9][120/253]	Time 9.604 (9.570)	Data 0.093 (0.091)	Loss 0.1720 (0.1815)
INFO - 2022-11-21 18:13:58,590 - train_model.py - Epoch: [9][130/253]	Time 9.678 (9.573)	Data 0.085 (0.091)	Loss 0.1989 (0.1828)
INFO - 2022-11-21 18:15:33,345 - train_model.py - Epoch: [9][140/253]	Time 9.644 (9.566)	Data 0.084 (0.091)	Loss 0.1975 (0.1838)
INFO - 2022-11-21 18:17:08,493 - train_model.py - Epoch: [9][150/253]	Time 9.536 (9.563)	Data 0.084 (0.091)	Loss 0.2033 (0.1838)
INFO - 2022-11-21 18:18:43,833 - train_model.py - Epoch: [9][160/253]	Time 9.529 (9.561)	Data 0.098 (0.091)	Loss 0.1882 (0.1839)
INFO - 2022-11-21 18:20:19,165 - train_model.py - Epoch: [9][170/253]	Time 9.584 (9.559)	Data 0.094 (0.091)	Loss 0.1943 (0.1845)
INFO - 2022-11-21 18:21:54,721 - train_model.py - Epoch: [9][180/253]	Time 9.661 (9.559)	Data 0.089 (0.091)	Loss 0.2169 (0.1846)
INFO - 2022-11-21 18:23:30,145 - train_model.py - Epoch: [9][190/253]	Time 9.536 (9.558)	Data 0.096 (0.091)	Loss 0.1742 (0.1846)
INFO - 2022-11-21 18:25:05,667 - train_model.py - Epoch: [9][200/253]	Time 9.570 (9.558)	Data 0.097 (0.091)	Loss 0.2137 (0.1854)
INFO - 2022-11-21 18:26:41,005 - train_model.py - Epoch: [9][210/253]	Time 9.548 (9.557)	Data 0.081 (0.091)	Loss 0.1964 (0.1851)
INFO - 2022-11-21 18:28:15,321 - train_model.py - Epoch: [9][220/253]	Time 9.543 (9.551)	Data 0.090 (0.091)	Loss 0.2026 (0.1854)
INFO - 2022-11-21 18:29:50,807 - train_model.py - Epoch: [9][230/253]	Time 9.526 (9.551)	Data 0.079 (0.091)	Loss 0.1913 (0.1854)
INFO - 2022-11-21 18:31:26,149 - train_model.py - Epoch: [9][240/253]	Time 9.496 (9.550)	Data 0.095 (0.091)	Loss 0.1893 (0.1853)
INFO - 2022-11-21 18:33:01,653 - train_model.py - Epoch: [9][250/253]	Time 9.539 (9.550)	Data 0.093 (0.091)	Loss 0.2176 (0.1852)
Test: [0/50]	Time 0.595 (0.595)	Loss 0.3478 (0.3478)
Test: [10/50]	Time 1.167 (0.955)	Loss 0.2037 (0.2557)
Test: [20/50]	Time 1.471 (1.140)	Loss 0.1986 (0.2368)
Test: [30/50]	Time 1.821 (1.304)	Loss 0.1971 (0.2265)
Test: [40/50]	Time 2.260 (1.480)	Loss 0.2351 (0.2251)
INFO - 2022-11-21 18:34:41,873 - train_model.py - Epoch: [10][0/253]	Time 8.394 (8.394)	Data 0.094 (0.094)	Loss 0.1848 (0.1848)
INFO - 2022-11-21 18:36:14,617 - train_model.py - Epoch: [10][10/253]	Time 9.619 (9.194)	Data 0.104 (0.091)	Loss 0.1721 (0.1781)
INFO - 2022-11-21 18:37:49,874 - train_model.py - Epoch: [10][20/253]	Time 9.517 (9.352)	Data 0.096 (0.090)	Loss 0.1803 (0.1775)
INFO - 2022-11-21 18:39:25,809 - train_model.py - Epoch: [10][30/253]	Time 9.585 (9.430)	Data 0.085 (0.090)	Loss 0.1820 (0.1789)
INFO - 2022-11-21 18:41:01,273 - train_model.py - Epoch: [10][40/253]	Time 9.562 (9.458)	Data 0.088 (0.090)	Loss 0.1919 (0.1775)
INFO - 2022-11-21 18:42:37,101 - train_model.py - Epoch: [10][50/253]	Time 9.548 (9.483)	Data 0.098 (0.091)	Loss 0.1853 (0.1792)
INFO - 2022-11-21 18:44:12,197 - train_model.py - Epoch: [10][60/253]	Time 9.015 (9.487)	Data 0.079 (0.091)	Loss 0.1819 (0.1814)
INFO - 2022-11-21 18:45:47,905 - train_model.py - Epoch: [10][70/253]	Time 9.544 (9.499)	Data 0.090 (0.091)	Loss 0.1724 (0.1818)
INFO - 2022-11-21 18:47:23,570 - train_model.py - Epoch: [10][80/253]	Time 9.567 (9.507)	Data 0.098 (0.091)	Loss 0.2271 (0.1828)
INFO - 2022-11-21 18:48:59,053 - train_model.py - Epoch: [10][90/253]	Time 9.506 (9.512)	Data 0.084 (0.091)	Loss 0.2253 (0.1842)
INFO - 2022-11-21 18:50:34,503 - train_model.py - Epoch: [10][100/253]	Time 9.535 (9.515)	Data 0.089 (0.091)	Loss 0.2019 (0.1847)
INFO - 2022-11-21 18:52:10,573 - train_model.py - Epoch: [10][110/253]	Time 9.625 (9.523)	Data 0.095 (0.091)	Loss 0.1620 (0.1845)
INFO - 2022-11-21 18:53:45,973 - train_model.py - Epoch: [10][120/253]	Time 9.532 (9.525)	Data 0.090 (0.091)	Loss 0.1514 (0.1844)
INFO - 2022-11-21 18:55:21,429 - train_model.py - Epoch: [10][130/253]	Time 9.562 (9.526)	Data 0.088 (0.090)	Loss 0.1882 (0.1838)
INFO - 2022-11-21 18:56:56,757 - train_model.py - Epoch: [10][140/253]	Time 9.515 (9.527)	Data 0.090 (0.090)	Loss 0.1859 (0.1838)
INFO - 2022-11-21 18:58:32,345 - train_model.py - Epoch: [10][150/253]	Time 9.562 (9.529)	Data 0.087 (0.090)	Loss 0.1657 (0.1842)
INFO - 2022-11-21 19:00:07,808 - train_model.py - Epoch: [10][160/253]	Time 9.567 (9.530)	Data 0.082 (0.090)	Loss 0.1894 (0.1841)
INFO - 2022-11-21 19:01:43,425 - train_model.py - Epoch: [10][170/253]	Time 9.589 (9.532)	Data 0.095 (0.090)	Loss 0.1739 (0.1847)
INFO - 2022-11-21 19:03:19,223 - train_model.py - Epoch: [10][180/253]	Time 9.595 (9.534)	Data 0.089 (0.090)	Loss 0.1589 (0.1847)
INFO - 2022-11-21 19:04:54,813 - train_model.py - Epoch: [10][190/253]	Time 9.536 (9.536)	Data 0.084 (0.090)	Loss 0.1657 (0.1843)
INFO - 2022-11-21 19:06:30,216 - train_model.py - Epoch: [10][200/253]	Time 9.524 (9.536)	Data 0.096 (0.091)	Loss 0.1908 (0.1844)
INFO - 2022-11-21 19:08:05,576 - train_model.py - Epoch: [10][210/253]	Time 9.500 (9.536)	Data 0.096 (0.091)	Loss 0.1912 (0.1845)
INFO - 2022-11-21 19:09:40,741 - train_model.py - Epoch: [10][220/253]	Time 9.516 (9.535)	Data 0.090 (0.091)	Loss 0.1980 (0.1846)
INFO - 2022-11-21 19:11:15,905 - train_model.py - Epoch: [10][230/253]	Time 9.509 (9.534)	Data 0.091 (0.091)	Loss 0.1664 (0.1845)
INFO - 2022-11-21 19:12:51,565 - train_model.py - Epoch: [10][240/253]	Time 9.532 (9.536)	Data 0.092 (0.091)	Loss 0.1940 (0.1845)
INFO - 2022-11-21 19:14:26,841 - train_model.py - Epoch: [10][250/253]	Time 9.492 (9.535)	Data 0.082 (0.090)	Loss 0.1837 (0.1845)
Test: [0/50]	Time 0.604 (0.604)	Loss 0.3510 (0.3510)
Test: [10/50]	Time 1.195 (0.969)	Loss 0.2031 (0.2603)
Test: [20/50]	Time 1.466 (1.144)	Loss 0.1928 (0.2396)
Test: [30/50]	Time 1.795 (1.304)	Loss 0.1957 (0.2283)
Test: [40/50]	Time 2.267 (1.480)	Loss 0.2367 (0.2258)
INFO - 2022-11-21 19:16:08,034 - train_model.py - Epoch: [11][0/253]	Time 8.377 (8.377)	Data 0.089 (0.089)	Loss 0.1479 (0.1479)
INFO - 2022-11-21 19:17:40,286 - train_model.py - Epoch: [11][10/253]	Time 9.477 (9.148)	Data 0.089 (0.088)	Loss 0.1733 (0.1785)
INFO - 2022-11-21 19:19:15,763 - train_model.py - Epoch: [11][20/253]	Time 9.551 (9.338)	Data 0.096 (0.090)	Loss 0.2122 (0.1803)
INFO - 2022-11-21 19:20:50,753 - train_model.py - Epoch: [11][30/253]	Time 9.512 (9.390)	Data 0.094 (0.090)	Loss 0.1837 (0.1824)
INFO - 2022-11-21 19:22:26,101 - train_model.py - Epoch: [11][40/253]	Time 9.524 (9.425)	Data 0.090 (0.089)	Loss 0.1408 (0.1816)
INFO - 2022-11-21 19:24:01,160 - train_model.py - Epoch: [11][50/253]	Time 9.453 (9.441)	Data 0.080 (0.089)	Loss 0.1874 (0.1819)
INFO - 2022-11-21 19:25:36,345 - train_model.py - Epoch: [11][60/253]	Time 9.584 (9.454)	Data 0.088 (0.089)	Loss 0.1834 (0.1806)
INFO - 2022-11-21 19:27:11,773 - train_model.py - Epoch: [11][70/253]	Time 9.500 (9.466)	Data 0.086 (0.089)	Loss 0.1477 (0.1790)
INFO - 2022-11-21 19:28:46,917 - train_model.py - Epoch: [11][80/253]	Time 9.522 (9.472)	Data 0.094 (0.090)	Loss 0.1942 (0.1805)
INFO - 2022-11-21 19:30:22,305 - train_model.py - Epoch: [11][90/253]	Time 9.536 (9.480)	Data 0.094 (0.090)	Loss 0.1776 (0.1809)
INFO - 2022-11-21 19:31:57,708 - train_model.py - Epoch: [11][100/253]	Time 9.517 (9.486)	Data 0.091 (0.090)	Loss 0.1709 (0.1807)
INFO - 2022-11-21 19:33:33,245 - train_model.py - Epoch: [11][110/253]	Time 9.612 (9.492)	Data 0.084 (0.090)	Loss 0.2017 (0.1807)
INFO - 2022-11-21 19:35:08,965 - train_model.py - Epoch: [11][120/253]	Time 9.596 (9.498)	Data 0.091 (0.090)	Loss 0.1972 (0.1813)
INFO - 2022-11-21 19:36:44,293 - train_model.py - Epoch: [11][130/253]	Time 9.586 (9.501)	Data 0.087 (0.090)	Loss 0.1809 (0.1810)
INFO - 2022-11-21 19:38:20,185 - train_model.py - Epoch: [11][140/253]	Time 9.540 (9.507)	Data 0.088 (0.090)	Loss 0.1580 (0.1810)
INFO - 2022-11-21 19:39:55,877 - train_model.py - Epoch: [11][150/253]	Time 9.577 (9.511)	Data 0.087 (0.090)	Loss 0.1412 (0.1807)
INFO - 2022-11-21 19:41:31,129 - train_model.py - Epoch: [11][160/253]	Time 9.596 (9.512)	Data 0.089 (0.091)	Loss 0.1617 (0.1810)
INFO - 2022-11-21 19:43:06,373 - train_model.py - Epoch: [11][170/253]	Time 9.506 (9.513)	Data 0.084 (0.091)	Loss 0.1916 (0.1811)
INFO - 2022-11-21 19:44:41,263 - train_model.py - Epoch: [11][180/253]	Time 9.482 (9.512)	Data 0.083 (0.090)	Loss 0.2177 (0.1805)
INFO - 2022-11-21 19:46:16,245 - train_model.py - Epoch: [11][190/253]	Time 9.552 (9.511)	Data 0.092 (0.090)	Loss 0.1934 (0.1807)
INFO - 2022-11-21 19:47:51,161 - train_model.py - Epoch: [11][200/253]	Time 9.491 (9.510)	Data 0.095 (0.090)	Loss 0.2182 (0.1814)
INFO - 2022-11-21 19:49:26,237 - train_model.py - Epoch: [11][210/253]	Time 9.496 (9.510)	Data 0.084 (0.090)	Loss 0.1709 (0.1814)
INFO - 2022-11-21 19:51:01,461 - train_model.py - Epoch: [11][220/253]	Time 9.559 (9.510)	Data 0.094 (0.090)	Loss 0.1710 (0.1813)
INFO - 2022-11-21 19:52:36,749 - train_model.py - Epoch: [11][230/253]	Time 9.532 (9.511)	Data 0.084 (0.090)	Loss 0.1504 (0.1813)
INFO - 2022-11-21 19:54:11,885 - train_model.py - Epoch: [11][240/253]	Time 9.512 (9.511)	Data 0.088 (0.090)	Loss 0.1709 (0.1808)
INFO - 2022-11-21 19:55:46,917 - train_model.py - Epoch: [11][250/253]	Time 9.515 (9.511)	Data 0.096 (0.090)	Loss 0.2053 (0.1810)
Test: [0/50]	Time 0.592 (0.592)	Loss 0.3512 (0.3512)
Test: [10/50]	Time 1.146 (0.946)	Loss 0.2104 (0.2623)
Test: [20/50]	Time 1.479 (1.135)	Loss 0.2014 (0.2424)
Test: [30/50]	Time 1.794 (1.298)	Loss 0.1968 (0.2305)
Test: [40/50]	Time 2.269 (1.476)	Loss 0.2414 (0.2283)
INFO - 2022-11-21 19:57:27,365 - train_model.py - Epoch: [12][0/253]	Time 8.355 (8.355)	Data 0.092 (0.092)	Loss 0.1728 (0.1728)
INFO - 2022-11-21 19:59:00,061 - train_model.py - Epoch: [12][10/253]	Time 9.524 (9.187)	Data 0.092 (0.090)	Loss 0.1773 (0.1730)
INFO - 2022-11-21 20:00:35,697 - train_model.py - Epoch: [12][20/253]	Time 9.564 (9.366)	Data 0.098 (0.091)	Loss 0.1313 (0.1716)
INFO - 2022-11-21 20:02:11,609 - train_model.py - Epoch: [12][30/253]	Time 9.583 (9.439)	Data 0.075 (0.091)	Loss 0.1589 (0.1703)
INFO - 2022-11-21 20:03:47,584 - train_model.py - Epoch: [12][40/253]	Time 9.664 (9.477)	Data 0.093 (0.091)	Loss 0.1766 (0.1693)
INFO - 2022-11-21 20:05:23,256 - train_model.py - Epoch: [12][50/253]	Time 9.536 (9.495)	Data 0.083 (0.091)	Loss 0.1681 (0.1704)
INFO - 2022-11-21 20:06:58,597 - train_model.py - Epoch: [12][60/253]	Time 9.472 (9.501)	Data 0.094 (0.091)	Loss 0.1444 (0.1722)
INFO - 2022-11-21 20:08:33,761 - train_model.py - Epoch: [12][70/253]	Time 9.500 (9.504)	Data 0.090 (0.091)	Loss 0.1656 (0.1721)
INFO - 2022-11-21 20:10:08,406 - train_model.py - Epoch: [12][80/253]	Time 9.498 (9.499)	Data 0.093 (0.091)	Loss 0.1836 (0.1717)
INFO - 2022-11-21 20:11:43,651 - train_model.py - Epoch: [12][90/253]	Time 9.499 (9.502)	Data 0.084 (0.091)	Loss 0.1860 (0.1723)
INFO - 2022-11-21 20:13:18,073 - train_model.py - Epoch: [12][100/253]	Time 9.564 (9.496)	Data 0.090 (0.091)	Loss 0.1317 (0.1730)
INFO - 2022-11-21 20:14:52,997 - train_model.py - Epoch: [12][110/253]	Time 9.724 (9.495)	Data 0.097 (0.090)	Loss 0.1324 (0.1722)
INFO - 2022-11-21 20:16:28,101 - train_model.py - Epoch: [12][120/253]	Time 9.512 (9.497)	Data 0.086 (0.090)	Loss 0.1710 (0.1726)
INFO - 2022-11-21 20:18:03,122 - train_model.py - Epoch: [12][130/253]	Time 9.518 (9.497)	Data 0.092 (0.090)	Loss 0.1639 (0.1730)
INFO - 2022-11-21 20:19:38,025 - train_model.py - Epoch: [12][140/253]	Time 9.492 (9.497)	Data 0.081 (0.090)	Loss 0.1751 (0.1737)
INFO - 2022-11-21 20:21:12,001 - train_model.py - Epoch: [12][150/253]	Time 9.600 (9.490)	Data 0.102 (0.090)	Loss 0.1700 (0.1742)
INFO - 2022-11-21 20:22:47,613 - train_model.py - Epoch: [12][160/253]	Time 9.521 (9.494)	Data 0.096 (0.091)	Loss 0.1728 (0.1747)
INFO - 2022-11-21 20:24:22,429 - train_model.py - Epoch: [12][170/253]	Time 9.481 (9.494)	Data 0.095 (0.090)	Loss 0.2005 (0.1754)
INFO - 2022-11-21 20:25:56,989 - train_model.py - Epoch: [12][180/253]	Time 9.525 (9.492)	Data 0.092 (0.090)	Loss 0.1770 (0.1758)
INFO - 2022-11-21 20:27:31,879 - train_model.py - Epoch: [12][190/253]	Time 9.538 (9.491)	Data 0.091 (0.090)	Loss 0.1710 (0.1761)
INFO - 2022-11-21 20:29:06,981 - train_model.py - Epoch: [12][200/253]	Time 9.496 (9.492)	Data 0.091 (0.090)	Loss 0.1652 (0.1761)
INFO - 2022-11-21 20:30:40,605 - train_model.py - Epoch: [12][210/253]	Time 9.536 (9.486)	Data 0.098 (0.090)	Loss 0.2145 (0.1763)
INFO - 2022-11-21 20:32:15,613 - train_model.py - Epoch: [12][220/253]	Time 9.463 (9.487)	Data 0.087 (0.090)	Loss 0.1672 (0.1765)
INFO - 2022-11-21 20:33:50,446 - train_model.py - Epoch: [12][230/253]	Time 9.501 (9.487)	Data 0.085 (0.090)	Loss 0.1516 (0.1761)
INFO - 2022-11-21 20:35:25,118 - train_model.py - Epoch: [12][240/253]	Time 9.441 (9.486)	Data 0.093 (0.090)	Loss 0.1718 (0.1763)
INFO - 2022-11-21 20:36:59,170 - train_model.py - Epoch: [12][250/253]	Time 8.993 (9.483)	Data 0.085 (0.090)	Loss 0.1672 (0.1765)
Test: [0/50]	Time 0.601 (0.601)	Loss 0.3294 (0.3294)
Test: [10/50]	Time 1.148 (0.945)	Loss 0.1985 (0.2443)
Test: [20/50]	Time 1.476 (1.122)	Loss 0.1866 (0.2260)
Test: [30/50]	Time 1.803 (1.291)	Loss 0.1931 (0.2176)
Test: [40/50]	Time 2.285 (1.471)	Loss 0.2360 (0.2181)
INFO - 2022-11-21 20:38:39,598 - train_model.py - Epoch: [13][0/253]	Time 8.386 (8.386)	Data 0.088 (0.088)	Loss 0.1729 (0.1729)
INFO - 2022-11-21 20:40:12,421 - train_model.py - Epoch: [13][10/253]	Time 9.566 (9.201)	Data 0.091 (0.090)	Loss 0.1734 (0.1735)
INFO - 2022-11-21 20:41:47,999 - train_model.py - Epoch: [13][20/253]	Time 9.590 (9.371)	Data 0.092 (0.091)	Loss 0.1677 (0.1701)
INFO - 2022-11-21 20:43:23,772 - train_model.py - Epoch: [13][30/253]	Time 9.631 (9.437)	Data 0.097 (0.091)	Loss 0.1853 (0.1706)
INFO - 2022-11-21 20:44:59,649 - train_model.py - Epoch: [13][40/253]	Time 9.508 (9.474)	Data 0.079 (0.091)	Loss 0.1712 (0.1711)
INFO - 2022-11-21 20:46:35,313 - train_model.py - Epoch: [13][50/253]	Time 9.601 (9.492)	Data 0.085 (0.091)	Loss 0.1583 (0.1717)
INFO - 2022-11-21 20:48:11,009 - train_model.py - Epoch: [13][60/253]	Time 9.560 (9.505)	Data 0.094 (0.092)	Loss 0.1838 (0.1717)
INFO - 2022-11-21 20:49:46,393 - train_model.py - Epoch: [13][70/253]	Time 9.473 (9.510)	Data 0.090 (0.092)	Loss 0.2093 (0.1725)
INFO - 2022-11-21 20:51:21,401 - train_model.py - Epoch: [13][80/253]	Time 9.532 (9.508)	Data 0.087 (0.091)	Loss 0.1589 (0.1713)
INFO - 2022-11-21 20:52:56,505 - train_model.py - Epoch: [13][90/253]	Time 9.441 (9.509)	Data 0.091 (0.091)	Loss 0.1594 (0.1721)
INFO - 2022-11-21 20:54:31,213 - train_model.py - Epoch: [13][100/253]	Time 9.434 (9.505)	Data 0.079 (0.091)	Loss 0.1497 (0.1721)
INFO - 2022-11-21 20:56:06,232 - train_model.py - Epoch: [13][110/253]	Time 9.552 (9.505)	Data 0.088 (0.091)	Loss 0.1945 (0.1724)
INFO - 2022-11-21 20:57:41,500 - train_model.py - Epoch: [13][120/253]	Time 9.524 (9.507)	Data 0.084 (0.091)	Loss 0.1795 (0.1732)
INFO - 2022-11-21 20:59:17,032 - train_model.py - Epoch: [13][130/253]	Time 9.552 (9.510)	Data 0.092 (0.091)	Loss 0.1979 (0.1732)
INFO - 2022-11-21 21:00:52,321 - train_model.py - Epoch: [13][140/253]	Time 9.484 (9.511)	Data 0.086 (0.091)	Loss 0.1419 (0.1731)
INFO - 2022-11-21 21:02:27,261 - train_model.py - Epoch: [13][150/253]	Time 9.496 (9.510)	Data 0.097 (0.091)	Loss 0.1890 (0.1736)
INFO - 2022-11-21 21:04:02,104 - train_model.py - Epoch: [13][160/253]	Time 9.467 (9.509)	Data 0.084 (0.091)	Loss 0.1437 (0.1731)
INFO - 2022-11-21 21:05:36,941 - train_model.py - Epoch: [13][170/253]	Time 9.474 (9.507)	Data 0.082 (0.091)	Loss 0.1777 (0.1728)
INFO - 2022-11-21 21:07:09,793 - train_model.py - Epoch: [13][180/253]	Time 7.555 (9.495)	Data 0.073 (0.091)	Loss 0.1905 (0.1731)
INFO - 2022-11-21 21:08:44,905 - train_model.py - Epoch: [13][190/253]	Time 9.296 (9.496)	Data 0.081 (0.090)	Loss 0.1895 (0.1734)
INFO - 2022-11-21 21:10:20,513 - train_model.py - Epoch: [13][200/253]	Time 9.509 (9.499)	Data 0.086 (0.090)	Loss 0.1804 (0.1734)
INFO - 2022-11-21 21:11:55,803 - train_model.py - Epoch: [13][210/253]	Time 9.577 (9.500)	Data 0.080 (0.090)	Loss 0.1903 (0.1741)
INFO - 2022-11-21 21:13:31,265 - train_model.py - Epoch: [13][220/253]	Time 9.548 (9.502)	Data 0.082 (0.090)	Loss 0.1689 (0.1739)
INFO - 2022-11-21 21:15:06,749 - train_model.py - Epoch: [13][230/253]	Time 9.456 (9.504)	Data 0.089 (0.091)	Loss 0.1650 (0.1740)
INFO - 2022-11-21 21:16:41,697 - train_model.py - Epoch: [13][240/253]	Time 9.583 (9.504)	Data 0.105 (0.090)	Loss 0.1790 (0.1737)
INFO - 2022-11-21 21:18:17,561 - train_model.py - Epoch: [13][250/253]	Time 9.572 (9.507)	Data 0.092 (0.090)	Loss 0.1539 (0.1737)
Test: [0/50]	Time 0.592 (0.592)	Loss 0.3541 (0.3541)
Test: [10/50]	Time 1.177 (0.953)	Loss 0.2041 (0.2596)
Test: [20/50]	Time 1.471 (1.138)	Loss 0.1952 (0.2396)
Test: [30/50]	Time 1.812 (1.301)	Loss 0.1958 (0.2282)
Test: [40/50]	Time 2.276 (1.479)	Loss 0.2343 (0.2255)
INFO - 2022-11-21 21:19:58,313 - train_model.py - Epoch: [14][0/253]	Time 8.382 (8.382)	Data 0.082 (0.082)	Loss 0.1589 (0.1589)
INFO - 2022-11-21 21:21:31,046 - train_model.py - Epoch: [14][10/253]	Time 9.564 (9.192)	Data 0.094 (0.091)	Loss 0.1633 (0.1667)
INFO - 2022-11-21 21:23:05,785 - train_model.py - Epoch: [14][20/253]	Time 9.540 (9.326)	Data 0.093 (0.092)	Loss 0.1710 (0.1712)
INFO - 2022-11-21 21:24:41,208 - train_model.py - Epoch: [14][30/253]	Time 9.576 (9.396)	Data 0.089 (0.092)	Loss 0.1600 (0.1683)
INFO - 2022-11-21 21:26:16,616 - train_model.py - Epoch: [14][40/253]	Time 9.555 (9.431)	Data 0.089 (0.091)	Loss 0.1353 (0.1643)
INFO - 2022-11-21 21:27:51,730 - train_model.py - Epoch: [14][50/253]	Time 9.438 (9.447)	Data 0.082 (0.090)	Loss 0.1704 (0.1653)
INFO - 2022-11-21 21:29:26,825 - train_model.py - Epoch: [14][60/253]	Time 9.497 (9.457)	Data 0.093 (0.090)	Loss 0.1658 (0.1657)
INFO - 2022-11-21 21:31:02,212 - train_model.py - Epoch: [14][70/253]	Time 9.495 (9.469)	Data 0.095 (0.090)	Loss 0.1638 (0.1665)
INFO - 2022-11-21 21:32:37,309 - train_model.py - Epoch: [14][80/253]	Time 9.490 (9.474)	Data 0.093 (0.090)	Loss 0.1904 (0.1666)
INFO - 2022-11-21 21:34:11,766 - train_model.py - Epoch: [14][90/253]	Time 9.488 (9.471)	Data 0.097 (0.090)	Loss 0.1668 (0.1665)
INFO - 2022-11-21 21:35:46,897 - train_model.py - Epoch: [14][100/253]	Time 9.540 (9.475)	Data 0.101 (0.090)	Loss 0.1563 (0.1666)
INFO - 2022-11-21 21:37:22,538 - train_model.py - Epoch: [14][110/253]	Time 9.493 (9.483)	Data 0.088 (0.090)	Loss 0.1305 (0.1662)
INFO - 2022-11-21 21:38:57,964 - train_model.py - Epoch: [14][120/253]	Time 9.641 (9.488)	Data 0.087 (0.091)	Loss 0.1705 (0.1670)
INFO - 2022-11-21 21:40:33,153 - train_model.py - Epoch: [14][130/253]	Time 9.697 (9.490)	Data 0.091 (0.090)	Loss 0.1800 (0.1674)
INFO - 2022-11-21 21:42:08,873 - train_model.py - Epoch: [14][140/253]	Time 9.592 (9.496)	Data 0.090 (0.090)	Loss 0.1911 (0.1677)
INFO - 2022-11-21 21:43:44,417 - train_model.py - Epoch: [14][150/253]	Time 9.500 (9.500)	Data 0.093 (0.090)	Loss 0.2090 (0.1681)
INFO - 2022-11-21 21:45:19,493 - train_model.py - Epoch: [14][160/253]	Time 9.515 (9.500)	Data 0.082 (0.090)	Loss 0.1603 (0.1680)
INFO - 2022-11-21 21:46:54,606 - train_model.py - Epoch: [14][170/253]	Time 9.504 (9.501)	Data 0.086 (0.090)	Loss 0.1544 (0.1677)
INFO - 2022-11-21 21:48:29,841 - train_model.py - Epoch: [14][180/253]	Time 9.549 (9.502)	Data 0.101 (0.090)	Loss 0.1970 (0.1682)
INFO - 2022-11-21 21:50:04,826 - train_model.py - Epoch: [14][190/253]	Time 9.448 (9.502)	Data 0.088 (0.090)	Loss 0.1538 (0.1682)
INFO - 2022-11-21 21:51:39,956 - train_model.py - Epoch: [14][200/253]	Time 9.544 (9.503)	Data 0.094 (0.090)	Loss 0.1591 (0.1683)
INFO - 2022-11-21 21:53:15,225 - train_model.py - Epoch: [14][210/253]	Time 9.530 (9.504)	Data 0.092 (0.090)	Loss 0.1564 (0.1683)
INFO - 2022-11-21 21:54:50,724 - train_model.py - Epoch: [14][220/253]	Time 9.544 (9.506)	Data 0.088 (0.090)	Loss 0.1531 (0.1685)
INFO - 2022-11-21 21:56:26,040 - train_model.py - Epoch: [14][230/253]	Time 9.523 (9.507)	Data 0.098 (0.090)	Loss 0.1730 (0.1687)
INFO - 2022-11-21 21:58:01,150 - train_model.py - Epoch: [14][240/253]	Time 9.477 (9.507)	Data 0.086 (0.090)	Loss 0.2026 (0.1691)
INFO - 2022-11-21 21:59:36,669 - train_model.py - Epoch: [14][250/253]	Time 9.605 (9.509)	Data 0.098 (0.090)	Loss 0.2137 (0.1695)
Test: [0/50]	Time 0.590 (0.590)	Loss 0.3481 (0.3481)
Test: [10/50]	Time 1.145 (0.942)	Loss 0.2014 (0.2543)
Test: [20/50]	Time 1.470 (1.130)	Loss 0.1872 (0.2334)
Test: [30/50]	Time 1.772 (1.294)	Loss 0.1924 (0.2236)
Test: [40/50]	Time 2.279 (1.474)	Loss 0.2300 (0.2218)
INFO - 2022-11-21 22:01:15,887 - train_model.py - Epoch: [15][0/253]	Time 8.352 (8.352)	Data 0.089 (0.089)	Loss 0.1606 (0.1606)
INFO - 2022-11-21 22:02:48,973 - train_model.py - Epoch: [15][10/253]	Time 9.607 (9.222)	Data 0.094 (0.090)	Loss 0.1431 (0.1560)
INFO - 2022-11-21 22:04:24,805 - train_model.py - Epoch: [15][20/253]	Time 9.617 (9.394)	Data 0.095 (0.091)	Loss 0.1519 (0.1585)
INFO - 2022-11-21 22:06:00,563 - train_model.py - Epoch: [15][30/253]	Time 9.554 (9.453)	Data 0.095 (0.091)	Loss 0.1782 (0.1583)
INFO - 2022-11-21 22:07:36,261 - train_model.py - Epoch: [15][40/253]	Time 9.578 (9.481)	Data 0.096 (0.091)	Loss 0.2027 (0.1606)
INFO - 2022-11-21 22:09:11,692 - train_model.py - Epoch: [15][50/253]	Time 9.563 (9.493)	Data 0.096 (0.091)	Loss 0.2029 (0.1611)
INFO - 2022-11-21 22:10:46,853 - train_model.py - Epoch: [15][60/253]	Time 9.467 (9.497)	Data 0.091 (0.090)	Loss 0.1532 (0.1602)
INFO - 2022-11-21 22:12:22,245 - train_model.py - Epoch: [15][70/253]	Time 9.499 (9.503)	Data 0.079 (0.091)	Loss 0.1487 (0.1613)
INFO - 2022-11-21 22:13:58,183 - train_model.py - Epoch: [15][80/253]	Time 9.609 (9.514)	Data 0.099 (0.091)	Loss 0.1538 (0.1610)
INFO - 2022-11-21 22:15:33,849 - train_model.py - Epoch: [15][90/253]	Time 9.569 (9.520)	Data 0.087 (0.091)	Loss 0.1254 (0.1620)
INFO - 2022-11-21 22:17:09,160 - train_model.py - Epoch: [15][100/253]	Time 9.529 (9.521)	Data 0.095 (0.091)	Loss 0.1530 (0.1620)
INFO - 2022-11-21 22:18:44,369 - train_model.py - Epoch: [15][110/253]	Time 9.560 (9.521)	Data 0.092 (0.091)	Loss 0.1787 (0.1626)
INFO - 2022-11-21 22:20:19,629 - train_model.py - Epoch: [15][120/253]	Time 9.533 (9.521)	Data 0.098 (0.091)	Loss 0.1483 (0.1628)
INFO - 2022-11-21 22:21:54,941 - train_model.py - Epoch: [15][130/253]	Time 9.685 (9.522)	Data 0.081 (0.091)	Loss 0.1462 (0.1621)
INFO - 2022-11-21 22:23:30,201 - train_model.py - Epoch: [15][140/253]	Time 9.532 (9.522)	Data 0.093 (0.091)	Loss 0.1937 (0.1631)
INFO - 2022-11-21 22:25:05,637 - train_model.py - Epoch: [15][150/253]	Time 9.537 (9.524)	Data 0.092 (0.091)	Loss 0.1519 (0.1635)
INFO - 2022-11-21 22:26:40,829 - train_model.py - Epoch: [15][160/253]	Time 9.405 (9.524)	Data 0.090 (0.091)	Loss 0.2151 (0.1640)
INFO - 2022-11-21 22:28:15,528 - train_model.py - Epoch: [15][170/253]	Time 9.468 (9.520)	Data 0.087 (0.091)	Loss 0.1774 (0.1641)
INFO - 2022-11-21 22:29:49,790 - train_model.py - Epoch: [15][180/253]	Time 9.470 (9.515)	Data 0.086 (0.091)	Loss 0.1378 (0.1639)
INFO - 2022-11-21 22:31:24,669 - train_model.py - Epoch: [15][190/253]	Time 9.478 (9.514)	Data 0.089 (0.091)	Loss 0.1566 (0.1642)
INFO - 2022-11-21 22:32:59,488 - train_model.py - Epoch: [15][200/253]	Time 9.465 (9.512)	Data 0.091 (0.091)	Loss 0.1547 (0.1647)
INFO - 2022-11-21 22:34:34,393 - train_model.py - Epoch: [15][210/253]	Time 9.530 (9.511)	Data 0.089 (0.091)	Loss 0.2025 (0.1650)
INFO - 2022-11-21 22:36:09,581 - train_model.py - Epoch: [15][220/253]	Time 9.552 (9.512)	Data 0.095 (0.091)	Loss 0.1758 (0.1654)
INFO - 2022-11-21 22:37:44,372 - train_model.py - Epoch: [15][230/253]	Time 9.483 (9.510)	Data 0.084 (0.091)	Loss 0.1630 (0.1655)
INFO - 2022-11-21 22:39:19,651 - train_model.py - Epoch: [15][240/253]	Time 9.559 (9.511)	Data 0.097 (0.091)	Loss 0.1811 (0.1655)
INFO - 2022-11-21 22:40:55,089 - train_model.py - Epoch: [15][250/253]	Time 9.536 (9.512)	Data 0.090 (0.091)	Loss 0.1426 (0.1654)
Test: [0/50]	Time 0.593 (0.593)	Loss 0.3325 (0.3325)
Test: [10/50]	Time 1.172 (0.965)	Loss 0.1921 (0.2375)
Test: [20/50]	Time 1.476 (1.144)	Loss 0.1764 (0.2194)
Test: [30/50]	Time 1.949 (1.310)	Loss 0.1930 (0.2116)
Test: [40/50]	Time 2.276 (1.486)	Loss 0.2357 (0.2122)
INFO - 2022-11-21 22:42:35,325 - train_model.py - Epoch: [16][0/253]	Time 8.406 (8.406)	Data 0.095 (0.095)	Loss 0.1704 (0.1704)
INFO - 2022-11-21 22:44:07,151 - train_model.py - Epoch: [16][10/253]	Time 9.271 (9.112)	Data 0.098 (0.092)	Loss 0.1411 (0.1518)
INFO - 2022-11-21 22:45:42,185 - train_model.py - Epoch: [16][20/253]	Time 9.513 (9.298)	Data 0.105 (0.091)	Loss 0.2033 (0.1529)
INFO - 2022-11-21 22:47:17,637 - train_model.py - Epoch: [16][30/253]	Time 9.516 (9.378)	Data 0.099 (0.091)	Loss 0.1391 (0.1549)
INFO - 2022-11-21 22:48:53,213 - train_model.py - Epoch: [16][40/253]	Time 9.539 (9.422)	Data 0.090 (0.090)	Loss 0.1555 (0.1557)
INFO - 2022-11-21 22:50:28,597 - train_model.py - Epoch: [16][50/253]	Time 9.480 (9.445)	Data 0.090 (0.090)	Loss 0.1490 (0.1548)
INFO - 2022-11-21 22:52:03,961 - train_model.py - Epoch: [16][60/253]	Time 9.460 (9.460)	Data 0.093 (0.091)	Loss 0.1551 (0.1545)
INFO - 2022-11-21 22:53:39,357 - train_model.py - Epoch: [16][70/253]	Time 9.516 (9.471)	Data 0.086 (0.091)	Loss 0.1756 (0.1547)
INFO - 2022-11-21 22:55:14,381 - train_model.py - Epoch: [16][80/253]	Time 9.548 (9.475)	Data 0.102 (0.091)	Loss 0.1837 (0.1565)
INFO - 2022-11-21 22:56:49,865 - train_model.py - Epoch: [16][90/253]	Time 9.509 (9.483)	Data 0.095 (0.091)	Loss 0.1723 (0.1568)
INFO - 2022-11-21 22:58:25,206 - train_model.py - Epoch: [16][100/253]	Time 9.514 (9.488)	Data 0.089 (0.091)	Loss 0.1675 (0.1585)
INFO - 2022-11-21 23:00:00,133 - train_model.py - Epoch: [16][110/253]	Time 9.474 (9.488)	Data 0.090 (0.091)	Loss 0.1916 (0.1593)
INFO - 2022-11-21 23:14:11,597 - train_model.py - Epoch: [16][120/253]	Time 185.160 (15.741)	Data 0.105 (0.092)	Loss 0.1528 (0.1594)
INFO - 2022-11-21 23:24:38,308 - train_model.py - Epoch: [16][130/253]	Time 53.597 (19.324)	Data 0.099 (0.092)	Loss 0.1713 (0.1596)
INFO - 2022-11-21 23:50:46,339 - train_model.py - Epoch: [16][140/253]	Time 129.218 (29.074)	Data 0.093 (0.093)	Loss 0.1499 (0.1603)
INFO - 2022-11-22 00:08:17,186 - train_model.py - Epoch: [16][150/253]	Time 74.881 (34.108)	Data 0.104 (0.093)	Loss 0.1602 (0.1603)
INFO - 2022-11-22 00:19:13,013 - train_model.py - Epoch: [16][160/253]	Time 60.430 (36.063)	Data 0.098 (0.094)	Loss 0.1586 (0.1608)
INFO - 2022-11-22 00:29:24,343 - train_model.py - Epoch: [16][170/253]	Time 67.727 (37.529)	Data 0.106 (0.094)	Loss 0.2008 (0.1613)
INFO - 2022-11-22 00:43:27,647 - train_model.py - Epoch: [16][180/253]	Time 99.505 (40.115)	Data 0.095 (0.094)	Loss 0.1620 (0.1616)
INFO - 2022-11-22 00:58:36,161 - train_model.py - Epoch: [16][190/253]	Time 61.975 (42.771)	Data 0.104 (0.094)	Loss 0.1480 (0.1617)
INFO - 2022-11-22 01:18:38,733 - train_model.py - Epoch: [16][200/253]	Time 25.376 (46.626)	Data 0.088 (0.095)	Loss 0.1919 (0.1624)
INFO - 2022-11-22 01:22:31,699 - train_model.py - Epoch: [16][210/253]	Time 16.175 (45.520)	Data 0.085 (0.095)	Loss 0.1761 (0.1628)
INFO - 2022-11-22 01:32:50,328 - train_model.py - Epoch: [16][220/253]	Time 17.663 (46.260)	Data 0.106 (0.095)	Loss 0.1835 (0.1636)
INFO - 2022-11-22 01:37:01,661 - train_model.py - Epoch: [16][230/253]	Time 23.156 (45.345)	Data 0.094 (0.095)	Loss 0.1531 (0.1638)
INFO - 2022-11-22 01:39:43,925 - train_model.py - Epoch: [16][240/253]	Time 12.697 (44.137)	Data 0.107 (0.095)	Loss 0.1777 (0.1642)
INFO - 2022-11-22 01:41:54,169 - train_model.py - Epoch: [16][250/253]	Time 10.863 (42.897)	Data 0.094 (0.095)	Loss 0.1798 (0.1644)
Test: [0/50]	Time 0.656 (0.656)	Loss 0.3268 (0.3268)
Test: [10/50]	Time 1.312 (1.065)	Loss 0.1935 (0.2403)
Test: [20/50]	Time 1.735 (1.295)	Loss 0.1841 (0.2231)
Test: [30/50]	Time 2.079 (1.483)	Loss 0.1888 (0.2152)
Test: [40/50]	Time 2.678 (1.698)	Loss 0.2399 (0.2157)
INFO - 2022-11-22 01:43:49,789 - train_model.py - Epoch: [17][0/253]	Time 10.057 (10.057)	Data 0.106 (0.106)	Loss 0.1722 (0.1722)
INFO - 2022-11-22 01:45:49,825 - train_model.py - Epoch: [17][10/253]	Time 12.036 (11.827)	Data 0.095 (0.093)	Loss 0.1695 (0.1581)
INFO - 2022-11-22 01:47:51,557 - train_model.py - Epoch: [17][20/253]	Time 13.336 (11.992)	Data 0.093 (0.093)	Loss 0.1528 (0.1599)
INFO - 2022-11-22 01:49:59,960 - train_model.py - Epoch: [17][30/253]	Time 11.687 (12.265)	Data 0.095 (0.094)	Loss 0.1668 (0.1606)
INFO - 2022-11-22 01:52:12,278 - train_model.py - Epoch: [17][40/253]	Time 12.265 (12.501)	Data 0.086 (0.093)	Loss 0.1527 (0.1583)
INFO - 2022-11-22 01:54:13,281 - train_model.py - Epoch: [17][50/253]	Time 13.384 (12.423)	Data 0.094 (0.093)	Loss 0.1581 (0.1585)
INFO - 2022-11-22 01:56:28,833 - train_model.py - Epoch: [17][60/253]	Time 12.972 (12.608)	Data 0.089 (0.093)	Loss 0.1463 (0.1581)
INFO - 2022-11-22 01:58:40,493 - train_model.py - Epoch: [17][70/253]	Time 11.205 (12.687)	Data 0.090 (0.093)	Loss 0.2041 (0.1589)
INFO - 2022-11-22 02:00:54,493 - train_model.py - Epoch: [17][80/253]	Time 13.540 (12.775)	Data 0.108 (0.093)	Loss 0.2096 (0.1597)
INFO - 2022-11-22 02:02:59,536 - train_model.py - Epoch: [17][90/253]	Time 12.132 (12.745)	Data 0.088 (0.094)	Loss 0.1405 (0.1591)
INFO - 2022-11-22 02:05:12,857 - train_model.py - Epoch: [17][100/253]	Time 11.349 (12.803)	Data 0.086 (0.093)	Loss 0.1337 (0.1584)
INFO - 2022-11-22 02:07:28,725 - train_model.py - Epoch: [17][110/253]	Time 17.153 (12.874)	Data 0.101 (0.094)	Loss 0.1659 (0.1593)
INFO - 2022-11-22 02:09:44,577 - train_model.py - Epoch: [17][120/253]	Time 18.375 (12.933)	Data 0.090 (0.094)	Loss 0.1639 (0.1595)
INFO - 2022-11-22 02:12:47,665 - train_model.py - Epoch: [17][130/253]	Time 12.409 (13.343)	Data 0.090 (0.094)	Loss 0.1738 (0.1591)
INFO - 2022-11-22 02:14:52,009 - train_model.py - Epoch: [17][140/253]	Time 11.763 (13.279)	Data 0.091 (0.093)	Loss 0.1615 (0.1596)
INFO - 2022-11-22 02:17:00,193 - train_model.py - Epoch: [17][150/253]	Time 12.506 (13.248)	Data 0.091 (0.093)	Loss 0.1303 (0.1588)
INFO - 2022-11-22 02:19:17,981 - train_model.py - Epoch: [17][160/253]	Time 13.740 (13.281)	Data 0.109 (0.093)	Loss 0.1713 (0.1588)
INFO - 2022-11-22 02:21:38,085 - train_model.py - Epoch: [17][170/253]	Time 14.690 (13.324)	Data 0.089 (0.093)	Loss 0.1804 (0.1587)
INFO - 2022-11-22 02:24:30,464 - train_model.py - Epoch: [17][180/253]	Time 17.173 (13.540)	Data 0.097 (0.094)	Loss 0.1445 (0.1588)
INFO - 2022-11-22 02:26:55,933 - train_model.py - Epoch: [17][190/253]	Time 18.450 (13.593)	Data 0.095 (0.094)	Loss 0.1543 (0.1587)
INFO - 2022-11-22 02:31:41,669 - train_model.py - Epoch: [17][200/253]	Time 109.328 (14.338)	Data 0.104 (0.094)	Loss 0.1812 (0.1587)
INFO - 2022-11-22 02:38:49,053 - train_model.py - Epoch: [17][210/253]	Time 34.392 (15.684)	Data 0.106 (0.095)	Loss 0.1530 (0.1594)
INFO - 2022-11-22 02:43:23,381 - train_model.py - Epoch: [17][220/253]	Time 20.969 (16.216)	Data 0.108 (0.096)	Loss 0.1564 (0.1596)
INFO - 2022-11-22 02:48:15,037 - train_model.py - Epoch: [17][230/253]	Time 28.795 (16.776)	Data 0.115 (0.096)	Loss 0.1581 (0.1598)
INFO - 2022-11-22 02:55:12,333 - train_model.py - Epoch: [17][240/253]	Time 36.652 (17.812)	Data 0.134 (0.097)	Loss 0.1431 (0.1599)
INFO - 2022-11-22 03:04:04,732 - train_model.py - Epoch: [17][250/253]	Time 16.480 (19.223)	Data 0.133 (0.098)	Loss 0.1900 (0.1600)
Test: [0/50]	Time 1.066 (1.066)	Loss 0.3119 (0.3119)
Test: [10/50]	Time 2.457 (1.804)	Loss 0.1778 (0.2254)
Test: [20/50]	Time 3.099 (2.157)	Loss 0.1766 (0.2096)
Test: [30/50]	Time 3.454 (2.505)	Loss 0.1838 (0.2040)
Test: [40/50]	Time 2.960 (2.757)	Loss 0.2320 (0.2071)
INFO - 2022-11-22 03:07:00,938 - train_model.py - Epoch: [18][0/253]	Time 14.307 (14.307)	Data 0.112 (0.112)	Loss 0.1692 (0.1692)
INFO - 2022-11-22 03:09:42,885 - train_model.py - Epoch: [18][10/253]	Time 16.917 (16.023)	Data 0.110 (0.098)	Loss 0.1757 (0.1604)
INFO - 2022-11-22 03:12:02,772 - train_model.py - Epoch: [18][20/253]	Time 13.865 (15.054)	Data 0.098 (0.097)	Loss 0.1363 (0.1549)
INFO - 2022-11-22 03:14:37,083 - train_model.py - Epoch: [18][30/253]	Time 16.262 (15.176)	Data 0.113 (0.096)	Loss 0.1672 (0.1521)
INFO - 2022-11-22 03:18:52,157 - train_model.py - Epoch: [18][40/253]	Time 53.160 (17.696)	Data 0.105 (0.097)	Loss 0.1200 (0.1515)
INFO - 2022-11-22 03:22:06,639 - train_model.py - Epoch: [18][50/253]	Time 16.374 (18.039)	Data 0.088 (0.097)	Loss 0.1231 (0.1521)
INFO - 2022-11-22 03:25:03,048 - train_model.py - Epoch: [18][60/253]	Time 9.532 (17.974)	Data 0.088 (0.097)	Loss 0.1462 (0.1518)
INFO - 2022-11-22 03:27:41,845 - train_model.py - Epoch: [18][70/253]	Time 23.058 (17.679)	Data 0.091 (0.096)	Loss 0.1488 (0.1525)
INFO - 2022-11-22 03:32:00,600 - train_model.py - Epoch: [18][80/253]	Time 38.064 (18.691)	Data 0.113 (0.096)	Loss 0.1849 (0.1529)
INFO - 2022-11-22 03:35:28,000 - train_model.py - Epoch: [18][90/253]	Time 43.875 (18.916)	Data 0.084 (0.096)	Loss 0.1273 (0.1523)
INFO - 2022-11-22 03:40:44,733 - train_model.py - Epoch: [18][100/253]	Time 27.893 (20.179)	Data 0.101 (0.096)	Loss 0.1573 (0.1522)
INFO - 2022-11-22 03:42:56,441 - train_model.py - Epoch: [18][110/253]	Time 11.556 (19.548)	Data 0.142 (0.097)	Loss 0.1131 (0.1526)
INFO - 2022-11-22 03:44:59,173 - train_model.py - Epoch: [18][120/253]	Time 11.421 (18.947)	Data 0.118 (0.098)	Loss 0.1732 (0.1532)
INFO - 2022-11-22 03:46:54,361 - train_model.py - Epoch: [18][130/253]	Time 11.518 (18.380)	Data 0.155 (0.100)	Loss 0.1556 (0.1537)
INFO - 2022-11-22 03:48:48,665 - train_model.py - Epoch: [18][140/253]	Time 11.096 (17.887)	Data 0.110 (0.102)	Loss 0.1762 (0.1547)
INFO - 2022-11-22 03:50:45,062 - train_model.py - Epoch: [18][150/253]	Time 11.230 (17.473)	Data 0.110 (0.103)	Loss 0.1756 (0.1549)
INFO - 2022-11-22 03:52:44,609 - train_model.py - Epoch: [18][160/253]	Time 11.456 (17.130)	Data 0.133 (0.104)	Loss 0.1277 (0.1548)
INFO - 2022-11-22 03:54:41,341 - train_model.py - Epoch: [18][170/253]	Time 11.464 (16.811)	Data 0.134 (0.105)	Loss 0.1872 (0.1555)
INFO - 2022-11-22 03:56:37,804 - train_model.py - Epoch: [18][180/253]	Time 11.443 (16.526)	Data 0.104 (0.106)	Loss 0.1663 (0.1551)
INFO - 2022-11-22 03:58:33,769 - train_model.py - Epoch: [18][190/253]	Time 11.828 (16.268)	Data 0.152 (0.107)	Loss 0.1597 (0.1554)
INFO - 2022-11-22 04:00:30,830 - train_model.py - Epoch: [18][200/253]	Time 11.321 (16.041)	Data 0.121 (0.108)	Loss 0.1496 (0.1556)
INFO - 2022-11-22 04:02:28,300 - train_model.py - Epoch: [18][210/253]	Time 12.339 (15.837)	Data 0.136 (0.108)	Loss 0.1744 (0.1556)
INFO - 2022-11-22 04:04:24,372 - train_model.py - Epoch: [18][220/253]	Time 11.727 (15.646)	Data 0.106 (0.109)	Loss 0.1899 (0.1560)
INFO - 2022-11-22 04:06:22,269 - train_model.py - Epoch: [18][230/253]	Time 11.512 (15.479)	Data 0.117 (0.110)	Loss 0.1551 (0.1565)
INFO - 2022-11-22 04:08:18,729 - train_model.py - Epoch: [18][240/253]	Time 11.900 (15.320)	Data 0.124 (0.110)	Loss 0.1666 (0.1571)
INFO - 2022-11-22 04:10:14,420 - train_model.py - Epoch: [18][250/253]	Time 11.212 (15.170)	Data 0.163 (0.111)	Loss 0.1959 (0.1573)
Test: [0/50]	Time 0.718 (0.718)	Loss 0.3181 (0.3181)
Test: [10/50]	Time 1.409 (1.209)	Loss 0.1826 (0.2281)
Test: [20/50]	Time 1.716 (1.388)	Loss 0.1647 (0.2113)
Test: [30/50]	Time 2.145 (1.568)	Loss 0.1863 (0.2055)
Test: [40/50]	Time 2.692 (1.787)	Loss 0.2452 (0.2089)
INFO - 2022-11-22 04:12:15,946 - train_model.py - Epoch: [19][0/253]	Time 9.975 (9.975)	Data 0.103 (0.103)	Loss 0.1642 (0.1642)
INFO - 2022-11-22 04:14:08,109 - train_model.py - Epoch: [19][10/253]	Time 11.780 (11.103)	Data 0.121 (0.101)	Loss 0.1278 (0.1500)
INFO - 2022-11-22 04:16:04,985 - train_model.py - Epoch: [19][20/253]	Time 11.706 (11.382)	Data 0.096 (0.099)	Loss 0.1452 (0.1486)
INFO - 2022-11-22 04:18:03,928 - train_model.py - Epoch: [19][30/253]	Time 11.215 (11.547)	Data 0.095 (0.098)	Loss 0.1465 (0.1475)
INFO - 2022-11-22 04:20:05,630 - train_model.py - Epoch: [19][40/253]	Time 17.661 (11.699)	Data 0.089 (0.098)	Loss 0.1208 (0.1479)
INFO - 2022-11-22 04:24:22,085 - train_model.py - Epoch: [19][50/253]	Time 17.394 (14.434)	Data 0.099 (0.099)	Loss 0.1627 (0.1500)
INFO - 2022-11-22 04:29:14,657 - train_model.py - Epoch: [19][60/253]	Time 28.105 (16.864)	Data 0.089 (0.099)	Loss 0.1390 (0.1501)
INFO - 2022-11-22 04:37:18,465 - train_model.py - Epoch: [19][70/253]	Time 96.960 (21.303)	Data 0.083 (0.099)	Loss 0.1685 (0.1503)
INFO - 2022-11-22 04:54:25,553 - train_model.py - Epoch: [19][80/253]	Time 86.659 (31.353)	Data 0.100 (0.099)	Loss 0.1252 (0.1501)
INFO - 2022-11-22 05:03:14,405 - train_model.py - Epoch: [19][90/253]	Time 36.688 (33.719)	Data 0.085 (0.099)	Loss 0.1199 (0.1493)
INFO - 2022-11-22 05:47:05,601 - train_model.py - Epoch: [19][100/253]	Time 346.183 (56.432)	Data 0.100 (0.099)	Loss 0.1596 (0.1497)
INFO - 2022-11-22 06:43:30,837 - train_model.py - Epoch: [19][110/253]	Time 321.228 (81.846)	Data 0.074 (0.099)	Loss 0.1125 (0.1488)
INFO - 2022-11-22 07:38:43,477 - train_model.py - Epoch: [19][120/253]	Time 280.648 (102.459)	Data 0.101 (0.099)	Loss 0.1673 (0.1492)
INFO - 2022-11-22 08:09:21,869 - train_model.py - Epoch: [19][130/253]	Time 38.768 (108.671)	Data 0.113 (0.099)	Loss 0.1439 (0.1488)
INFO - 2022-11-22 08:28:39,737 - train_model.py - Epoch: [19][140/253]	Time 111.776 (109.176)	Data 0.097 (0.099)	Loss 0.1592 (0.1488)
INFO - 2022-11-22 08:48:40,624 - train_model.py - Epoch: [19][150/253]	Time 249.128 (109.898)	Data 0.095 (0.099)	Loss 0.1688 (0.1487)
INFO - 2022-11-22 08:59:10,639 - train_model.py - Epoch: [19][160/253]	Time 23.074 (106.986)	Data 0.089 (0.099)	Loss 0.1152 (0.1487)
INFO - 2022-11-22 09:03:36,354 - train_model.py - Epoch: [19][170/253]	Time 12.474 (102.283)	Data 0.088 (0.099)	Loss 0.1410 (0.1491)
INFO - 2022-11-22 09:08:07,001 - train_model.py - Epoch: [19][180/253]	Time 32.485 (98.127)	Data 0.092 (0.099)	Loss 0.1871 (0.1502)
INFO - 2022-11-22 09:12:50,326 - train_model.py - Epoch: [19][190/253]	Time 16.313 (94.473)	Data 0.093 (0.099)	Loss 0.1672 (0.1507)
INFO - 2022-11-22 09:17:04,457 - train_model.py - Epoch: [19][200/253]	Time 20.399 (91.037)	Data 0.099 (0.099)	Loss 0.1469 (0.1514)
INFO - 2022-11-22 09:21:23,949 - train_model.py - Epoch: [19][210/253]	Time 12.080 (87.952)	Data 0.090 (0.099)	Loss 0.1203 (0.1512)
INFO - 2022-11-22 09:23:32,167 - train_model.py - Epoch: [19][220/253]	Time 11.668 (84.553)	Data 0.096 (0.099)	Loss 0.1454 (0.1514)
INFO - 2022-11-22 09:30:18,105 - train_model.py - Epoch: [19][230/253]	Time 20.564 (82.650)	Data 0.101 (0.098)	Loss 0.1870 (0.1518)
INFO - 2022-11-22 09:35:14,709 - train_model.py - Epoch: [19][240/253]	Time 27.686 (80.451)	Data 0.107 (0.099)	Loss 0.1811 (0.1523)
INFO - 2022-11-22 09:39:55,061 - train_model.py - Epoch: [19][250/253]	Time 39.656 (78.363)	Data 0.089 (0.099)	Loss 0.1180 (0.1525)
Test: [0/50]	Time 2.551 (2.551)	Loss 0.3106 (0.3106)
Test: [10/50]	Time 3.646 (2.886)	Loss 0.1778 (0.2237)
Test: [20/50]	Time 5.556 (3.498)	Loss 0.1701 (0.2080)
Test: [30/50]	Time 3.712 (3.813)	Loss 0.1853 (0.2029)
Test: [40/50]	Time 5.904 (3.884)	Loss 0.2470 (0.2072)
INFO - 2022-11-22 09:44:30,689 - train_model.py - Epoch: [20][0/253]	Time 26.440 (26.440)	Data 0.105 (0.105)	Loss 0.1144 (0.1144)
INFO - 2022-11-22 09:47:51,093 - train_model.py - Epoch: [20][10/253]	Time 28.404 (20.622)	Data 0.097 (0.096)	Loss 0.1277 (0.1468)
INFO - 2022-11-22 09:51:03,865 - train_model.py - Epoch: [20][20/253]	Time 20.231 (19.982)	Data 0.096 (0.097)	Loss 0.1298 (0.1474)
INFO - 2022-11-22 09:54:22,612 - train_model.py - Epoch: [20][30/253]	Time 19.655 (19.947)	Data 0.090 (0.097)	Loss 0.1265 (0.1462)
INFO - 2022-11-22 09:57:37,562 - train_model.py - Epoch: [20][40/253]	Time 21.242 (19.837)	Data 0.103 (0.097)	Loss 0.1449 (0.1433)
INFO - 2022-11-22 10:00:29,805 - train_model.py - Epoch: [20][50/253]	Time 16.402 (19.325)	Data 0.100 (0.096)	Loss 0.1375 (0.1431)
INFO - 2022-11-22 10:03:19,209 - train_model.py - Epoch: [20][60/253]	Time 14.914 (18.934)	Data 0.098 (0.096)	Loss 0.1627 (0.1432)
INFO - 2022-11-22 10:08:12,705 - train_model.py - Epoch: [20][70/253]	Time 32.704 (20.401)	Data 0.093 (0.096)	Loss 0.1399 (0.1434)
INFO - 2022-11-22 10:13:58,195 - train_model.py - Epoch: [20][80/253]	Time 49.744 (22.147)	Data 0.103 (0.096)	Loss 0.1506 (0.1432)
INFO - 2022-11-22 10:18:48,667 - train_model.py - Epoch: [20][90/253]	Time 67.767 (22.906)	Data 0.101 (0.096)	Loss 0.1319 (0.1432)
INFO - 2022-11-22 10:21:20,688 - train_model.py - Epoch: [20][100/253]	Time 10.990 (22.143)	Data 0.099 (0.096)	Loss 0.1581 (0.1444)
INFO - 2022-11-22 10:24:49,194 - train_model.py - Epoch: [20][110/253]	Time 21.160 (22.027)	Data 0.108 (0.097)	Loss 0.1626 (0.1446)
INFO - 2022-11-22 10:29:01,993 - train_model.py - Epoch: [20][120/253]	Time 23.684 (22.295)	Data 0.094 (0.096)	Loss 0.1449 (0.1453)
INFO - 2022-11-22 10:34:09,021 - train_model.py - Epoch: [20][130/253]	Time 37.339 (22.937)	Data 0.087 (0.096)	Loss 0.1311 (0.1457)
INFO - 2022-11-22 10:38:00,329 - train_model.py - Epoch: [20][140/253]	Time 13.844 (22.951)	Data 0.098 (0.096)	Loss 0.1572 (0.1462)
INFO - 2022-11-22 10:42:35,442 - train_model.py - Epoch: [20][150/253]	Time 76.502 (23.253)	Data 0.088 (0.096)	Loss 0.1502 (0.1459)
INFO - 2022-11-22 10:46:53,055 - train_model.py - Epoch: [20][160/253]	Time 21.463 (23.409)	Data 0.083 (0.096)	Loss 0.1494 (0.1459)
INFO - 2022-11-22 10:51:45,065 - train_model.py - Epoch: [20][170/253]	Time 20.396 (23.747)	Data 0.105 (0.096)	Loss 0.1303 (0.1461)
INFO - 2022-11-22 10:56:37,824 - train_model.py - Epoch: [20][180/253]	Time 73.243 (24.053)	Data 0.094 (0.096)	Loss 0.1488 (0.1466)
INFO - 2022-11-22 10:59:24,525 - train_model.py - Epoch: [20][190/253]	Time 16.628 (23.666)	Data 0.099 (0.096)	Loss 0.1622 (0.1469)
INFO - 2022-11-22 11:03:11,490 - train_model.py - Epoch: [20][200/253]	Time 27.272 (23.618)	Data 0.103 (0.097)	Loss 0.1822 (0.1472)
INFO - 2022-11-22 11:07:15,589 - train_model.py - Epoch: [20][210/253]	Time 21.609 (23.656)	Data 0.104 (0.097)	Loss 0.1644 (0.1474)
INFO - 2022-11-22 11:10:54,942 - train_model.py - Epoch: [20][220/253]	Time 19.650 (23.578)	Data 0.106 (0.097)	Loss 0.1649 (0.1479)
INFO - 2022-11-22 11:16:18,009 - train_model.py - Epoch: [20][230/253]	Time 58.035 (23.956)	Data 0.101 (0.097)	Loss 0.1420 (0.1482)
INFO - 2022-11-22 11:22:13,157 - train_model.py - Epoch: [20][240/253]	Time 36.535 (24.435)	Data 0.108 (0.097)	Loss 0.1774 (0.1485)
INFO - 2022-11-22 11:28:39,125 - train_model.py - Epoch: [20][250/253]	Time 37.951 (25.000)	Data 0.100 (0.097)	Loss 0.1570 (0.1485)
Test: [0/50]	Time 2.485 (2.485)	Loss 0.3390 (0.3390)
Test: [10/50]	Time 4.891 (4.129)	Loss 0.2039 (0.2542)
Test: [20/50]	Time 5.289 (4.648)	Loss 0.1898 (0.2353)
Test: [30/50]	Time 7.230 (5.178)	Loss 0.2045 (0.2265)
Test: [40/50]	Time 7.184 (5.666)	Loss 0.2464 (0.2258)
INFO - 2022-11-22 11:35:10,645 - train_model.py - Epoch: [21][0/253]	Time 31.607 (31.607)	Data 0.126 (0.126)	Loss 0.1614 (0.1614)
INFO - 2022-11-22 11:41:00,821 - train_model.py - Epoch: [21][10/253]	Time 35.328 (34.708)	Data 0.101 (0.106)	Loss 0.1467 (0.1427)
INFO - 2022-11-22 11:46:57,489 - train_model.py - Epoch: [21][20/253]	Time 36.959 (35.164)	Data 0.100 (0.103)	Loss 0.1667 (0.1386)
INFO - 2022-11-22 11:52:59,800 - train_model.py - Epoch: [21][30/253]	Time 36.100 (35.508)	Data 0.109 (0.103)	Loss 0.1866 (0.1416)
INFO - 2022-11-22 11:59:03,351 - train_model.py - Epoch: [21][40/253]	Time 36.302 (35.715)	Data 0.100 (0.102)	Loss 0.1212 (0.1406)
